[ 50%] Built target rpm_pub
[ 75%] [32mBuilding CXX object CMakeFiles/speed_calc.dir/src/speed_calc.cpp.o[0m
[100%] [32m[1mLinking CXX executable speed_calc[0m
[100%] Built target speed_calc
-- Install configuration: ""
-- Execute custom install script
-- Up-to-date symlink: /home/ubuntu/ROS2/ros_workspace_name/param_launch_pub_sub_ws/install/param_launch_pub_sub_pkg/lib/param_launch_pub_sub_pkg/rpm_pub
-- Symlinking: /home/ubuntu/ROS2/ros_workspace_name/param_launch_pub_sub_ws/install/param_launch_pub_sub_pkg/lib/param_launch_pub_sub_pkg/speed_calc
-- Symlinking: /home/ubuntu/ROS2/ros_workspace_name/param_launch_pub_sub_ws/install/param_launch_pub_sub_pkg/share/param_launch_pub_sub_pkg//launch/rpm_node.launch.py
-- Up-to-date symlink: /home/ubuntu/ROS2/ros_workspace_name/param_launch_pub_sub_ws/install/param_launch_pub_sub_pkg/share/ament_index/resource_index/package_run_dependencies/param_launch_pub_sub_pkg
-- Up-to-date symlink: /home/ubuntu/ROS2/ros_workspace_name/param_launch_pub_sub_ws/install/param_launch_pub_sub_pkg/share/ament_index/resource_index/parent_prefix_path/param_launch_pub_sub_pkg
-- Up-to-date symlink: /home/ubuntu/ROS2/ros_workspace_name/param_launch_pub_sub_ws/install/param_launch_pub_sub_pkg/share/param_launch_pub_sub_pkg/environment/ament_prefix_path.sh
-- Up-to-date symlink: /home/ubuntu/ROS2/ros_workspace_name/param_launch_pub_sub_ws/install/param_launch_pub_sub_pkg/share/param_launch_pub_sub_pkg/environment/ament_prefix_path.dsv
-- Up-to-date symlink: /home/ubuntu/ROS2/ros_workspace_name/param_launch_pub_sub_ws/install/param_launch_pub_sub_pkg/share/param_launch_pub_sub_pkg/environment/path.sh
-- Up-to-date symlink: /home/ubuntu/ROS2/ros_workspace_name/param_launch_pub_sub_ws/install/param_launch_pub_sub_pkg/share/param_launch_pub_sub_pkg/environment/path.dsv
-- Up-to-date symlink: /home/ubuntu/ROS2/ros_workspace_name/param_launch_pub_sub_ws/install/param_launch_pub_sub_pkg/share/param_launch_pub_sub_pkg/local_setup.bash
-- Up-to-date symlink: /home/ubuntu/ROS2/ros_workspace_name/param_launch_pub_sub_ws/install/param_launch_pub_sub_pkg/share/param_launch_pub_sub_pkg/local_setup.sh
-- Up-to-date symlink: /home/ubuntu/ROS2/ros_workspace_name/param_launch_pub_sub_ws/install/param_launch_pub_sub_pkg/share/param_launch_pub_sub_pkg/local_setup.zsh
-- Up-to-date symlink: /home/ubuntu/ROS2/ros_workspace_name/param_launch_pub_sub_ws/install/param_launch_pub_sub_pkg/share/param_launch_pub_sub_pkg/local_setup.dsv
-- Symlinking: /home/ubuntu/ROS2/ros_workspace_name/param_launch_pub_sub_ws/install/param_launch_pub_sub_pkg/share/param_launch_pub_sub_pkg/package.dsv
-- Up-to-date symlink: /home/ubuntu/ROS2/ros_workspace_name/param_launch_pub_sub_ws/install/param_launch_pub_sub_pkg/share/ament_index/resource_index/packages/param_launch_pub_sub_pkg
-- Up-to-date symlink: /home/ubuntu/ROS2/ros_workspace_name/param_launch_pub_sub_ws/install/param_launch_pub_sub_pkg/share/param_launch_pub_sub_pkg/cmake/param_launch_pub_sub_pkgConfig.cmake
-- Up-to-date symlink: /home/ubuntu/ROS2/ros_workspace_name/param_launch_pub_sub_ws/install/param_launch_pub_sub_pkg/share/param_launch_pub_sub_pkg/cmake/param_launch_pub_sub_pkgConfig-version.cmake
-- Up-to-date symlink: /home/ubuntu/ROS2/ros_workspace_name/param_launch_pub_sub_ws/install/param_launch_pub_sub_pkg/share/param_launch_pub_sub_pkg/package.xml
