-- The C compiler identification is GNU 13.3.0
-- The CXX compiler identification is GNU 13.3.0
-- Detecting C compiler ABI info
-- Detecting C compiler ABI info - done
-- Check for working C compiler: /usr/bin/cc - skipped
-- Detecting C compile features
-- Detecting C compile features - done
-- Detecting CXX compiler ABI info
-- Detecting CXX compiler ABI info - done
-- Check for working CXX compiler: /usr/bin/c++ - skipped
-- Detecting CXX compile features
-- Detecting CXX compile features - done
-- Found ament_cmake: 2.5.4 (/opt/ros/jazzy/share/ament_cmake/cmake)
-- Found Python3: /usr/bin/python3 (found version "3.12.3") found components: Interpreter 
-- Found rosidl_default_generators: 1.6.0 (/opt/ros/jazzy/share/rosidl_default_generators/cmake)
-- Using all available rosidl_typesupport_c: rosidl_typesupport_fastrtps_c;rosidl_typesupport_introspection_c
-- Using all available rosidl_typesupport_cpp: rosidl_typesupport_fastrtps_cpp;rosidl_typesupport_introspection_cpp
-- Found rosidl_adapter: 4.6.5 (/opt/ros/jazzy/share/rosidl_adapter/cmake)
-- Found geometry_msgs: 5.3.6 (/opt/ros/jazzy/share/geometry_msgs/cmake)
-- Found action_msgs: 2.0.2 (/opt/ros/jazzy/share/action_msgs/cmake)
-- Found ament_cmake_ros: 0.12.0 (/opt/ros/jazzy/share/ament_cmake_ros/cmake)
-- Using all available rosidl_typesupport_c: rosidl_typesupport_fastrtps_c;rosidl_typesupport_introspection_c
-- Using all available rosidl_typesupport_cpp: rosidl_typesupport_fastrtps_cpp;rosidl_typesupport_introspection_cpp
-- Found python_cmake_module: 0.11.1 (/opt/ros/jazzy/share/python_cmake_module/cmake)
-- Found PythonExtra: /usr/bin/python3  
-- Found Python3: /usr/bin/python3 (found version "3.12.3") found components: Interpreter Development NumPy Development.Module Development.Embed 
-- Configuring done (5.0s)
-- Generating done (0.0s)
-- Build files have been written to: /home/ubuntu/ROS2/ros_workspace_name/act_mov_ws/build/act_mov_interfaces
[  2%] [34m[1mGenerating type hashes for ROS interfaces[0m
[  2%] Built target ament_cmake_python_copy_act_mov_interfaces
running egg_info
creating act_mov_interfaces.egg-info
writing act_mov_interfaces.egg-info/PKG-INFO
writing dependency_links to act_mov_interfaces.egg-info/dependency_links.txt
writing top-level names to act_mov_interfaces.egg-info/top_level.txt
writing manifest file 'act_mov_interfaces.egg-info/SOURCES.txt'
[  2%] Built target act_mov_interfaces__rosidl_generator_type_description
[  5%] [34m[1mGenerating C code for ROS interfaces[0m
[  8%] [34m[1mGenerating C++ code for ROS interfaces[0m
reading manifest file 'act_mov_interfaces.egg-info/SOURCES.txt'
writing manifest file 'act_mov_interfaces.egg-info/SOURCES.txt'
[  8%] Built target ament_cmake_python_build_act_mov_interfaces_egg
[  8%] Built target act_mov_interfaces__cpp
[ 11%] [32mBuilding C object CMakeFiles/act_mov_interfaces__rosidl_generator_c.dir/rosidl_generator_c/act_mov_interfaces/action/detail/navigate__description.c.o[0m
[ 14%] [32mBuilding C object CMakeFiles/act_mov_interfaces__rosidl_generator_c.dir/rosidl_generator_c/act_mov_interfaces/action/detail/navigate__type_support.c.o[0m
[ 17%] [32mBuilding C object CMakeFiles/act_mov_interfaces__rosidl_generator_c.dir/rosidl_generator_c/act_mov_interfaces/action/detail/navigate__functions.c.o[0m
[ 20%] [32m[1mLinking C shared library libact_mov_interfaces__rosidl_generator_c.so[0m
[ 20%] Built target act_mov_interfaces__rosidl_generator_c
[ 23%] [34m[1mGenerating C type support for eProsima Fast-RTPS[0m
[ 29%] [34m[1mGenerating C type support dispatch for ROS interfaces[0m
[ 32%] [34m[1mGenerating C introspection for ROS interfaces[0m
[ 35%] [34m[1mGenerating C++ introspection for ROS interfaces[0m
[ 38%] [34m[1mGenerating C++ type support dispatch for ROS interfaces[0m
[ 38%] [34m[1mGenerating C++ type support for eProsima Fast-RTPS[0m
[ 41%] [32mBuilding CXX object CMakeFiles/act_mov_interfaces__rosidl_typesupport_c.dir/rosidl_typesupport_c/act_mov_interfaces/action/navigate__type_support.cpp.o[0m
[ 44%] [32mBuilding CXX object CMakeFiles/act_mov_interfaces__rosidl_typesupport_cpp.dir/rosidl_typesupport_cpp/act_mov_interfaces/action/navigate__type_support.cpp.o[0m
[ 47%] [32m[1mLinking CXX shared library libact_mov_interfaces__rosidl_typesupport_c.so[0m
[ 50%] [32mBuilding CXX object CMakeFiles/act_mov_interfaces__rosidl_typesupport_introspection_cpp.dir/rosidl_typesupport_introspection_cpp/act_mov_interfaces/action/detail/navigate__type_support.cpp.o[0m
[ 50%] Built target act_mov_interfaces__rosidl_typesupport_c
[ 52%] [32mBuilding C object CMakeFiles/act_mov_interfaces__rosidl_typesupport_introspection_c.dir/rosidl_typesupport_introspection_c/act_mov_interfaces/action/detail/navigate__type_support.c.o[0m
[ 55%] [32m[1mLinking C shared library libact_mov_interfaces__rosidl_typesupport_introspection_c.so[0m
[ 55%] Built target act_mov_interfaces__rosidl_typesupport_introspection_c
[ 58%] [32mBuilding CXX object CMakeFiles/act_mov_interfaces__rosidl_typesupport_fastrtps_c.dir/rosidl_typesupport_fastrtps_c/act_mov_interfaces/action/detail/navigate__type_support_c.cpp.o[0m
[ 61%] [32mBuilding CXX object CMakeFiles/act_mov_interfaces__rosidl_typesupport_fastrtps_cpp.dir/rosidl_typesupport_fastrtps_cpp/act_mov_interfaces/action/detail/dds_fastrtps/navigate__type_support.cpp.o[0m
[ 64%] [32m[1mLinking CXX shared library libact_mov_interfaces__rosidl_typesupport_cpp.so[0m
[ 67%] [32m[1mLinking CXX shared library libact_mov_interfaces__rosidl_typesupport_introspection_cpp.so[0m
[ 67%] Built target act_mov_interfaces__rosidl_typesupport_cpp
[ 67%] Built target act_mov_interfaces__rosidl_typesupport_introspection_cpp
[ 70%] [32m[1mLinking CXX shared library libact_mov_interfaces__rosidl_typesupport_fastrtps_c.so[0m
[ 70%] Built target act_mov_interfaces__rosidl_typesupport_fastrtps_c
[ 73%] [32m[1mLinking CXX shared library libact_mov_interfaces__rosidl_typesupport_fastrtps_cpp.so[0m
[ 73%] Built target act_mov_interfaces__rosidl_typesupport_fastrtps_cpp
[ 73%] Built target act_mov_interfaces
[ 76%] [34m[1mGenerating Python code for ROS interfaces[0m
[ 76%] Built target act_mov_interfaces__py
[ 79%] [32mBuilding C object CMakeFiles/act_mov_interfaces__rosidl_generator_py.dir/rosidl_generator_py/act_mov_interfaces/action/_navigate_s.c.o[0m
[ 82%] [32m[1mLinking C shared library libact_mov_interfaces__rosidl_generator_py.so[0m
[ 82%] Built target act_mov_interfaces__rosidl_generator_py
[ 85%] [32mBuilding C object CMakeFiles/act_mov_interfaces_s__rosidl_typesupport_c.dir/rosidl_generator_py/act_mov_interfaces/_act_mov_interfaces_s.ep.rosidl_typesupport_c.c.o[0m
[ 88%] [32mBuilding C object CMakeFiles/act_mov_interfaces_s__rosidl_typesupport_introspection_c.dir/rosidl_generator_py/act_mov_interfaces/_act_mov_interfaces_s.ep.rosidl_typesupport_introspection_c.c.o[0m
[ 91%] [32mBuilding C object CMakeFiles/act_mov_interfaces_s__rosidl_typesupport_fastrtps_c.dir/rosidl_generator_py/act_mov_interfaces/_act_mov_interfaces_s.ep.rosidl_typesupport_fastrtps_c.c.o[0m
[ 94%] [32m[1mLinking C shared module rosidl_generator_py/act_mov_interfaces/act_mov_interfaces_s__rosidl_typesupport_c.so[0m
[ 97%] [32m[1mLinking C shared module rosidl_generator_py/act_mov_interfaces/act_mov_interfaces_s__rosidl_typesupport_fastrtps_c.so[0m
[100%] [32m[1mLinking C shared module rosidl_generator_py/act_mov_interfaces/act_mov_interfaces_s__rosidl_typesupport_introspection_c.so[0m
[100%] Built target act_mov_interfaces_s__rosidl_typesupport_c
[100%] Built target act_mov_interfaces_s__rosidl_typesupport_fastrtps_c
[100%] Built target act_mov_interfaces_s__rosidl_typesupport_introspection_c
-- Install configuration: ""
-- Installing: /home/ubuntu/ROS2/ros_workspace_name/act_mov_ws/install/act_mov_interfaces/share/ament_index/resource_index/rosidl_interfaces/act_mov_interfaces
-- Installing: /home/ubuntu/ROS2/ros_workspace_name/act_mov_ws/install/act_mov_interfaces/share/act_mov_interfaces/action/Navigate.json
-- Installing: /home/ubuntu/ROS2/ros_workspace_name/act_mov_ws/install/act_mov_interfaces/include/act_mov_interfaces/act_mov_interfaces
-- Installing: /home/ubuntu/ROS2/ros_workspace_name/act_mov_ws/install/act_mov_interfaces/include/act_mov_interfaces/act_mov_interfaces/action
-- Installing: /home/ubuntu/ROS2/ros_workspace_name/act_mov_ws/install/act_mov_interfaces/include/act_mov_interfaces/act_mov_interfaces/action/navigate.h
-- Installing: /home/ubuntu/ROS2/ros_workspace_name/act_mov_ws/install/act_mov_interfaces/include/act_mov_interfaces/act_mov_interfaces/action/detail
-- Installing: /home/ubuntu/ROS2/ros_workspace_name/act_mov_ws/install/act_mov_interfaces/include/act_mov_interfaces/act_mov_interfaces/action/detail/navigate__type_support.c
-- Installing: /home/ubuntu/ROS2/ros_workspace_name/act_mov_ws/install/act_mov_interfaces/include/act_mov_interfaces/act_mov_interfaces/action/detail/navigate__type_support.h
-- Installing: /home/ubuntu/ROS2/ros_workspace_name/act_mov_ws/install/act_mov_interfaces/include/act_mov_interfaces/act_mov_interfaces/action/detail/navigate__functions.h
-- Installing: /home/ubuntu/ROS2/ros_workspace_name/act_mov_ws/install/act_mov_interfaces/include/act_mov_interfaces/act_mov_interfaces/action/detail/navigate__functions.c
-- Installing: /home/ubuntu/ROS2/ros_workspace_name/act_mov_ws/install/act_mov_interfaces/include/act_mov_interfaces/act_mov_interfaces/action/detail/navigate__description.c
-- Installing: /home/ubuntu/ROS2/ros_workspace_name/act_mov_ws/install/act_mov_interfaces/include/act_mov_interfaces/act_mov_interfaces/action/detail/navigate__struct.h
-- Installing: /home/ubuntu/ROS2/ros_workspace_name/act_mov_ws/install/act_mov_interfaces/include/act_mov_interfaces/act_mov_interfaces/msg
-- Installing: /home/ubuntu/ROS2/ros_workspace_name/act_mov_ws/install/act_mov_interfaces/include/act_mov_interfaces/act_mov_interfaces/msg/rosidl_generator_c__visibility_control.h
-- Installing: /home/ubuntu/ROS2/ros_workspace_name/act_mov_ws/install/act_mov_interfaces/share/act_mov_interfaces/environment/library_path.sh
-- Installing: /home/ubuntu/ROS2/ros_workspace_name/act_mov_ws/install/act_mov_interfaces/share/act_mov_interfaces/environment/library_path.dsv
-- Installing: /home/ubuntu/ROS2/ros_workspace_name/act_mov_ws/install/act_mov_interfaces/lib/libact_mov_interfaces__rosidl_generator_c.so
-- Set non-toolchain portion of runtime path of "/home/ubuntu/ROS2/ros_workspace_name/act_mov_ws/install/act_mov_interfaces/lib/libact_mov_interfaces__rosidl_generator_c.so" to ""
-- Up-to-date: /home/ubuntu/ROS2/ros_workspace_name/act_mov_ws/install/act_mov_interfaces/include/act_mov_interfaces/act_mov_interfaces
-- Up-to-date: /home/ubuntu/ROS2/ros_workspace_name/act_mov_ws/install/act_mov_interfaces/include/act_mov_interfaces/act_mov_interfaces/action
-- Up-to-date: /home/ubuntu/ROS2/ros_workspace_name/act_mov_ws/install/act_mov_interfaces/include/act_mov_interfaces/act_mov_interfaces/action/detail
-- Installing: /home/ubuntu/ROS2/ros_workspace_name/act_mov_ws/install/act_mov_interfaces/include/act_mov_interfaces/act_mov_interfaces/action/detail/navigate__rosidl_typesupport_fastrtps_c.h
-- Up-to-date: /home/ubuntu/ROS2/ros_workspace_name/act_mov_ws/install/act_mov_interfaces/include/act_mov_interfaces/act_mov_interfaces/msg
-- Installing: /home/ubuntu/ROS2/ros_workspace_name/act_mov_ws/install/act_mov_interfaces/include/act_mov_interfaces/act_mov_interfaces/msg/rosidl_typesupport_fastrtps_c__visibility_control.h
-- Installing: /home/ubuntu/ROS2/ros_workspace_name/act_mov_ws/install/act_mov_interfaces/lib/libact_mov_interfaces__rosidl_typesupport_fastrtps_c.so
-- Set non-toolchain portion of runtime path of "/home/ubuntu/ROS2/ros_workspace_name/act_mov_ws/install/act_mov_interfaces/lib/libact_mov_interfaces__rosidl_typesupport_fastrtps_c.so" to ""
-- Up-to-date: /home/ubuntu/ROS2/ros_workspace_name/act_mov_ws/install/act_mov_interfaces/include/act_mov_interfaces/act_mov_interfaces
-- Up-to-date: /home/ubuntu/ROS2/ros_workspace_name/act_mov_ws/install/act_mov_interfaces/include/act_mov_interfaces/act_mov_interfaces/action
-- Up-to-date: /home/ubuntu/ROS2/ros_workspace_name/act_mov_ws/install/act_mov_interfaces/include/act_mov_interfaces/act_mov_interfaces/action/detail
-- Installing: /home/ubuntu/ROS2/ros_workspace_name/act_mov_ws/install/act_mov_interfaces/include/act_mov_interfaces/act_mov_interfaces/action/detail/navigate__type_support.c
-- Installing: /home/ubuntu/ROS2/ros_workspace_name/act_mov_ws/install/act_mov_interfaces/include/act_mov_interfaces/act_mov_interfaces/action/detail/navigate__rosidl_typesupport_introspection_c.h
-- Up-to-date: /home/ubuntu/ROS2/ros_workspace_name/act_mov_ws/install/act_mov_interfaces/include/act_mov_interfaces/act_mov_interfaces/msg
-- Installing: /home/ubuntu/ROS2/ros_workspace_name/act_mov_ws/install/act_mov_interfaces/include/act_mov_interfaces/act_mov_interfaces/msg/rosidl_typesupport_introspection_c__visibility_control.h
-- Installing: /home/ubuntu/ROS2/ros_workspace_name/act_mov_ws/install/act_mov_interfaces/lib/libact_mov_interfaces__rosidl_typesupport_introspection_c.so
-- Set non-toolchain portion of runtime path of "/home/ubuntu/ROS2/ros_workspace_name/act_mov_ws/install/act_mov_interfaces/lib/libact_mov_interfaces__rosidl_typesupport_introspection_c.so" to ""
-- Installing: /home/ubuntu/ROS2/ros_workspace_name/act_mov_ws/install/act_mov_interfaces/lib/libact_mov_interfaces__rosidl_typesupport_c.so
-- Set non-toolchain portion of runtime path of "/home/ubuntu/ROS2/ros_workspace_name/act_mov_ws/install/act_mov_interfaces/lib/libact_mov_interfaces__rosidl_typesupport_c.so" to ""
-- Up-to-date: /home/ubuntu/ROS2/ros_workspace_name/act_mov_ws/install/act_mov_interfaces/include/act_mov_interfaces/act_mov_interfaces
-- Up-to-date: /home/ubuntu/ROS2/ros_workspace_name/act_mov_ws/install/act_mov_interfaces/include/act_mov_interfaces/act_mov_interfaces/action
-- Installing: /home/ubuntu/ROS2/ros_workspace_name/act_mov_ws/install/act_mov_interfaces/include/act_mov_interfaces/act_mov_interfaces/action/navigate.hpp
-- Up-to-date: /home/ubuntu/ROS2/ros_workspace_name/act_mov_ws/install/act_mov_interfaces/include/act_mov_interfaces/act_mov_interfaces/action/detail
-- Installing: /home/ubuntu/ROS2/ros_workspace_name/act_mov_ws/install/act_mov_interfaces/include/act_mov_interfaces/act_mov_interfaces/action/detail/navigate__traits.hpp
-- Installing: /home/ubuntu/ROS2/ros_workspace_name/act_mov_ws/install/act_mov_interfaces/include/act_mov_interfaces/act_mov_interfaces/action/detail/navigate__type_support.hpp
-- Installing: /home/ubuntu/ROS2/ros_workspace_name/act_mov_ws/install/act_mov_interfaces/include/act_mov_interfaces/act_mov_interfaces/action/detail/navigate__struct.hpp
-- Installing: /home/ubuntu/ROS2/ros_workspace_name/act_mov_ws/install/act_mov_interfaces/include/act_mov_interfaces/act_mov_interfaces/action/detail/navigate__builder.hpp
-- Up-to-date: /home/ubuntu/ROS2/ros_workspace_name/act_mov_ws/install/act_mov_interfaces/include/act_mov_interfaces/act_mov_interfaces/msg
-- Installing: /home/ubuntu/ROS2/ros_workspace_name/act_mov_ws/install/act_mov_interfaces/include/act_mov_interfaces/act_mov_interfaces/msg/rosidl_generator_cpp__visibility_control.hpp
-- Up-to-date: /home/ubuntu/ROS2/ros_workspace_name/act_mov_ws/install/act_mov_interfaces/include/act_mov_interfaces/act_mov_interfaces
-- Up-to-date: /home/ubuntu/ROS2/ros_workspace_name/act_mov_ws/install/act_mov_interfaces/include/act_mov_interfaces/act_mov_interfaces/action
-- Up-to-date: /home/ubuntu/ROS2/ros_workspace_name/act_mov_ws/install/act_mov_interfaces/include/act_mov_interfaces/act_mov_interfaces/action/detail
-- Installing: /home/ubuntu/ROS2/ros_workspace_name/act_mov_ws/install/act_mov_interfaces/include/act_mov_interfaces/act_mov_interfaces/action/detail/navigate__rosidl_typesupport_fastrtps_cpp.hpp
-- Installing: /home/ubuntu/ROS2/ros_workspace_name/act_mov_ws/install/act_mov_interfaces/include/act_mov_interfaces/act_mov_interfaces/action/detail/dds_fastrtps
-- Up-to-date: /home/ubuntu/ROS2/ros_workspace_name/act_mov_ws/install/act_mov_interfaces/include/act_mov_interfaces/act_mov_interfaces/msg
-- Installing: /home/ubuntu/ROS2/ros_workspace_name/act_mov_ws/install/act_mov_interfaces/include/act_mov_interfaces/act_mov_interfaces/msg/rosidl_typesupport_fastrtps_cpp__visibility_control.h
-- Installing: /home/ubuntu/ROS2/ros_workspace_name/act_mov_ws/install/act_mov_interfaces/lib/libact_mov_interfaces__rosidl_typesupport_fastrtps_cpp.so
-- Set non-toolchain portion of runtime path of "/home/ubuntu/ROS2/ros_workspace_name/act_mov_ws/install/act_mov_interfaces/lib/libact_mov_interfaces__rosidl_typesupport_fastrtps_cpp.so" to ""
-- Up-to-date: /home/ubuntu/ROS2/ros_workspace_name/act_mov_ws/install/act_mov_interfaces/include/act_mov_interfaces/act_mov_interfaces
-- Up-to-date: /home/ubuntu/ROS2/ros_workspace_name/act_mov_ws/install/act_mov_interfaces/include/act_mov_interfaces/act_mov_interfaces/action
-- Up-to-date: /home/ubuntu/ROS2/ros_workspace_name/act_mov_ws/install/act_mov_interfaces/include/act_mov_interfaces/act_mov_interfaces/action/detail
-- Installing: /home/ubuntu/ROS2/ros_workspace_name/act_mov_ws/install/act_mov_interfaces/include/act_mov_interfaces/act_mov_interfaces/action/detail/navigate__rosidl_typesupport_introspection_cpp.hpp
-- Installing: /home/ubuntu/ROS2/ros_workspace_name/act_mov_ws/install/act_mov_interfaces/include/act_mov_interfaces/act_mov_interfaces/action/detail/navigate__type_support.cpp
-- Installing: /home/ubuntu/ROS2/ros_workspace_name/act_mov_ws/install/act_mov_interfaces/lib/libact_mov_interfaces__rosidl_typesupport_introspection_cpp.so
-- Set non-toolchain portion of runtime path of "/home/ubuntu/ROS2/ros_workspace_name/act_mov_ws/install/act_mov_interfaces/lib/libact_mov_interfaces__rosidl_typesupport_introspection_cpp.so" to ""
-- Installing: /home/ubuntu/ROS2/ros_workspace_name/act_mov_ws/install/act_mov_interfaces/lib/libact_mov_interfaces__rosidl_typesupport_cpp.so
-- Set non-toolchain portion of runtime path of "/home/ubuntu/ROS2/ros_workspace_name/act_mov_ws/install/act_mov_interfaces/lib/libact_mov_interfaces__rosidl_typesupport_cpp.so" to ""
-- Installing: /home/ubuntu/ROS2/ros_workspace_name/act_mov_ws/install/act_mov_interfaces/share/act_mov_interfaces/environment/pythonpath.sh
-- Installing: /home/ubuntu/ROS2/ros_workspace_name/act_mov_ws/install/act_mov_interfaces/share/act_mov_interfaces/environment/pythonpath.dsv
-- Installing: /home/ubuntu/ROS2/ros_workspace_name/act_mov_ws/install/act_mov_interfaces/lib/python3.12/site-packages/act_mov_interfaces-0.0.1-py3.12.egg-info
-- Installing: /home/ubuntu/ROS2/ros_workspace_name/act_mov_ws/install/act_mov_interfaces/lib/python3.12/site-packages/act_mov_interfaces-0.0.1-py3.12.egg-info/dependency_links.txt
-- Installing: /home/ubuntu/ROS2/ros_workspace_name/act_mov_ws/install/act_mov_interfaces/lib/python3.12/site-packages/act_mov_interfaces-0.0.1-py3.12.egg-info/SOURCES.txt
-- Installing: /home/ubuntu/ROS2/ros_workspace_name/act_mov_ws/install/act_mov_interfaces/lib/python3.12/site-packages/act_mov_interfaces-0.0.1-py3.12.egg-info/PKG-INFO
-- Installing: /home/ubuntu/ROS2/ros_workspace_name/act_mov_ws/install/act_mov_interfaces/lib/python3.12/site-packages/act_mov_interfaces-0.0.1-py3.12.egg-info/top_level.txt
-- Installing: /home/ubuntu/ROS2/ros_workspace_name/act_mov_ws/install/act_mov_interfaces/lib/python3.12/site-packages/act_mov_interfaces
-- Installing: /home/ubuntu/ROS2/ros_workspace_name/act_mov_ws/install/act_mov_interfaces/lib/python3.12/site-packages/act_mov_interfaces/_act_mov_interfaces_s.ep.rosidl_typesupport_introspection_c.c
-- Installing: /home/ubuntu/ROS2/ros_workspace_name/act_mov_ws/install/act_mov_interfaces/lib/python3.12/site-packages/act_mov_interfaces/_act_mov_interfaces_s.ep.rosidl_typesupport_c.c
-- Installing: /home/ubuntu/ROS2/ros_workspace_name/act_mov_ws/install/act_mov_interfaces/lib/python3.12/site-packages/act_mov_interfaces/action
-- Installing: /home/ubuntu/ROS2/ros_workspace_name/act_mov_ws/install/act_mov_interfaces/lib/python3.12/site-packages/act_mov_interfaces/action/_navigate.py
-- Installing: /home/ubuntu/ROS2/ros_workspace_name/act_mov_ws/install/act_mov_interfaces/lib/python3.12/site-packages/act_mov_interfaces/action/__init__.py
-- Installing: /home/ubuntu/ROS2/ros_workspace_name/act_mov_ws/install/act_mov_interfaces/lib/python3.12/site-packages/act_mov_interfaces/action/_navigate_s.c
-- Installing: /home/ubuntu/ROS2/ros_workspace_name/act_mov_ws/install/act_mov_interfaces/lib/python3.12/site-packages/act_mov_interfaces/__init__.py
-- Installing: /home/ubuntu/ROS2/ros_workspace_name/act_mov_ws/install/act_mov_interfaces/lib/python3.12/site-packages/act_mov_interfaces/act_mov_interfaces_s__rosidl_typesupport_fastrtps_c.so
-- Installing: /home/ubuntu/ROS2/ros_workspace_name/act_mov_ws/install/act_mov_interfaces/lib/python3.12/site-packages/act_mov_interfaces/act_mov_interfaces_s__rosidl_typesupport_introspection_c.so
-- Installing: /home/ubuntu/ROS2/ros_workspace_name/act_mov_ws/install/act_mov_interfaces/lib/python3.12/site-packages/act_mov_interfaces/_act_mov_interfaces_s.ep.rosidl_typesupport_fastrtps_c.c
-- Installing: /home/ubuntu/ROS2/ros_workspace_name/act_mov_ws/install/act_mov_interfaces/lib/python3.12/site-packages/act_mov_interfaces/act_mov_interfaces_s__rosidl_typesupport_c.so
Listing '/home/ubuntu/ROS2/ros_workspace_name/act_mov_ws/install/act_mov_interfaces/lib/python3.12/site-packages/act_mov_interfaces'...
Compiling '/home/ubuntu/ROS2/ros_workspace_name/act_mov_ws/install/act_mov_interfaces/lib/python3.12/site-packages/act_mov_interfaces/__init__.py'...
Listing '/home/ubuntu/ROS2/ros_workspace_name/act_mov_ws/install/act_mov_interfaces/lib/python3.12/site-packages/act_mov_interfaces/action'...
Compiling '/home/ubuntu/ROS2/ros_workspace_name/act_mov_ws/install/act_mov_interfaces/lib/python3.12/site-packages/act_mov_interfaces/action/__init__.py'...
Compiling '/home/ubuntu/ROS2/ros_workspace_name/act_mov_ws/install/act_mov_interfaces/lib/python3.12/site-packages/act_mov_interfaces/action/_navigate.py'...
-- Installing: /home/ubuntu/ROS2/ros_workspace_name/act_mov_ws/install/act_mov_interfaces/lib/python3.12/site-packages/act_mov_interfaces/act_mov_interfaces_s__rosidl_typesupport_fastrtps_c.so
-- Set non-toolchain portion of runtime path of "/home/ubuntu/ROS2/ros_workspace_name/act_mov_ws/install/act_mov_interfaces/lib/python3.12/site-packages/act_mov_interfaces/act_mov_interfaces_s__rosidl_typesupport_fastrtps_c.so" to ""
-- Installing: /home/ubuntu/ROS2/ros_workspace_name/act_mov_ws/install/act_mov_interfaces/lib/python3.12/site-packages/act_mov_interfaces/act_mov_interfaces_s__rosidl_typesupport_introspection_c.so
-- Set non-toolchain portion of runtime path of "/home/ubuntu/ROS2/ros_workspace_name/act_mov_ws/install/act_mov_interfaces/lib/python3.12/site-packages/act_mov_interfaces/act_mov_interfaces_s__rosidl_typesupport_introspection_c.so" to ""
-- Installing: /home/ubuntu/ROS2/ros_workspace_name/act_mov_ws/install/act_mov_interfaces/lib/python3.12/site-packages/act_mov_interfaces/act_mov_interfaces_s__rosidl_typesupport_c.so
-- Set non-toolchain portion of runtime path of "/home/ubuntu/ROS2/ros_workspace_name/act_mov_ws/install/act_mov_interfaces/lib/python3.12/site-packages/act_mov_interfaces/act_mov_interfaces_s__rosidl_typesupport_c.so" to ""
-- Installing: /home/ubuntu/ROS2/ros_workspace_name/act_mov_ws/install/act_mov_interfaces/lib/libact_mov_interfaces__rosidl_generator_py.so
-- Set non-toolchain portion of runtime path of "/home/ubuntu/ROS2/ros_workspace_name/act_mov_ws/install/act_mov_interfaces/lib/libact_mov_interfaces__rosidl_generator_py.so" to ""
-- Installing: /home/ubuntu/ROS2/ros_workspace_name/act_mov_ws/install/act_mov_interfaces/share/act_mov_interfaces/action/Navigate.idl
-- Installing: /home/ubuntu/ROS2/ros_workspace_name/act_mov_ws/install/act_mov_interfaces/share/act_mov_interfaces/action/Navigate.action
-- Installing: /home/ubuntu/ROS2/ros_workspace_name/act_mov_ws/install/act_mov_interfaces/share/ament_index/resource_index/package_run_dependencies/act_mov_interfaces
-- Installing: /home/ubuntu/ROS2/ros_workspace_name/act_mov_ws/install/act_mov_interfaces/share/ament_index/resource_index/parent_prefix_path/act_mov_interfaces
-- Installing: /home/ubuntu/ROS2/ros_workspace_name/act_mov_ws/install/act_mov_interfaces/share/act_mov_interfaces/environment/ament_prefix_path.sh
-- Installing: /home/ubuntu/ROS2/ros_workspace_name/act_mov_ws/install/act_mov_interfaces/share/act_mov_interfaces/environment/ament_prefix_path.dsv
-- Installing: /home/ubuntu/ROS2/ros_workspace_name/act_mov_ws/install/act_mov_interfaces/share/act_mov_interfaces/environment/path.sh
-- Installing: /home/ubuntu/ROS2/ros_workspace_name/act_mov_ws/install/act_mov_interfaces/share/act_mov_interfaces/environment/path.dsv
-- Installing: /home/ubuntu/ROS2/ros_workspace_name/act_mov_ws/install/act_mov_interfaces/share/act_mov_interfaces/local_setup.bash
-- Installing: /home/ubuntu/ROS2/ros_workspace_name/act_mov_ws/install/act_mov_interfaces/share/act_mov_interfaces/local_setup.sh
-- Installing: /home/ubuntu/ROS2/ros_workspace_name/act_mov_ws/install/act_mov_interfaces/share/act_mov_interfaces/local_setup.zsh
-- Installing: /home/ubuntu/ROS2/ros_workspace_name/act_mov_ws/install/act_mov_interfaces/share/act_mov_interfaces/local_setup.dsv
-- Installing: /home/ubuntu/ROS2/ros_workspace_name/act_mov_ws/install/act_mov_interfaces/share/act_mov_interfaces/package.dsv
-- Installing: /home/ubuntu/ROS2/ros_workspace_name/act_mov_ws/install/act_mov_interfaces/share/ament_index/resource_index/packages/act_mov_interfaces
-- Installing: /home/ubuntu/ROS2/ros_workspace_name/act_mov_ws/install/act_mov_interfaces/share/act_mov_interfaces/cmake/export_act_mov_interfaces__rosidl_generator_cExport.cmake
-- Installing: /home/ubuntu/ROS2/ros_workspace_name/act_mov_ws/install/act_mov_interfaces/share/act_mov_interfaces/cmake/export_act_mov_interfaces__rosidl_generator_cExport-noconfig.cmake
-- Installing: /home/ubuntu/ROS2/ros_workspace_name/act_mov_ws/install/act_mov_interfaces/share/act_mov_interfaces/cmake/export_act_mov_interfaces__rosidl_typesupport_fastrtps_cExport.cmake
-- Installing: /home/ubuntu/ROS2/ros_workspace_name/act_mov_ws/install/act_mov_interfaces/share/act_mov_interfaces/cmake/export_act_mov_interfaces__rosidl_typesupport_fastrtps_cExport-noconfig.cmake
-- Installing: /home/ubuntu/ROS2/ros_workspace_name/act_mov_ws/install/act_mov_interfaces/share/act_mov_interfaces/cmake/act_mov_interfaces__rosidl_typesupport_introspection_cExport.cmake
-- Installing: /home/ubuntu/ROS2/ros_workspace_name/act_mov_ws/install/act_mov_interfaces/share/act_mov_interfaces/cmake/act_mov_interfaces__rosidl_typesupport_introspection_cExport-noconfig.cmake
-- Installing: /home/ubuntu/ROS2/ros_workspace_name/act_mov_ws/install/act_mov_interfaces/share/act_mov_interfaces/cmake/act_mov_interfaces__rosidl_typesupport_cExport.cmake
-- Installing: /home/ubuntu/ROS2/ros_workspace_name/act_mov_ws/install/act_mov_interfaces/share/act_mov_interfaces/cmake/act_mov_interfaces__rosidl_typesupport_cExport-noconfig.cmake
-- Installing: /home/ubuntu/ROS2/ros_workspace_name/act_mov_ws/install/act_mov_interfaces/share/act_mov_interfaces/cmake/export_act_mov_interfaces__rosidl_generator_cppExport.cmake
-- Installing: /home/ubuntu/ROS2/ros_workspace_name/act_mov_ws/install/act_mov_interfaces/share/act_mov_interfaces/cmake/export_act_mov_interfaces__rosidl_typesupport_fastrtps_cppExport.cmake
-- Installing: /home/ubuntu/ROS2/ros_workspace_name/act_mov_ws/install/act_mov_interfaces/share/act_mov_interfaces/cmake/export_act_mov_interfaces__rosidl_typesupport_fastrtps_cppExport-noconfig.cmake
-- Installing: /home/ubuntu/ROS2/ros_workspace_name/act_mov_ws/install/act_mov_interfaces/share/act_mov_interfaces/cmake/act_mov_interfaces__rosidl_typesupport_introspection_cppExport.cmake
-- Installing: /home/ubuntu/ROS2/ros_workspace_name/act_mov_ws/install/act_mov_interfaces/share/act_mov_interfaces/cmake/act_mov_interfaces__rosidl_typesupport_introspection_cppExport-noconfig.cmake
-- Installing: /home/ubuntu/ROS2/ros_workspace_name/act_mov_ws/install/act_mov_interfaces/share/act_mov_interfaces/cmake/act_mov_interfaces__rosidl_typesupport_cppExport.cmake
-- Installing: /home/ubuntu/ROS2/ros_workspace_name/act_mov_ws/install/act_mov_interfaces/share/act_mov_interfaces/cmake/act_mov_interfaces__rosidl_typesupport_cppExport-noconfig.cmake
-- Installing: /home/ubuntu/ROS2/ros_workspace_name/act_mov_ws/install/act_mov_interfaces/share/act_mov_interfaces/cmake/export_act_mov_interfaces__rosidl_generator_pyExport.cmake
-- Installing: /home/ubuntu/ROS2/ros_workspace_name/act_mov_ws/install/act_mov_interfaces/share/act_mov_interfaces/cmake/export_act_mov_interfaces__rosidl_generator_pyExport-noconfig.cmake
-- Installing: /home/ubuntu/ROS2/ros_workspace_name/act_mov_ws/install/act_mov_interfaces/share/act_mov_interfaces/cmake/rosidl_cmake-extras.cmake
-- Installing: /home/ubuntu/ROS2/ros_workspace_name/act_mov_ws/install/act_mov_interfaces/share/act_mov_interfaces/cmake/ament_cmake_export_dependencies-extras.cmake
-- Installing: /home/ubuntu/ROS2/ros_workspace_name/act_mov_ws/install/act_mov_interfaces/share/act_mov_interfaces/cmake/ament_cmake_export_include_directories-extras.cmake
-- Installing: /home/ubuntu/ROS2/ros_workspace_name/act_mov_ws/install/act_mov_interfaces/share/act_mov_interfaces/cmake/ament_cmake_export_libraries-extras.cmake
-- Installing: /home/ubuntu/ROS2/ros_workspace_name/act_mov_ws/install/act_mov_interfaces/share/act_mov_interfaces/cmake/ament_cmake_export_targets-extras.cmake
-- Installing: /home/ubuntu/ROS2/ros_workspace_name/act_mov_ws/install/act_mov_interfaces/share/act_mov_interfaces/cmake/rosidl_cmake_export_typesupport_targets-extras.cmake
-- Installing: /home/ubuntu/ROS2/ros_workspace_name/act_mov_ws/install/act_mov_interfaces/share/act_mov_interfaces/cmake/rosidl_cmake_export_typesupport_libraries-extras.cmake
-- Installing: /home/ubuntu/ROS2/ros_workspace_name/act_mov_ws/install/act_mov_interfaces/share/act_mov_interfaces/cmake/act_mov_interfacesConfig.cmake
-- Installing: /home/ubuntu/ROS2/ros_workspace_name/act_mov_ws/install/act_mov_interfaces/share/act_mov_interfaces/cmake/act_mov_interfacesConfig-version.cmake
-- Installing: /home/ubuntu/ROS2/ros_workspace_name/act_mov_ws/install/act_mov_interfaces/share/act_mov_interfaces/package.xml
