[0.016s] Invoking command in '/home/ubuntu/ROS2/ros_workspace_name/act_mov_ws/build/act_mov_interfaces': CMAKE_PREFIX_PATH=${CMAKE_PREFIX_PATH}:/opt/ros/jazzy DEBUGINFOD_URLS=https://debuginfod.ubuntu.com /usr/bin/cmake /home/ubuntu/ROS2/ros_workspace_name/act_mov_ws/src/act_mov_interfaces -DCMAKE_INSTALL_PREFIX=/home/ubuntu/ROS2/ros_workspace_name/act_mov_ws/install/act_mov_interfaces
[0.134s] -- The C compiler identification is GNU 13.3.0
[0.221s] -- The CXX compiler identification is GNU 13.3.0
[0.248s] -- Detecting C compiler ABI info
[0.380s] -- Detecting C compiler ABI info - done
[0.397s] -- Check for working C compiler: /usr/bin/cc - skipped
[0.398s] -- Detecting C compile features
[0.398s] -- Detecting C compile features - done
[0.411s] -- Detecting CXX compiler ABI info
[0.616s] -- Detecting CXX compiler ABI info - done
[0.657s] -- Check for working CXX compiler: /usr/bin/c++ - skipped
[0.657s] -- Detecting CXX compile features
[0.659s] -- Detecting CXX compile features - done
[0.671s] -- Found ament_cmake: 2.5.4 (/opt/ros/jazzy/share/ament_cmake/cmake)
[0.883s] -- Found Python3: /usr/bin/python3 (found version "3.12.3") found components: Interpreter 
[1.051s] -- Found rosidl_default_generators: 1.6.0 (/opt/ros/jazzy/share/rosidl_default_generators/cmake)
[1.059s] -- Using all available rosidl_typesupport_c: rosidl_typesupport_fastrtps_c;rosidl_typesupport_introspection_c
[1.139s] -- Using all available rosidl_typesupport_cpp: rosidl_typesupport_fastrtps_cpp;rosidl_typesupport_introspection_cpp
[1.229s] -- Found rosidl_adapter: 4.6.5 (/opt/ros/jazzy/share/rosidl_adapter/cmake)
[1.236s] -- Found geometry_msgs: 5.3.6 (/opt/ros/jazzy/share/geometry_msgs/cmake)
[1.333s] -- Found action_msgs: 2.0.2 (/opt/ros/jazzy/share/action_msgs/cmake)
[2.417s] -- Found ament_cmake_ros: 0.12.0 (/opt/ros/jazzy/share/ament_cmake_ros/cmake)
[3.185s] -- Using all available rosidl_typesupport_c: rosidl_typesupport_fastrtps_c;rosidl_typesupport_introspection_c
[4.182s] -- Using all available rosidl_typesupport_cpp: rosidl_typesupport_fastrtps_cpp;rosidl_typesupport_introspection_cpp
[4.185s] -- Found python_cmake_module: 0.11.1 (/opt/ros/jazzy/share/python_cmake_module/cmake)
[4.392s] -- Found PythonExtra: /usr/bin/python3  
[4.963s] -- Found Python3: /usr/bin/python3 (found version "3.12.3") found components: Interpreter Development NumPy Development.Module Development.Embed 
[5.046s] -- Configuring done (5.0s)
[5.100s] -- Generating done (0.0s)
[5.119s] -- Build files have been written to: /home/ubuntu/ROS2/ros_workspace_name/act_mov_ws/build/act_mov_interfaces
[5.132s] Invoked command in '/home/ubuntu/ROS2/ros_workspace_name/act_mov_ws/build/act_mov_interfaces' returned '0': CMAKE_PREFIX_PATH=${CMAKE_PREFIX_PATH}:/opt/ros/jazzy DEBUGINFOD_URLS=https://debuginfod.ubuntu.com /usr/bin/cmake /home/ubuntu/ROS2/ros_workspace_name/act_mov_ws/src/act_mov_interfaces -DCMAKE_INSTALL_PREFIX=/home/ubuntu/ROS2/ros_workspace_name/act_mov_ws/install/act_mov_interfaces
[5.133s] Invoking command in '/home/ubuntu/ROS2/ros_workspace_name/act_mov_ws/build/act_mov_interfaces': CMAKE_PREFIX_PATH=${CMAKE_PREFIX_PATH}:/opt/ros/jazzy DEBUGINFOD_URLS=https://debuginfod.ubuntu.com /usr/bin/cmake --build /home/ubuntu/ROS2/ros_workspace_name/act_mov_ws/build/act_mov_interfaces -- -j8 -l8
[5.189s] [  2%] [34m[1mGenerating type hashes for ROS interfaces[0m
[5.198s] [  2%] Built target ament_cmake_python_copy_act_mov_interfaces
[5.694s] running egg_info
[5.697s] creating act_mov_interfaces.egg-info
[5.756s] writing act_mov_interfaces.egg-info/PKG-INFO
[5.757s] writing dependency_links to act_mov_interfaces.egg-info/dependency_links.txt
[5.757s] writing top-level names to act_mov_interfaces.egg-info/top_level.txt
[5.757s] writing manifest file 'act_mov_interfaces.egg-info/SOURCES.txt'
[5.765s] [  2%] Built target act_mov_interfaces__rosidl_generator_type_description
[5.795s] [  5%] [34m[1mGenerating C code for ROS interfaces[0m
[5.825s] [  8%] [34m[1mGenerating C++ code for ROS interfaces[0m
[5.913s] reading manifest file 'act_mov_interfaces.egg-info/SOURCES.txt'
[5.915s] writing manifest file 'act_mov_interfaces.egg-info/SOURCES.txt'
[5.981s] [  8%] Built target ament_cmake_python_build_act_mov_interfaces_egg
[6.749s] [  8%] Built target act_mov_interfaces__cpp
[6.777s] [ 11%] [32mBuilding C object CMakeFiles/act_mov_interfaces__rosidl_generator_c.dir/rosidl_generator_c/act_mov_interfaces/action/detail/navigate__description.c.o[0m
[6.777s] [ 14%] [32mBuilding C object CMakeFiles/act_mov_interfaces__rosidl_generator_c.dir/rosidl_generator_c/act_mov_interfaces/action/detail/navigate__type_support.c.o[0m
[6.778s] [ 17%] [32mBuilding C object CMakeFiles/act_mov_interfaces__rosidl_generator_c.dir/rosidl_generator_c/act_mov_interfaces/action/detail/navigate__functions.c.o[0m
[7.008s] [ 20%] [32m[1mLinking C shared library libact_mov_interfaces__rosidl_generator_c.so[0m
[7.067s] [ 20%] Built target act_mov_interfaces__rosidl_generator_c
[7.088s] [ 23%] [34m[1mGenerating C type support for eProsima Fast-RTPS[0m
[7.089s] [ 29%] [34m[1mGenerating C type support dispatch for ROS interfaces[0m
[7.089s] [ 32%] [34m[1mGenerating C introspection for ROS interfaces[0m
[7.089s] [ 35%] [34m[1mGenerating C++ introspection for ROS interfaces[0m
[7.091s] [ 38%] [34m[1mGenerating C++ type support dispatch for ROS interfaces[0m
[7.091s] [ 38%] [34m[1mGenerating C++ type support for eProsima Fast-RTPS[0m
[8.201s] [ 41%] [32mBuilding CXX object CMakeFiles/act_mov_interfaces__rosidl_typesupport_c.dir/rosidl_typesupport_c/act_mov_interfaces/action/navigate__type_support.cpp.o[0m
[8.249s] [ 44%] [32mBuilding CXX object CMakeFiles/act_mov_interfaces__rosidl_typesupport_cpp.dir/rosidl_typesupport_cpp/act_mov_interfaces/action/navigate__type_support.cpp.o[0m
[8.368s] [ 47%] [32m[1mLinking CXX shared library libact_mov_interfaces__rosidl_typesupport_c.so[0m
[8.536s] [ 50%] [32mBuilding CXX object CMakeFiles/act_mov_interfaces__rosidl_typesupport_introspection_cpp.dir/rosidl_typesupport_introspection_cpp/act_mov_interfaces/action/detail/navigate__type_support.cpp.o[0m
[8.543s] [ 50%] Built target act_mov_interfaces__rosidl_typesupport_c
[8.662s] [ 52%] [32mBuilding C object CMakeFiles/act_mov_interfaces__rosidl_typesupport_introspection_c.dir/rosidl_typesupport_introspection_c/act_mov_interfaces/action/detail/navigate__type_support.c.o[0m
[8.850s] [ 55%] [32m[1mLinking C shared library libact_mov_interfaces__rosidl_typesupport_introspection_c.so[0m
[8.950s] [ 55%] Built target act_mov_interfaces__rosidl_typesupport_introspection_c
[9.088s] [ 58%] [32mBuilding CXX object CMakeFiles/act_mov_interfaces__rosidl_typesupport_fastrtps_c.dir/rosidl_typesupport_fastrtps_c/act_mov_interfaces/action/detail/navigate__type_support_c.cpp.o[0m
[9.091s] [ 61%] [32mBuilding CXX object CMakeFiles/act_mov_interfaces__rosidl_typesupport_fastrtps_cpp.dir/rosidl_typesupport_fastrtps_cpp/act_mov_interfaces/action/detail/dds_fastrtps/navigate__type_support.cpp.o[0m
[10.176s] [ 64%] [32m[1mLinking CXX shared library libact_mov_interfaces__rosidl_typesupport_cpp.so[0m
[10.333s] [ 67%] [32m[1mLinking CXX shared library libact_mov_interfaces__rosidl_typesupport_introspection_cpp.so[0m
[10.350s] [ 67%] Built target act_mov_interfaces__rosidl_typesupport_cpp
[10.522s] [ 67%] Built target act_mov_interfaces__rosidl_typesupport_introspection_cpp
[10.574s] [ 70%] [32m[1mLinking CXX shared library libact_mov_interfaces__rosidl_typesupport_fastrtps_c.so[0m
[10.684s] [ 70%] Built target act_mov_interfaces__rosidl_typesupport_fastrtps_c
[11.246s] [ 73%] [32m[1mLinking CXX shared library libact_mov_interfaces__rosidl_typesupport_fastrtps_cpp.so[0m
[11.340s] [ 73%] Built target act_mov_interfaces__rosidl_typesupport_fastrtps_cpp
[11.359s] [ 73%] Built target act_mov_interfaces
[11.383s] [ 76%] [34m[1mGenerating Python code for ROS interfaces[0m
[12.449s] [ 76%] Built target act_mov_interfaces__py
[12.468s] [ 79%] [32mBuilding C object CMakeFiles/act_mov_interfaces__rosidl_generator_py.dir/rosidl_generator_py/act_mov_interfaces/action/_navigate_s.c.o[0m
[12.768s] [ 82%] [32m[1mLinking C shared library libact_mov_interfaces__rosidl_generator_py.so[0m
[12.856s] [ 82%] Built target act_mov_interfaces__rosidl_generator_py
[12.892s] [ 85%] [32mBuilding C object CMakeFiles/act_mov_interfaces_s__rosidl_typesupport_c.dir/rosidl_generator_py/act_mov_interfaces/_act_mov_interfaces_s.ep.rosidl_typesupport_c.c.o[0m
[12.900s] [ 88%] [32mBuilding C object CMakeFiles/act_mov_interfaces_s__rosidl_typesupport_introspection_c.dir/rosidl_generator_py/act_mov_interfaces/_act_mov_interfaces_s.ep.rosidl_typesupport_introspection_c.c.o[0m
[12.901s] [ 91%] [32mBuilding C object CMakeFiles/act_mov_interfaces_s__rosidl_typesupport_fastrtps_c.dir/rosidl_generator_py/act_mov_interfaces/_act_mov_interfaces_s.ep.rosidl_typesupport_fastrtps_c.c.o[0m
[13.153s] [ 94%] [32m[1mLinking C shared module rosidl_generator_py/act_mov_interfaces/act_mov_interfaces_s__rosidl_typesupport_c.so[0m
[13.163s] [ 97%] [32m[1mLinking C shared module rosidl_generator_py/act_mov_interfaces/act_mov_interfaces_s__rosidl_typesupport_fastrtps_c.so[0m
[13.184s] [100%] [32m[1mLinking C shared module rosidl_generator_py/act_mov_interfaces/act_mov_interfaces_s__rosidl_typesupport_introspection_c.so[0m
[13.218s] [100%] Built target act_mov_interfaces_s__rosidl_typesupport_c
[13.241s] [100%] Built target act_mov_interfaces_s__rosidl_typesupport_fastrtps_c
[13.249s] [100%] Built target act_mov_interfaces_s__rosidl_typesupport_introspection_c
[13.266s] Invoked command in '/home/ubuntu/ROS2/ros_workspace_name/act_mov_ws/build/act_mov_interfaces' returned '0': CMAKE_PREFIX_PATH=${CMAKE_PREFIX_PATH}:/opt/ros/jazzy DEBUGINFOD_URLS=https://debuginfod.ubuntu.com /usr/bin/cmake --build /home/ubuntu/ROS2/ros_workspace_name/act_mov_ws/build/act_mov_interfaces -- -j8 -l8
[13.282s] Invoking command in '/home/ubuntu/ROS2/ros_workspace_name/act_mov_ws/build/act_mov_interfaces': CMAKE_PREFIX_PATH=${CMAKE_PREFIX_PATH}:/opt/ros/jazzy DEBUGINFOD_URLS=https://debuginfod.ubuntu.com /usr/bin/cmake --install /home/ubuntu/ROS2/ros_workspace_name/act_mov_ws/build/act_mov_interfaces
[13.301s] -- Install configuration: ""
[13.302s] -- Installing: /home/ubuntu/ROS2/ros_workspace_name/act_mov_ws/install/act_mov_interfaces/share/ament_index/resource_index/rosidl_interfaces/act_mov_interfaces
[13.303s] -- Installing: /home/ubuntu/ROS2/ros_workspace_name/act_mov_ws/install/act_mov_interfaces/share/act_mov_interfaces/action/Navigate.json
[13.305s] -- Installing: /home/ubuntu/ROS2/ros_workspace_name/act_mov_ws/install/act_mov_interfaces/include/act_mov_interfaces/act_mov_interfaces
[13.306s] -- Installing: /home/ubuntu/ROS2/ros_workspace_name/act_mov_ws/install/act_mov_interfaces/include/act_mov_interfaces/act_mov_interfaces/action
[13.306s] -- Installing: /home/ubuntu/ROS2/ros_workspace_name/act_mov_ws/install/act_mov_interfaces/include/act_mov_interfaces/act_mov_interfaces/action/navigate.h
[13.306s] -- Installing: /home/ubuntu/ROS2/ros_workspace_name/act_mov_ws/install/act_mov_interfaces/include/act_mov_interfaces/act_mov_interfaces/action/detail
[13.306s] -- Installing: /home/ubuntu/ROS2/ros_workspace_name/act_mov_ws/install/act_mov_interfaces/include/act_mov_interfaces/act_mov_interfaces/action/detail/navigate__type_support.c
[13.306s] -- Installing: /home/ubuntu/ROS2/ros_workspace_name/act_mov_ws/install/act_mov_interfaces/include/act_mov_interfaces/act_mov_interfaces/action/detail/navigate__type_support.h
[13.307s] -- Installing: /home/ubuntu/ROS2/ros_workspace_name/act_mov_ws/install/act_mov_interfaces/include/act_mov_interfaces/act_mov_interfaces/action/detail/navigate__functions.h
[13.307s] -- Installing: /home/ubuntu/ROS2/ros_workspace_name/act_mov_ws/install/act_mov_interfaces/include/act_mov_interfaces/act_mov_interfaces/action/detail/navigate__functions.c
[13.307s] -- Installing: /home/ubuntu/ROS2/ros_workspace_name/act_mov_ws/install/act_mov_interfaces/include/act_mov_interfaces/act_mov_interfaces/action/detail/navigate__description.c
[13.307s] -- Installing: /home/ubuntu/ROS2/ros_workspace_name/act_mov_ws/install/act_mov_interfaces/include/act_mov_interfaces/act_mov_interfaces/action/detail/navigate__struct.h
[13.317s] -- Installing: /home/ubuntu/ROS2/ros_workspace_name/act_mov_ws/install/act_mov_interfaces/include/act_mov_interfaces/act_mov_interfaces/msg
[13.322s] -- Installing: /home/ubuntu/ROS2/ros_workspace_name/act_mov_ws/install/act_mov_interfaces/include/act_mov_interfaces/act_mov_interfaces/msg/rosidl_generator_c__visibility_control.h
[13.322s] -- Installing: /home/ubuntu/ROS2/ros_workspace_name/act_mov_ws/install/act_mov_interfaces/share/act_mov_interfaces/environment/library_path.sh
[13.323s] -- Installing: /home/ubuntu/ROS2/ros_workspace_name/act_mov_ws/install/act_mov_interfaces/share/act_mov_interfaces/environment/library_path.dsv
[13.323s] -- Installing: /home/ubuntu/ROS2/ros_workspace_name/act_mov_ws/install/act_mov_interfaces/lib/libact_mov_interfaces__rosidl_generator_c.so
[13.323s] -- Set non-toolchain portion of runtime path of "/home/ubuntu/ROS2/ros_workspace_name/act_mov_ws/install/act_mov_interfaces/lib/libact_mov_interfaces__rosidl_generator_c.so" to ""
[13.323s] -- Up-to-date: /home/ubuntu/ROS2/ros_workspace_name/act_mov_ws/install/act_mov_interfaces/include/act_mov_interfaces/act_mov_interfaces
[13.324s] -- Up-to-date: /home/ubuntu/ROS2/ros_workspace_name/act_mov_ws/install/act_mov_interfaces/include/act_mov_interfaces/act_mov_interfaces/action
[13.324s] -- Up-to-date: /home/ubuntu/ROS2/ros_workspace_name/act_mov_ws/install/act_mov_interfaces/include/act_mov_interfaces/act_mov_interfaces/action/detail
[13.324s] -- Installing: /home/ubuntu/ROS2/ros_workspace_name/act_mov_ws/install/act_mov_interfaces/include/act_mov_interfaces/act_mov_interfaces/action/detail/navigate__rosidl_typesupport_fastrtps_c.h
[13.324s] -- Up-to-date: /home/ubuntu/ROS2/ros_workspace_name/act_mov_ws/install/act_mov_interfaces/include/act_mov_interfaces/act_mov_interfaces/msg
[13.324s] -- Installing: /home/ubuntu/ROS2/ros_workspace_name/act_mov_ws/install/act_mov_interfaces/include/act_mov_interfaces/act_mov_interfaces/msg/rosidl_typesupport_fastrtps_c__visibility_control.h
[13.325s] -- Installing: /home/ubuntu/ROS2/ros_workspace_name/act_mov_ws/install/act_mov_interfaces/lib/libact_mov_interfaces__rosidl_typesupport_fastrtps_c.so
[13.325s] -- Set non-toolchain portion of runtime path of "/home/ubuntu/ROS2/ros_workspace_name/act_mov_ws/install/act_mov_interfaces/lib/libact_mov_interfaces__rosidl_typesupport_fastrtps_c.so" to ""
[13.325s] -- Up-to-date: /home/ubuntu/ROS2/ros_workspace_name/act_mov_ws/install/act_mov_interfaces/include/act_mov_interfaces/act_mov_interfaces
[13.325s] -- Up-to-date: /home/ubuntu/ROS2/ros_workspace_name/act_mov_ws/install/act_mov_interfaces/include/act_mov_interfaces/act_mov_interfaces/action
[13.326s] -- Up-to-date: /home/ubuntu/ROS2/ros_workspace_name/act_mov_ws/install/act_mov_interfaces/include/act_mov_interfaces/act_mov_interfaces/action/detail
[13.326s] -- Installing: /home/ubuntu/ROS2/ros_workspace_name/act_mov_ws/install/act_mov_interfaces/include/act_mov_interfaces/act_mov_interfaces/action/detail/navigate__type_support.c
[13.326s] -- Installing: /home/ubuntu/ROS2/ros_workspace_name/act_mov_ws/install/act_mov_interfaces/include/act_mov_interfaces/act_mov_interfaces/action/detail/navigate__rosidl_typesupport_introspection_c.h
[13.326s] -- Up-to-date: /home/ubuntu/ROS2/ros_workspace_name/act_mov_ws/install/act_mov_interfaces/include/act_mov_interfaces/act_mov_interfaces/msg
[13.326s] -- Installing: /home/ubuntu/ROS2/ros_workspace_name/act_mov_ws/install/act_mov_interfaces/include/act_mov_interfaces/act_mov_interfaces/msg/rosidl_typesupport_introspection_c__visibility_control.h
[13.327s] -- Installing: /home/ubuntu/ROS2/ros_workspace_name/act_mov_ws/install/act_mov_interfaces/lib/libact_mov_interfaces__rosidl_typesupport_introspection_c.so
[13.327s] -- Set non-toolchain portion of runtime path of "/home/ubuntu/ROS2/ros_workspace_name/act_mov_ws/install/act_mov_interfaces/lib/libact_mov_interfaces__rosidl_typesupport_introspection_c.so" to ""
[13.327s] -- Installing: /home/ubuntu/ROS2/ros_workspace_name/act_mov_ws/install/act_mov_interfaces/lib/libact_mov_interfaces__rosidl_typesupport_c.so
[13.327s] -- Set non-toolchain portion of runtime path of "/home/ubuntu/ROS2/ros_workspace_name/act_mov_ws/install/act_mov_interfaces/lib/libact_mov_interfaces__rosidl_typesupport_c.so" to ""
[13.327s] -- Up-to-date: /home/ubuntu/ROS2/ros_workspace_name/act_mov_ws/install/act_mov_interfaces/include/act_mov_interfaces/act_mov_interfaces
[13.327s] -- Up-to-date: /home/ubuntu/ROS2/ros_workspace_name/act_mov_ws/install/act_mov_interfaces/include/act_mov_interfaces/act_mov_interfaces/action
[13.327s] -- Installing: /home/ubuntu/ROS2/ros_workspace_name/act_mov_ws/install/act_mov_interfaces/include/act_mov_interfaces/act_mov_interfaces/action/navigate.hpp
[13.328s] -- Up-to-date: /home/ubuntu/ROS2/ros_workspace_name/act_mov_ws/install/act_mov_interfaces/include/act_mov_interfaces/act_mov_interfaces/action/detail
[13.328s] -- Installing: /home/ubuntu/ROS2/ros_workspace_name/act_mov_ws/install/act_mov_interfaces/include/act_mov_interfaces/act_mov_interfaces/action/detail/navigate__traits.hpp
[13.328s] -- Installing: /home/ubuntu/ROS2/ros_workspace_name/act_mov_ws/install/act_mov_interfaces/include/act_mov_interfaces/act_mov_interfaces/action/detail/navigate__type_support.hpp
[13.329s] -- Installing: /home/ubuntu/ROS2/ros_workspace_name/act_mov_ws/install/act_mov_interfaces/include/act_mov_interfaces/act_mov_interfaces/action/detail/navigate__struct.hpp
[13.329s] -- Installing: /home/ubuntu/ROS2/ros_workspace_name/act_mov_ws/install/act_mov_interfaces/include/act_mov_interfaces/act_mov_interfaces/action/detail/navigate__builder.hpp
[13.329s] -- Up-to-date: /home/ubuntu/ROS2/ros_workspace_name/act_mov_ws/install/act_mov_interfaces/include/act_mov_interfaces/act_mov_interfaces/msg
[13.329s] -- Installing: /home/ubuntu/ROS2/ros_workspace_name/act_mov_ws/install/act_mov_interfaces/include/act_mov_interfaces/act_mov_interfaces/msg/rosidl_generator_cpp__visibility_control.hpp
[13.330s] -- Up-to-date: /home/ubuntu/ROS2/ros_workspace_name/act_mov_ws/install/act_mov_interfaces/include/act_mov_interfaces/act_mov_interfaces
[13.330s] -- Up-to-date: /home/ubuntu/ROS2/ros_workspace_name/act_mov_ws/install/act_mov_interfaces/include/act_mov_interfaces/act_mov_interfaces/action
[13.330s] -- Up-to-date: /home/ubuntu/ROS2/ros_workspace_name/act_mov_ws/install/act_mov_interfaces/include/act_mov_interfaces/act_mov_interfaces/action/detail
[13.330s] -- Installing: /home/ubuntu/ROS2/ros_workspace_name/act_mov_ws/install/act_mov_interfaces/include/act_mov_interfaces/act_mov_interfaces/action/detail/navigate__rosidl_typesupport_fastrtps_cpp.hpp
[13.331s] -- Installing: /home/ubuntu/ROS2/ros_workspace_name/act_mov_ws/install/act_mov_interfaces/include/act_mov_interfaces/act_mov_interfaces/action/detail/dds_fastrtps
[13.331s] -- Up-to-date: /home/ubuntu/ROS2/ros_workspace_name/act_mov_ws/install/act_mov_interfaces/include/act_mov_interfaces/act_mov_interfaces/msg
[13.331s] -- Installing: /home/ubuntu/ROS2/ros_workspace_name/act_mov_ws/install/act_mov_interfaces/include/act_mov_interfaces/act_mov_interfaces/msg/rosidl_typesupport_fastrtps_cpp__visibility_control.h
[13.331s] -- Installing: /home/ubuntu/ROS2/ros_workspace_name/act_mov_ws/install/act_mov_interfaces/lib/libact_mov_interfaces__rosidl_typesupport_fastrtps_cpp.so
[13.332s] -- Set non-toolchain portion of runtime path of "/home/ubuntu/ROS2/ros_workspace_name/act_mov_ws/install/act_mov_interfaces/lib/libact_mov_interfaces__rosidl_typesupport_fastrtps_cpp.so" to ""
[13.332s] -- Up-to-date: /home/ubuntu/ROS2/ros_workspace_name/act_mov_ws/install/act_mov_interfaces/include/act_mov_interfaces/act_mov_interfaces
[13.333s] -- Up-to-date: /home/ubuntu/ROS2/ros_workspace_name/act_mov_ws/install/act_mov_interfaces/include/act_mov_interfaces/act_mov_interfaces/action
[13.333s] -- Up-to-date: /home/ubuntu/ROS2/ros_workspace_name/act_mov_ws/install/act_mov_interfaces/include/act_mov_interfaces/act_mov_interfaces/action/detail
[13.333s] -- Installing: /home/ubuntu/ROS2/ros_workspace_name/act_mov_ws/install/act_mov_interfaces/include/act_mov_interfaces/act_mov_interfaces/action/detail/navigate__rosidl_typesupport_introspection_cpp.hpp
[13.333s] -- Installing: /home/ubuntu/ROS2/ros_workspace_name/act_mov_ws/install/act_mov_interfaces/include/act_mov_interfaces/act_mov_interfaces/action/detail/navigate__type_support.cpp
[13.334s] -- Installing: /home/ubuntu/ROS2/ros_workspace_name/act_mov_ws/install/act_mov_interfaces/lib/libact_mov_interfaces__rosidl_typesupport_introspection_cpp.so
[13.334s] -- Set non-toolchain portion of runtime path of "/home/ubuntu/ROS2/ros_workspace_name/act_mov_ws/install/act_mov_interfaces/lib/libact_mov_interfaces__rosidl_typesupport_introspection_cpp.so" to ""
[13.334s] -- Installing: /home/ubuntu/ROS2/ros_workspace_name/act_mov_ws/install/act_mov_interfaces/lib/libact_mov_interfaces__rosidl_typesupport_cpp.so
[13.334s] -- Set non-toolchain portion of runtime path of "/home/ubuntu/ROS2/ros_workspace_name/act_mov_ws/install/act_mov_interfaces/lib/libact_mov_interfaces__rosidl_typesupport_cpp.so" to ""
[13.336s] -- Installing: /home/ubuntu/ROS2/ros_workspace_name/act_mov_ws/install/act_mov_interfaces/share/act_mov_interfaces/environment/pythonpath.sh
[13.337s] -- Installing: /home/ubuntu/ROS2/ros_workspace_name/act_mov_ws/install/act_mov_interfaces/share/act_mov_interfaces/environment/pythonpath.dsv
[13.338s] -- Installing: /home/ubuntu/ROS2/ros_workspace_name/act_mov_ws/install/act_mov_interfaces/lib/python3.12/site-packages/act_mov_interfaces-0.0.1-py3.12.egg-info
[13.338s] -- Installing: /home/ubuntu/ROS2/ros_workspace_name/act_mov_ws/install/act_mov_interfaces/lib/python3.12/site-packages/act_mov_interfaces-0.0.1-py3.12.egg-info/dependency_links.txt
[13.338s] -- Installing: /home/ubuntu/ROS2/ros_workspace_name/act_mov_ws/install/act_mov_interfaces/lib/python3.12/site-packages/act_mov_interfaces-0.0.1-py3.12.egg-info/SOURCES.txt
[13.340s] -- Installing: /home/ubuntu/ROS2/ros_workspace_name/act_mov_ws/install/act_mov_interfaces/lib/python3.12/site-packages/act_mov_interfaces-0.0.1-py3.12.egg-info/PKG-INFO
[13.341s] -- Installing: /home/ubuntu/ROS2/ros_workspace_name/act_mov_ws/install/act_mov_interfaces/lib/python3.12/site-packages/act_mov_interfaces-0.0.1-py3.12.egg-info/top_level.txt
[13.341s] -- Installing: /home/ubuntu/ROS2/ros_workspace_name/act_mov_ws/install/act_mov_interfaces/lib/python3.12/site-packages/act_mov_interfaces
[13.341s] -- Installing: /home/ubuntu/ROS2/ros_workspace_name/act_mov_ws/install/act_mov_interfaces/lib/python3.12/site-packages/act_mov_interfaces/_act_mov_interfaces_s.ep.rosidl_typesupport_introspection_c.c
[13.342s] -- Installing: /home/ubuntu/ROS2/ros_workspace_name/act_mov_ws/install/act_mov_interfaces/lib/python3.12/site-packages/act_mov_interfaces/_act_mov_interfaces_s.ep.rosidl_typesupport_c.c
[13.342s] -- Installing: /home/ubuntu/ROS2/ros_workspace_name/act_mov_ws/install/act_mov_interfaces/lib/python3.12/site-packages/act_mov_interfaces/action
[13.342s] -- Installing: /home/ubuntu/ROS2/ros_workspace_name/act_mov_ws/install/act_mov_interfaces/lib/python3.12/site-packages/act_mov_interfaces/action/_navigate.py
[13.342s] -- Installing: /home/ubuntu/ROS2/ros_workspace_name/act_mov_ws/install/act_mov_interfaces/lib/python3.12/site-packages/act_mov_interfaces/action/__init__.py
[13.342s] -- Installing: /home/ubuntu/ROS2/ros_workspace_name/act_mov_ws/install/act_mov_interfaces/lib/python3.12/site-packages/act_mov_interfaces/action/_navigate_s.c
[13.343s] -- Installing: /home/ubuntu/ROS2/ros_workspace_name/act_mov_ws/install/act_mov_interfaces/lib/python3.12/site-packages/act_mov_interfaces/__init__.py
[13.343s] -- Installing: /home/ubuntu/ROS2/ros_workspace_name/act_mov_ws/install/act_mov_interfaces/lib/python3.12/site-packages/act_mov_interfaces/act_mov_interfaces_s__rosidl_typesupport_fastrtps_c.so
[13.343s] -- Installing: /home/ubuntu/ROS2/ros_workspace_name/act_mov_ws/install/act_mov_interfaces/lib/python3.12/site-packages/act_mov_interfaces/act_mov_interfaces_s__rosidl_typesupport_introspection_c.so
[13.343s] -- Installing: /home/ubuntu/ROS2/ros_workspace_name/act_mov_ws/install/act_mov_interfaces/lib/python3.12/site-packages/act_mov_interfaces/_act_mov_interfaces_s.ep.rosidl_typesupport_fastrtps_c.c
[13.343s] -- Installing: /home/ubuntu/ROS2/ros_workspace_name/act_mov_ws/install/act_mov_interfaces/lib/python3.12/site-packages/act_mov_interfaces/act_mov_interfaces_s__rosidl_typesupport_c.so
[13.412s] Listing '/home/ubuntu/ROS2/ros_workspace_name/act_mov_ws/install/act_mov_interfaces/lib/python3.12/site-packages/act_mov_interfaces'...
[13.412s] Compiling '/home/ubuntu/ROS2/ros_workspace_name/act_mov_ws/install/act_mov_interfaces/lib/python3.12/site-packages/act_mov_interfaces/__init__.py'...
[13.412s] Listing '/home/ubuntu/ROS2/ros_workspace_name/act_mov_ws/install/act_mov_interfaces/lib/python3.12/site-packages/act_mov_interfaces/action'...
[13.413s] Compiling '/home/ubuntu/ROS2/ros_workspace_name/act_mov_ws/install/act_mov_interfaces/lib/python3.12/site-packages/act_mov_interfaces/action/__init__.py'...
[13.413s] Compiling '/home/ubuntu/ROS2/ros_workspace_name/act_mov_ws/install/act_mov_interfaces/lib/python3.12/site-packages/act_mov_interfaces/action/_navigate.py'...
[13.421s] -- Installing: /home/ubuntu/ROS2/ros_workspace_name/act_mov_ws/install/act_mov_interfaces/lib/python3.12/site-packages/act_mov_interfaces/act_mov_interfaces_s__rosidl_typesupport_fastrtps_c.so
[13.422s] -- Set non-toolchain portion of runtime path of "/home/ubuntu/ROS2/ros_workspace_name/act_mov_ws/install/act_mov_interfaces/lib/python3.12/site-packages/act_mov_interfaces/act_mov_interfaces_s__rosidl_typesupport_fastrtps_c.so" to ""
[13.422s] -- Installing: /home/ubuntu/ROS2/ros_workspace_name/act_mov_ws/install/act_mov_interfaces/lib/python3.12/site-packages/act_mov_interfaces/act_mov_interfaces_s__rosidl_typesupport_introspection_c.so
[13.422s] -- Set non-toolchain portion of runtime path of "/home/ubuntu/ROS2/ros_workspace_name/act_mov_ws/install/act_mov_interfaces/lib/python3.12/site-packages/act_mov_interfaces/act_mov_interfaces_s__rosidl_typesupport_introspection_c.so" to ""
[13.423s] -- Installing: /home/ubuntu/ROS2/ros_workspace_name/act_mov_ws/install/act_mov_interfaces/lib/python3.12/site-packages/act_mov_interfaces/act_mov_interfaces_s__rosidl_typesupport_c.so
[13.423s] -- Set non-toolchain portion of runtime path of "/home/ubuntu/ROS2/ros_workspace_name/act_mov_ws/install/act_mov_interfaces/lib/python3.12/site-packages/act_mov_interfaces/act_mov_interfaces_s__rosidl_typesupport_c.so" to ""
[13.424s] -- Installing: /home/ubuntu/ROS2/ros_workspace_name/act_mov_ws/install/act_mov_interfaces/lib/libact_mov_interfaces__rosidl_generator_py.so
[13.424s] -- Set non-toolchain portion of runtime path of "/home/ubuntu/ROS2/ros_workspace_name/act_mov_ws/install/act_mov_interfaces/lib/libact_mov_interfaces__rosidl_generator_py.so" to ""
[13.424s] -- Installing: /home/ubuntu/ROS2/ros_workspace_name/act_mov_ws/install/act_mov_interfaces/share/act_mov_interfaces/action/Navigate.idl
[13.424s] -- Installing: /home/ubuntu/ROS2/ros_workspace_name/act_mov_ws/install/act_mov_interfaces/share/act_mov_interfaces/action/Navigate.action
[13.425s] -- Installing: /home/ubuntu/ROS2/ros_workspace_name/act_mov_ws/install/act_mov_interfaces/share/ament_index/resource_index/package_run_dependencies/act_mov_interfaces
[13.425s] -- Installing: /home/ubuntu/ROS2/ros_workspace_name/act_mov_ws/install/act_mov_interfaces/share/ament_index/resource_index/parent_prefix_path/act_mov_interfaces
[13.425s] -- Installing: /home/ubuntu/ROS2/ros_workspace_name/act_mov_ws/install/act_mov_interfaces/share/act_mov_interfaces/environment/ament_prefix_path.sh
[13.425s] -- Installing: /home/ubuntu/ROS2/ros_workspace_name/act_mov_ws/install/act_mov_interfaces/share/act_mov_interfaces/environment/ament_prefix_path.dsv
[13.426s] -- Installing: /home/ubuntu/ROS2/ros_workspace_name/act_mov_ws/install/act_mov_interfaces/share/act_mov_interfaces/environment/path.sh
[13.426s] -- Installing: /home/ubuntu/ROS2/ros_workspace_name/act_mov_ws/install/act_mov_interfaces/share/act_mov_interfaces/environment/path.dsv
[13.426s] -- Installing: /home/ubuntu/ROS2/ros_workspace_name/act_mov_ws/install/act_mov_interfaces/share/act_mov_interfaces/local_setup.bash
[13.426s] -- Installing: /home/ubuntu/ROS2/ros_workspace_name/act_mov_ws/install/act_mov_interfaces/share/act_mov_interfaces/local_setup.sh
[13.427s] -- Installing: /home/ubuntu/ROS2/ros_workspace_name/act_mov_ws/install/act_mov_interfaces/share/act_mov_interfaces/local_setup.zsh
[13.427s] -- Installing: /home/ubuntu/ROS2/ros_workspace_name/act_mov_ws/install/act_mov_interfaces/share/act_mov_interfaces/local_setup.dsv
[13.427s] -- Installing: /home/ubuntu/ROS2/ros_workspace_name/act_mov_ws/install/act_mov_interfaces/share/act_mov_interfaces/package.dsv
[13.427s] -- Installing: /home/ubuntu/ROS2/ros_workspace_name/act_mov_ws/install/act_mov_interfaces/share/ament_index/resource_index/packages/act_mov_interfaces
[13.428s] -- Installing: /home/ubuntu/ROS2/ros_workspace_name/act_mov_ws/install/act_mov_interfaces/share/act_mov_interfaces/cmake/export_act_mov_interfaces__rosidl_generator_cExport.cmake
[13.428s] -- Installing: /home/ubuntu/ROS2/ros_workspace_name/act_mov_ws/install/act_mov_interfaces/share/act_mov_interfaces/cmake/export_act_mov_interfaces__rosidl_generator_cExport-noconfig.cmake
[13.428s] -- Installing: /home/ubuntu/ROS2/ros_workspace_name/act_mov_ws/install/act_mov_interfaces/share/act_mov_interfaces/cmake/export_act_mov_interfaces__rosidl_typesupport_fastrtps_cExport.cmake
[13.429s] -- Installing: /home/ubuntu/ROS2/ros_workspace_name/act_mov_ws/install/act_mov_interfaces/share/act_mov_interfaces/cmake/export_act_mov_interfaces__rosidl_typesupport_fastrtps_cExport-noconfig.cmake
[13.429s] -- Installing: /home/ubuntu/ROS2/ros_workspace_name/act_mov_ws/install/act_mov_interfaces/share/act_mov_interfaces/cmake/act_mov_interfaces__rosidl_typesupport_introspection_cExport.cmake
[13.429s] -- Installing: /home/ubuntu/ROS2/ros_workspace_name/act_mov_ws/install/act_mov_interfaces/share/act_mov_interfaces/cmake/act_mov_interfaces__rosidl_typesupport_introspection_cExport-noconfig.cmake
[13.429s] -- Installing: /home/ubuntu/ROS2/ros_workspace_name/act_mov_ws/install/act_mov_interfaces/share/act_mov_interfaces/cmake/act_mov_interfaces__rosidl_typesupport_cExport.cmake
[13.430s] -- Installing: /home/ubuntu/ROS2/ros_workspace_name/act_mov_ws/install/act_mov_interfaces/share/act_mov_interfaces/cmake/act_mov_interfaces__rosidl_typesupport_cExport-noconfig.cmake
[13.430s] -- Installing: /home/ubuntu/ROS2/ros_workspace_name/act_mov_ws/install/act_mov_interfaces/share/act_mov_interfaces/cmake/export_act_mov_interfaces__rosidl_generator_cppExport.cmake
[13.430s] -- Installing: /home/ubuntu/ROS2/ros_workspace_name/act_mov_ws/install/act_mov_interfaces/share/act_mov_interfaces/cmake/export_act_mov_interfaces__rosidl_typesupport_fastrtps_cppExport.cmake
[13.430s] -- Installing: /home/ubuntu/ROS2/ros_workspace_name/act_mov_ws/install/act_mov_interfaces/share/act_mov_interfaces/cmake/export_act_mov_interfaces__rosidl_typesupport_fastrtps_cppExport-noconfig.cmake
[13.431s] -- Installing: /home/ubuntu/ROS2/ros_workspace_name/act_mov_ws/install/act_mov_interfaces/share/act_mov_interfaces/cmake/act_mov_interfaces__rosidl_typesupport_introspection_cppExport.cmake
[13.431s] -- Installing: /home/ubuntu/ROS2/ros_workspace_name/act_mov_ws/install/act_mov_interfaces/share/act_mov_interfaces/cmake/act_mov_interfaces__rosidl_typesupport_introspection_cppExport-noconfig.cmake
[13.431s] -- Installing: /home/ubuntu/ROS2/ros_workspace_name/act_mov_ws/install/act_mov_interfaces/share/act_mov_interfaces/cmake/act_mov_interfaces__rosidl_typesupport_cppExport.cmake
[13.431s] -- Installing: /home/ubuntu/ROS2/ros_workspace_name/act_mov_ws/install/act_mov_interfaces/share/act_mov_interfaces/cmake/act_mov_interfaces__rosidl_typesupport_cppExport-noconfig.cmake
[13.432s] -- Installing: /home/ubuntu/ROS2/ros_workspace_name/act_mov_ws/install/act_mov_interfaces/share/act_mov_interfaces/cmake/export_act_mov_interfaces__rosidl_generator_pyExport.cmake
[13.432s] -- Installing: /home/ubuntu/ROS2/ros_workspace_name/act_mov_ws/install/act_mov_interfaces/share/act_mov_interfaces/cmake/export_act_mov_interfaces__rosidl_generator_pyExport-noconfig.cmake
[13.432s] -- Installing: /home/ubuntu/ROS2/ros_workspace_name/act_mov_ws/install/act_mov_interfaces/share/act_mov_interfaces/cmake/rosidl_cmake-extras.cmake
[13.433s] -- Installing: /home/ubuntu/ROS2/ros_workspace_name/act_mov_ws/install/act_mov_interfaces/share/act_mov_interfaces/cmake/ament_cmake_export_dependencies-extras.cmake
[13.433s] -- Installing: /home/ubuntu/ROS2/ros_workspace_name/act_mov_ws/install/act_mov_interfaces/share/act_mov_interfaces/cmake/ament_cmake_export_include_directories-extras.cmake
[13.433s] -- Installing: /home/ubuntu/ROS2/ros_workspace_name/act_mov_ws/install/act_mov_interfaces/share/act_mov_interfaces/cmake/ament_cmake_export_libraries-extras.cmake
[13.433s] -- Installing: /home/ubuntu/ROS2/ros_workspace_name/act_mov_ws/install/act_mov_interfaces/share/act_mov_interfaces/cmake/ament_cmake_export_targets-extras.cmake
[13.433s] -- Installing: /home/ubuntu/ROS2/ros_workspace_name/act_mov_ws/install/act_mov_interfaces/share/act_mov_interfaces/cmake/rosidl_cmake_export_typesupport_targets-extras.cmake
[13.434s] -- Installing: /home/ubuntu/ROS2/ros_workspace_name/act_mov_ws/install/act_mov_interfaces/share/act_mov_interfaces/cmake/rosidl_cmake_export_typesupport_libraries-extras.cmake
[13.434s] -- Installing: /home/ubuntu/ROS2/ros_workspace_name/act_mov_ws/install/act_mov_interfaces/share/act_mov_interfaces/cmake/act_mov_interfacesConfig.cmake
[13.434s] -- Installing: /home/ubuntu/ROS2/ros_workspace_name/act_mov_ws/install/act_mov_interfaces/share/act_mov_interfaces/cmake/act_mov_interfacesConfig-version.cmake
[13.434s] -- Installing: /home/ubuntu/ROS2/ros_workspace_name/act_mov_ws/install/act_mov_interfaces/share/act_mov_interfaces/package.xml
[13.438s] Invoked command in '/home/ubuntu/ROS2/ros_workspace_name/act_mov_ws/build/act_mov_interfaces' returned '0': CMAKE_PREFIX_PATH=${CMAKE_PREFIX_PATH}:/opt/ros/jazzy DEBUGINFOD_URLS=https://debuginfod.ubuntu.com /usr/bin/cmake --install /home/ubuntu/ROS2/ros_workspace_name/act_mov_ws/build/act_mov_interfaces
