-- The C compiler identification is GNU 13.3.0
-- The CXX compiler identification is GNU 13.3.0
-- Detecting C compiler ABI info
-- Detecting C compiler ABI info - done
-- Check for working C compiler: /usr/bin/cc - skipped
-- Detecting C compile features
-- Detecting C compile features - done
-- Detecting CXX compiler ABI info
-- Detecting CXX compiler ABI info - done
-- Check for working CXX compiler: /usr/bin/c++ - skipped
-- Detecting CXX compile features
-- Detecting CXX compile features - done
-- Found ament_cmake: 2.5.4 (/opt/ros/jazzy/share/ament_cmake/cmake)
-- Found Python3: /usr/bin/python3 (found version "3.12.3") found components: Interpreter 
-- Found rclcpp: 28.1.9 (/opt/ros/jazzy/share/rclcpp/cmake)
-- Found rosidl_generator_c: 4.6.5 (/opt/ros/jazzy/share/rosidl_generator_c/cmake)
-- Found rosidl_generator_cpp: 4.6.5 (/opt/ros/jazzy/share/rosidl_generator_cpp/cmake)
-- Using all available rosidl_typesupport_c: rosidl_typesupport_fastrtps_c;rosidl_typesupport_introspection_c
-- Using all available rosidl_typesupport_cpp: rosidl_typesupport_fastrtps_cpp;rosidl_typesupport_introspection_cpp
-- Found rmw_implementation_cmake: 7.3.2 (/opt/ros/jazzy/share/rmw_implementation_cmake/cmake)
-- Found rmw_fastrtps_cpp: 8.4.2 (/opt/ros/jazzy/share/rmw_fastrtps_cpp/cmake)
-- Found OpenSSL: /usr/lib/x86_64-linux-gnu/libcrypto.so (found version "3.0.13")  
-- Found FastRTPS: /opt/ros/jazzy/include (Required is at least version "2.13") 
-- Using RMW implementation 'rmw_fastrtps_cpp' as default
-- Found rosidl_default_generators: 1.6.0 (/opt/ros/jazzy/share/rosidl_default_generators/cmake)
-- Found rosidl_adapter: 4.6.5 (/opt/ros/jazzy/share/rosidl_adapter/cmake)
-- Found sensor_msgs: 5.3.6 (/opt/ros/jazzy/share/sensor_msgs/cmake)
-- Found OpenCV: /usr (found version "4.6.0") 
-- Found cv_bridge: 4.1.0 (/opt/ros/jazzy/share/cv_bridge/cmake)
-- Found ament_cmake_cppcheck: 0.17.2 (/opt/ros/jazzy/share/ament_cmake_cppcheck/cmake)
-- Found ament_cmake_cpplint: 0.17.2 (/opt/ros/jazzy/share/ament_cmake_cpplint/cmake)
-- Found ament_cmake_uncrustify: 0.17.2 (/opt/ros/jazzy/share/ament_cmake_uncrustify/cmake)
-- Found ament_cmake_ros: 0.12.0 (/opt/ros/jazzy/share/ament_cmake_ros/cmake)
-- Using all available rosidl_typesupport_c: rosidl_typesupport_fastrtps_c;rosidl_typesupport_introspection_c
-- Using all available rosidl_typesupport_cpp: rosidl_typesupport_fastrtps_cpp;rosidl_typesupport_introspection_cpp
-- Found python_cmake_module: 0.11.1 (/opt/ros/jazzy/share/python_cmake_module/cmake)
-- Found PythonExtra: /usr/bin/python3  
-- Found Python3: /usr/bin/python3 (found version "3.12.3") found components: Interpreter Development NumPy Development.Module Development.Embed 
-- Found ament_cmake_flake8: 0.17.2 (/opt/ros/jazzy/share/ament_cmake_flake8/cmake)
-- Found ament_cmake_pep257: 0.17.2 (/opt/ros/jazzy/share/ament_cmake_pep257/cmake)
-- Found ament_lint_auto: 0.17.2 (/opt/ros/jazzy/share/ament_lint_auto/cmake)
-- Added test 'cppcheck' to perform static code analysis on C / C++ code
-- Configured cppcheck include dirs: 
-- Configured cppcheck exclude dirs and/or files: 
-- Added test 'cpplint' to check C / C++ code against the Google style
-- Configured cpplint exclude dirs and/or files: 
-- Added test 'uncrustify' to check C / C++ code style
-- Configured uncrustify additional arguments: 
-- Added test 'lint_cmake' to check CMake code style
-- Added test 'xmllint' to check XML markup files
-- Configuring done (4.4s)
-- Generating done (0.0s)
-- Build files have been written to: /home/ubuntu/ROS2/ros_workspace_name/service_camera_ws/build/service_camera_pkg
[  2%] [34m[1mGenerating type hashes for ROS interfaces[0m
[  2%] Built target ament_cmake_python_copy_service_camera_pkg
[  2%] Built target service_camera_pkg__rosidl_generator_type_description
[  5%] [34m[1mGenerating C code for ROS interfaces[0m
[  7%] [34m[1mGenerating C++ code for ROS interfaces[0m
running egg_info
creating service_camera_pkg.egg-info
writing service_camera_pkg.egg-info/PKG-INFO
writing dependency_links to service_camera_pkg.egg-info/dependency_links.txt
writing top-level names to service_camera_pkg.egg-info/top_level.txt
writing manifest file 'service_camera_pkg.egg-info/SOURCES.txt'
reading manifest file 'service_camera_pkg.egg-info/SOURCES.txt'
writing manifest file 'service_camera_pkg.egg-info/SOURCES.txt'
[  7%] Built target ament_cmake_python_build_service_camera_pkg_egg
[ 10%] [32mBuilding C object CMakeFiles/service_camera_pkg__rosidl_generator_c.dir/rosidl_generator_c/service_camera_pkg/srv/detail/turn_camera__functions.c.o[0m
[ 13%] [32mBuilding C object CMakeFiles/service_camera_pkg__rosidl_generator_c.dir/rosidl_generator_c/service_camera_pkg/srv/detail/turn_camera__type_support.c.o[0m
[ 13%] Built target service_camera_pkg__cpp
[ 15%] [32mBuilding C object CMakeFiles/service_camera_pkg__rosidl_generator_c.dir/rosidl_generator_c/service_camera_pkg/srv/detail/turn_camera__description.c.o[0m
[ 18%] [32mBuilding CXX object CMakeFiles/turn_camera_client.dir/src/turn_camera_client.cpp.o[0m
[ 21%] [32mBuilding CXX object CMakeFiles/turn_camera_service_server.dir/src/turn_camera_service_server.cpp.o[0m
[ 23%] [32m[1mLinking C shared library libservice_camera_pkg__rosidl_generator_c.so[0m
[ 23%] Built target service_camera_pkg__rosidl_generator_c
[ 26%] [34m[1mGenerating C++ type support dispatch for ROS interfaces[0m
[ 31%] [34m[1mGenerating C++ type support for eProsima Fast-RTPS[0m
[ 31%] [34m[1mGenerating C type support for eProsima Fast-RTPS[0m
[ 34%] [34m[1mGenerating C type support dispatch for ROS interfaces[0m
[ 39%] [34m[1mGenerating C++ introspection for ROS interfaces[0m
[ 39%] [34m[1mGenerating C introspection for ROS interfaces[0m
[ 42%] [32mBuilding CXX object CMakeFiles/service_camera_pkg__rosidl_typesupport_c.dir/rosidl_typesupport_c/service_camera_pkg/srv/turn_camera__type_support.cpp.o[0m
[ 44%] [32mBuilding CXX object CMakeFiles/service_camera_pkg__rosidl_typesupport_cpp.dir/rosidl_typesupport_cpp/service_camera_pkg/srv/turn_camera__type_support.cpp.o[0m
[ 47%] [32m[1mLinking CXX shared library libservice_camera_pkg__rosidl_typesupport_c.so[0m
[ 50%] [32mBuilding C object CMakeFiles/service_camera_pkg__rosidl_typesupport_introspection_c.dir/rosidl_typesupport_introspection_c/service_camera_pkg/srv/detail/turn_camera__type_support.c.o[0m
[ 52%] [32mBuilding CXX object CMakeFiles/service_camera_pkg__rosidl_typesupport_introspection_cpp.dir/rosidl_typesupport_introspection_cpp/service_camera_pkg/srv/detail/turn_camera__type_support.cpp.o[0m
[ 52%] Built target service_camera_pkg__rosidl_typesupport_c
[ 55%] [32m[1mLinking C shared library libservice_camera_pkg__rosidl_typesupport_introspection_c.so[0m
[ 57%] [32mBuilding CXX object CMakeFiles/service_camera_pkg__rosidl_typesupport_fastrtps_c.dir/rosidl_typesupport_fastrtps_c/service_camera_pkg/srv/detail/turn_camera__type_support_c.cpp.o[0m
[ 57%] Built target service_camera_pkg__rosidl_typesupport_introspection_c
[ 60%] [32mBuilding CXX object CMakeFiles/service_camera_pkg__rosidl_typesupport_fastrtps_cpp.dir/rosidl_typesupport_fastrtps_cpp/service_camera_pkg/srv/detail/dds_fastrtps/turn_camera__type_support.cpp.o[0m
[ 63%] [32m[1mLinking CXX shared library libservice_camera_pkg__rosidl_typesupport_cpp.so[0m
[ 63%] Built target service_camera_pkg__rosidl_typesupport_cpp
[ 65%] [32m[1mLinking CXX shared library libservice_camera_pkg__rosidl_typesupport_introspection_cpp.so[0m
[ 65%] Built target service_camera_pkg__rosidl_typesupport_introspection_cpp
[ 68%] [32m[1mLinking CXX shared library libservice_camera_pkg__rosidl_typesupport_fastrtps_c.so[0m
[ 68%] Built target service_camera_pkg__rosidl_typesupport_fastrtps_c
[ 71%] [32m[1mLinking CXX shared library libservice_camera_pkg__rosidl_typesupport_fastrtps_cpp.so[0m
[ 71%] Built target service_camera_pkg__rosidl_typesupport_fastrtps_cpp
[ 71%] Built target service_camera_pkg
[ 73%] [34m[1mGenerating Python code for ROS interfaces[0m
[ 73%] Built target service_camera_pkg__py
[ 76%] [32mBuilding C object CMakeFiles/service_camera_pkg__rosidl_generator_py.dir/rosidl_generator_py/service_camera_pkg/srv/_turn_camera_s.c.o[0m
[ 78%] [32m[1mLinking C shared library libservice_camera_pkg__rosidl_generator_py.so[0m
[ 78%] Built target service_camera_pkg__rosidl_generator_py
[ 81%] [32mBuilding C object CMakeFiles/service_camera_pkg_s__rosidl_typesupport_introspection_c.dir/rosidl_generator_py/service_camera_pkg/_service_camera_pkg_s.ep.rosidl_typesupport_introspection_c.c.o[0m
[ 84%] [32mBuilding C object CMakeFiles/service_camera_pkg_s__rosidl_typesupport_fastrtps_c.dir/rosidl_generator_py/service_camera_pkg/_service_camera_pkg_s.ep.rosidl_typesupport_fastrtps_c.c.o[0m
[ 86%] [32mBuilding C object CMakeFiles/service_camera_pkg_s__rosidl_typesupport_c.dir/rosidl_generator_py/service_camera_pkg/_service_camera_pkg_s.ep.rosidl_typesupport_c.c.o[0m
[ 89%] [32m[1mLinking C shared module rosidl_generator_py/service_camera_pkg/service_camera_pkg_s__rosidl_typesupport_introspection_c.so[0m
[ 92%] [32m[1mLinking C shared module rosidl_generator_py/service_camera_pkg/service_camera_pkg_s__rosidl_typesupport_c.so[0m
[ 94%] [32m[1mLinking C shared module rosidl_generator_py/service_camera_pkg/service_camera_pkg_s__rosidl_typesupport_fastrtps_c.so[0m
[ 94%] Built target service_camera_pkg_s__rosidl_typesupport_introspection_c
[ 94%] Built target service_camera_pkg_s__rosidl_typesupport_c
[ 94%] Built target service_camera_pkg_s__rosidl_typesupport_fastrtps_c
[ 97%] [32m[1mLinking CXX executable turn_camera_client[0m
[100%] [32m[1mLinking CXX executable turn_camera_service_server[0m
/usr/bin/ld: CMakeFiles/turn_camera_service_server.dir/src/turn_camera_service_server.cpp.o: in function `rclcpp::Service<service_camera_pkg::srv::TurnCamera>::Service(std::shared_ptr<rcl_node_s>, std::__cxx11::basic_string<char, std::char_traits<char>, std::allocator<char> > const&, rclcpp::AnyServiceCallback<service_camera_pkg::srv::TurnCamera>, rcl_service_options_s&)':
turn_camera_service_server.cpp:(.text._ZN6rclcpp7ServiceIN18service_camera_pkg3srv10TurnCameraEEC2ESt10shared_ptrI10rcl_node_sERKNSt7__cxx1112basic_stringIcSt11char_traitsIcESaIcEEENS_18AnyServiceCallbackIS3_EER21rcl_service_options_s[_ZN6rclcpp7ServiceIN18service_camera_pkg3srv10TurnCameraEEC5ESt10shared_ptrI10rcl_node_sERKNSt7__cxx1112basic_stringIcSt11char_traitsIcESaIcEEENS_18AnyServiceCallbackIS3_EER21rcl_service_options_s]+0xce): undefined reference to `rosidl_service_type_support_t const* rosidl_typesupport_cpp::get_service_type_support_handle<service_camera_pkg::srv::TurnCamera>()'
collect2: error: ld returned 1 exit status
gmake[2]: *** [CMakeFiles/turn_camera_service_server.dir/build.make:242: turn_camera_service_server] Error 1
gmake[1]: *** [CMakeFiles/Makefile2:625: CMakeFiles/turn_camera_service_server.dir/all] Error 2
gmake[1]: *** Waiting for unfinished jobs....
/usr/bin/ld: CMakeFiles/turn_camera_client.dir/src/turn_camera_client.cpp.o: in function `rclcpp::Client<service_camera_pkg::srv::TurnCamera>::Client(rclcpp::node_interfaces::NodeBaseInterface*, std::shared_ptr<rclcpp::node_interfaces::NodeGraphInterface>, std::__cxx11::basic_string<char, std::char_traits<char>, std::allocator<char> > const&, rcl_client_options_s&)':
turn_camera_client.cpp:(.text._ZN6rclcpp6ClientIN18service_camera_pkg3srv10TurnCameraEEC2EPNS_15node_interfaces17NodeBaseInterfaceESt10shared_ptrINS5_18NodeGraphInterfaceEERKNSt7__cxx1112basic_stringIcSt11char_traitsIcESaIcEEER20rcl_client_options_s[_ZN6rclcpp6ClientIN18service_camera_pkg3srv10TurnCameraEEC5EPNS_15node_interfaces17NodeBaseInterfaceESt10shared_ptrINS5_18NodeGraphInterfaceEERKNSt7__cxx1112basic_stringIcSt11char_traitsIcESaIcEEER20rcl_client_options_s]+0xca): undefined reference to `rosidl_service_type_support_t const* rosidl_typesupport_cpp::get_service_type_support_handle<service_camera_pkg::srv::TurnCamera>()'
collect2: error: ld returned 1 exit status
gmake[2]: *** [CMakeFiles/turn_camera_client.dir/build.make:242: turn_camera_client] Error 1
gmake[1]: *** [CMakeFiles/Makefile2:651: CMakeFiles/turn_camera_client.dir/all] Error 2
gmake: *** [Makefile:146: all] Error 2
