[0.011s] Invoking command in '/home/ubuntu/ROS2/ros_workspace_name/service_camera_ws/build/service_camera_pkg': CMAKE_PREFIX_PATH=${CMAKE_PREFIX_PATH}:/opt/ros/jazzy DEBUGINFOD_URLS=https://debuginfod.ubuntu.com /usr/bin/cmake /home/ubuntu/ROS2/ros_workspace_name/service_camera_ws/src/service_camera_pkg -DCMAKE_INSTALL_PREFIX=/home/ubuntu/ROS2/ros_workspace_name/service_camera_ws/install/service_camera_pkg
[0.144s] -- The C compiler identification is GNU 13.3.0
[0.246s] -- The CXX compiler identification is GNU 13.3.0
[0.268s] -- Detecting C compiler ABI info
[0.369s] -- Detecting C compiler ABI info - done
[0.383s] -- Check for working C compiler: /usr/bin/cc - skipped
[0.383s] -- Detecting C compile features
[0.384s] -- Detecting C compile features - done
[0.395s] -- Detecting CXX compiler ABI info
[0.514s] -- Detecting CXX compiler ABI info - done
[0.525s] -- Check for working CXX compiler: /usr/bin/c++ - skipped
[0.525s] -- Detecting CXX compile features
[0.526s] -- Detecting CXX compile features - done
[0.533s] -- Found ament_cmake: 2.5.4 (/opt/ros/jazzy/share/ament_cmake/cmake)
[0.711s] -- Found Python3: /usr/bin/python3 (found version "3.12.3") found components: Interpreter 
[0.829s] -- Found rclcpp: 28.1.9 (/opt/ros/jazzy/share/rclcpp/cmake)
[0.877s] -- Found rosidl_generator_c: 4.6.5 (/opt/ros/jazzy/share/rosidl_generator_c/cmake)
[0.891s] -- Found rosidl_generator_cpp: 4.6.5 (/opt/ros/jazzy/share/rosidl_generator_cpp/cmake)
[0.914s] -- Using all available rosidl_typesupport_c: rosidl_typesupport_fastrtps_c;rosidl_typesupport_introspection_c
[0.936s] -- Using all available rosidl_typesupport_cpp: rosidl_typesupport_fastrtps_cpp;rosidl_typesupport_introspection_cpp
[1.036s] -- Found rmw_implementation_cmake: 7.3.2 (/opt/ros/jazzy/share/rmw_implementation_cmake/cmake)
[1.040s] -- Found rmw_fastrtps_cpp: 8.4.2 (/opt/ros/jazzy/share/rmw_fastrtps_cpp/cmake)
[1.132s] -- Found OpenSSL: /usr/lib/x86_64-linux-gnu/libcrypto.so (found version "3.0.13")  
[1.164s] -- Found FastRTPS: /opt/ros/jazzy/include (Required is at least version "2.13") 
[1.191s] -- Using RMW implementation 'rmw_fastrtps_cpp' as default
[1.275s] -- Found rosidl_default_generators: 1.6.0 (/opt/ros/jazzy/share/rosidl_default_generators/cmake)
[1.290s] -- Found rosidl_adapter: 4.6.5 (/opt/ros/jazzy/share/rosidl_adapter/cmake)
[1.293s] -- Found sensor_msgs: 5.3.6 (/opt/ros/jazzy/share/sensor_msgs/cmake)
[1.372s] -- Found OpenCV: /usr (found version "4.6.0") 
[1.374s] -- Found cv_bridge: 4.1.0 (/opt/ros/jazzy/share/cv_bridge/cmake)
[2.096s] -- Found ament_cmake_cppcheck: 0.17.2 (/opt/ros/jazzy/share/ament_cmake_cppcheck/cmake)
[2.098s] -- Found ament_cmake_cpplint: 0.17.2 (/opt/ros/jazzy/share/ament_cmake_cpplint/cmake)
[2.100s] -- Found ament_cmake_uncrustify: 0.17.2 (/opt/ros/jazzy/share/ament_cmake_uncrustify/cmake)
[2.102s] -- Found ament_cmake_ros: 0.12.0 (/opt/ros/jazzy/share/ament_cmake_ros/cmake)
[3.189s] -- Using all available rosidl_typesupport_c: rosidl_typesupport_fastrtps_c;rosidl_typesupport_introspection_c
[3.651s] -- Using all available rosidl_typesupport_cpp: rosidl_typesupport_fastrtps_cpp;rosidl_typesupport_introspection_cpp
[3.655s] -- Found python_cmake_module: 0.11.1 (/opt/ros/jazzy/share/python_cmake_module/cmake)
[3.812s] -- Found PythonExtra: /usr/bin/python3  
[4.282s] -- Found Python3: /usr/bin/python3 (found version "3.12.3") found components: Interpreter Development NumPy Development.Module Development.Embed 
[4.352s] -- Found ament_cmake_flake8: 0.17.2 (/opt/ros/jazzy/share/ament_cmake_flake8/cmake)
[4.354s] -- Found ament_cmake_pep257: 0.17.2 (/opt/ros/jazzy/share/ament_cmake_pep257/cmake)
[4.362s] -- Found ament_lint_auto: 0.17.2 (/opt/ros/jazzy/share/ament_lint_auto/cmake)
[4.372s] -- Added test 'cppcheck' to perform static code analysis on C / C++ code
[4.372s] -- Configured cppcheck include dirs: 
[4.372s] -- Configured cppcheck exclude dirs and/or files: 
[4.373s] -- Added test 'cpplint' to check C / C++ code against the Google style
[4.373s] -- Configured cpplint exclude dirs and/or files: 
[4.374s] -- Added test 'uncrustify' to check C / C++ code style
[4.374s] -- Configured uncrustify additional arguments: 
[4.375s] -- Added test 'lint_cmake' to check CMake code style
[4.380s] -- Added test 'xmllint' to check XML markup files
[4.382s] -- Configuring done (4.4s)
[4.449s] -- Generating done (0.0s)
[4.468s] -- Build files have been written to: /home/ubuntu/ROS2/ros_workspace_name/service_camera_ws/build/service_camera_pkg
[4.485s] Invoked command in '/home/ubuntu/ROS2/ros_workspace_name/service_camera_ws/build/service_camera_pkg' returned '0': CMAKE_PREFIX_PATH=${CMAKE_PREFIX_PATH}:/opt/ros/jazzy DEBUGINFOD_URLS=https://debuginfod.ubuntu.com /usr/bin/cmake /home/ubuntu/ROS2/ros_workspace_name/service_camera_ws/src/service_camera_pkg -DCMAKE_INSTALL_PREFIX=/home/ubuntu/ROS2/ros_workspace_name/service_camera_ws/install/service_camera_pkg
[4.486s] Invoking command in '/home/ubuntu/ROS2/ros_workspace_name/service_camera_ws/build/service_camera_pkg': CMAKE_PREFIX_PATH=${CMAKE_PREFIX_PATH}:/opt/ros/jazzy DEBUGINFOD_URLS=https://debuginfod.ubuntu.com /usr/bin/cmake --build /home/ubuntu/ROS2/ros_workspace_name/service_camera_ws/build/service_camera_pkg -- -j8 -l8
[4.539s] [  2%] [34m[1mGenerating type hashes for ROS interfaces[0m
[4.547s] [  2%] Built target ament_cmake_python_copy_service_camera_pkg
[4.856s] [  2%] Built target service_camera_pkg__rosidl_generator_type_description
[4.871s] [  5%] [34m[1mGenerating C code for ROS interfaces[0m
[4.893s] [  7%] [34m[1mGenerating C++ code for ROS interfaces[0m
[4.930s] running egg_info
[4.932s] creating service_camera_pkg.egg-info
[4.963s] writing service_camera_pkg.egg-info/PKG-INFO
[4.964s] writing dependency_links to service_camera_pkg.egg-info/dependency_links.txt
[4.964s] writing top-level names to service_camera_pkg.egg-info/top_level.txt
[4.964s] writing manifest file 'service_camera_pkg.egg-info/SOURCES.txt'
[5.056s] reading manifest file 'service_camera_pkg.egg-info/SOURCES.txt'
[5.057s] writing manifest file 'service_camera_pkg.egg-info/SOURCES.txt'
[5.097s] [  7%] Built target ament_cmake_python_build_service_camera_pkg_egg
[5.377s] [ 10%] [32mBuilding C object CMakeFiles/service_camera_pkg__rosidl_generator_c.dir/rosidl_generator_c/service_camera_pkg/srv/detail/turn_camera__functions.c.o[0m
[5.377s] [ 13%] [32mBuilding C object CMakeFiles/service_camera_pkg__rosidl_generator_c.dir/rosidl_generator_c/service_camera_pkg/srv/detail/turn_camera__type_support.c.o[0m
[5.377s] [ 13%] Built target service_camera_pkg__cpp
[5.378s] [ 15%] [32mBuilding C object CMakeFiles/service_camera_pkg__rosidl_generator_c.dir/rosidl_generator_c/service_camera_pkg/srv/detail/turn_camera__description.c.o[0m
[5.418s] [ 18%] [32mBuilding CXX object CMakeFiles/turn_camera_client.dir/src/turn_camera_client.cpp.o[0m
[5.418s] [ 21%] [32mBuilding CXX object CMakeFiles/turn_camera_service_server.dir/src/turn_camera_service_server.cpp.o[0m
[5.506s] [ 23%] [32m[1mLinking C shared library libservice_camera_pkg__rosidl_generator_c.so[0m
[5.565s] [ 23%] Built target service_camera_pkg__rosidl_generator_c
[5.590s] [ 26%] [34m[1mGenerating C++ type support dispatch for ROS interfaces[0m
[5.591s] [ 31%] [34m[1mGenerating C++ type support for eProsima Fast-RTPS[0m
[5.591s] [ 31%] [34m[1mGenerating C type support for eProsima Fast-RTPS[0m
[5.597s] [ 34%] [34m[1mGenerating C type support dispatch for ROS interfaces[0m
[5.597s] [ 39%] [34m[1mGenerating C++ introspection for ROS interfaces[0m
[5.597s] [ 39%] [34m[1mGenerating C introspection for ROS interfaces[0m
[6.341s] [ 42%] [32mBuilding CXX object CMakeFiles/service_camera_pkg__rosidl_typesupport_c.dir/rosidl_typesupport_c/service_camera_pkg/srv/turn_camera__type_support.cpp.o[0m
[6.422s] [ 44%] [32mBuilding CXX object CMakeFiles/service_camera_pkg__rosidl_typesupport_cpp.dir/rosidl_typesupport_cpp/service_camera_pkg/srv/turn_camera__type_support.cpp.o[0m
[6.555s] [ 47%] [32m[1mLinking CXX shared library libservice_camera_pkg__rosidl_typesupport_c.so[0m
[6.623s] [ 50%] [32mBuilding C object CMakeFiles/service_camera_pkg__rosidl_typesupport_introspection_c.dir/rosidl_typesupport_introspection_c/service_camera_pkg/srv/detail/turn_camera__type_support.c.o[0m
[6.729s] [ 52%] [32mBuilding CXX object CMakeFiles/service_camera_pkg__rosidl_typesupport_introspection_cpp.dir/rosidl_typesupport_introspection_cpp/service_camera_pkg/srv/detail/turn_camera__type_support.cpp.o[0m
[6.736s] [ 52%] Built target service_camera_pkg__rosidl_typesupport_c
[6.804s] [ 55%] [32m[1mLinking C shared library libservice_camera_pkg__rosidl_typesupport_introspection_c.so[0m
[6.902s] [ 57%] [32mBuilding CXX object CMakeFiles/service_camera_pkg__rosidl_typesupport_fastrtps_c.dir/rosidl_typesupport_fastrtps_c/service_camera_pkg/srv/detail/turn_camera__type_support_c.cpp.o[0m
[6.914s] [ 57%] Built target service_camera_pkg__rosidl_typesupport_introspection_c
[6.980s] [ 60%] [32mBuilding CXX object CMakeFiles/service_camera_pkg__rosidl_typesupport_fastrtps_cpp.dir/rosidl_typesupport_fastrtps_cpp/service_camera_pkg/srv/detail/dds_fastrtps/turn_camera__type_support.cpp.o[0m
[7.741s] [ 63%] [32m[1mLinking CXX shared library libservice_camera_pkg__rosidl_typesupport_cpp.so[0m
[7.963s] [ 63%] Built target service_camera_pkg__rosidl_typesupport_cpp
[7.963s] [ 65%] [32m[1mLinking CXX shared library libservice_camera_pkg__rosidl_typesupport_introspection_cpp.so[0m
[8.121s] [ 65%] Built target service_camera_pkg__rosidl_typesupport_introspection_cpp
[8.266s] [ 68%] [32m[1mLinking CXX shared library libservice_camera_pkg__rosidl_typesupport_fastrtps_c.so[0m
[8.369s] [ 68%] Built target service_camera_pkg__rosidl_typesupport_fastrtps_c
[8.647s] [ 71%] [32m[1mLinking CXX shared library libservice_camera_pkg__rosidl_typesupport_fastrtps_cpp.so[0m
[8.782s] [ 71%] Built target service_camera_pkg__rosidl_typesupport_fastrtps_cpp
[8.811s] [ 71%] Built target service_camera_pkg
[8.840s] [ 73%] [34m[1mGenerating Python code for ROS interfaces[0m
[9.457s] [ 73%] Built target service_camera_pkg__py
[9.483s] [ 76%] [32mBuilding C object CMakeFiles/service_camera_pkg__rosidl_generator_py.dir/rosidl_generator_py/service_camera_pkg/srv/_turn_camera_s.c.o[0m
[9.740s] [ 78%] [32m[1mLinking C shared library libservice_camera_pkg__rosidl_generator_py.so[0m
[9.818s] [ 78%] Built target service_camera_pkg__rosidl_generator_py
[9.861s] [ 81%] [32mBuilding C object CMakeFiles/service_camera_pkg_s__rosidl_typesupport_introspection_c.dir/rosidl_generator_py/service_camera_pkg/_service_camera_pkg_s.ep.rosidl_typesupport_introspection_c.c.o[0m
[9.863s] [ 84%] [32mBuilding C object CMakeFiles/service_camera_pkg_s__rosidl_typesupport_fastrtps_c.dir/rosidl_generator_py/service_camera_pkg/_service_camera_pkg_s.ep.rosidl_typesupport_fastrtps_c.c.o[0m
[9.867s] [ 86%] [32mBuilding C object CMakeFiles/service_camera_pkg_s__rosidl_typesupport_c.dir/rosidl_generator_py/service_camera_pkg/_service_camera_pkg_s.ep.rosidl_typesupport_c.c.o[0m
[10.139s] [ 89%] [32m[1mLinking C shared module rosidl_generator_py/service_camera_pkg/service_camera_pkg_s__rosidl_typesupport_introspection_c.so[0m
[10.209s] [ 92%] [32m[1mLinking C shared module rosidl_generator_py/service_camera_pkg/service_camera_pkg_s__rosidl_typesupport_c.so[0m
[10.218s] [ 94%] [32m[1mLinking C shared module rosidl_generator_py/service_camera_pkg/service_camera_pkg_s__rosidl_typesupport_fastrtps_c.so[0m
[10.230s] [ 94%] Built target service_camera_pkg_s__rosidl_typesupport_introspection_c
[10.268s] [ 94%] Built target service_camera_pkg_s__rosidl_typesupport_c
[10.292s] [ 94%] Built target service_camera_pkg_s__rosidl_typesupport_fastrtps_c
[14.615s] [ 97%] [32m[1mLinking CXX executable turn_camera_client[0m
[14.668s] [100%] [32m[1mLinking CXX executable turn_camera_service_server[0m
[15.333s] /usr/bin/ld: CMakeFiles/turn_camera_service_server.dir/src/turn_camera_service_server.cpp.o: in function `rclcpp::Service<service_camera_pkg::srv::TurnCamera>::Service(std::shared_ptr<rcl_node_s>, std::__cxx11::basic_string<char, std::char_traits<char>, std::allocator<char> > const&, rclcpp::AnyServiceCallback<service_camera_pkg::srv::TurnCamera>, rcl_service_options_s&)':
[15.333s] turn_camera_service_server.cpp:(.text._ZN6rclcpp7ServiceIN18service_camera_pkg3srv10TurnCameraEEC2ESt10shared_ptrI10rcl_node_sERKNSt7__cxx1112basic_stringIcSt11char_traitsIcESaIcEEENS_18AnyServiceCallbackIS3_EER21rcl_service_options_s[_ZN6rclcpp7ServiceIN18service_camera_pkg3srv10TurnCameraEEC5ESt10shared_ptrI10rcl_node_sERKNSt7__cxx1112basic_stringIcSt11char_traitsIcESaIcEEENS_18AnyServiceCallbackIS3_EER21rcl_service_options_s]+0xce): undefined reference to `rosidl_service_type_support_t const* rosidl_typesupport_cpp::get_service_type_support_handle<service_camera_pkg::srv::TurnCamera>()'
[15.381s] collect2: error: ld returned 1 exit status
[15.387s] gmake[2]: *** [CMakeFiles/turn_camera_service_server.dir/build.make:242: turn_camera_service_server] Error 1
[15.388s] gmake[1]: *** [CMakeFiles/Makefile2:625: CMakeFiles/turn_camera_service_server.dir/all] Error 2
[15.388s] gmake[1]: *** Waiting for unfinished jobs....
[15.440s] /usr/bin/ld: CMakeFiles/turn_camera_client.dir/src/turn_camera_client.cpp.o: in function `rclcpp::Client<service_camera_pkg::srv::TurnCamera>::Client(rclcpp::node_interfaces::NodeBaseInterface*, std::shared_ptr<rclcpp::node_interfaces::NodeGraphInterface>, std::__cxx11::basic_string<char, std::char_traits<char>, std::allocator<char> > const&, rcl_client_options_s&)':
[15.440s] turn_camera_client.cpp:(.text._ZN6rclcpp6ClientIN18service_camera_pkg3srv10TurnCameraEEC2EPNS_15node_interfaces17NodeBaseInterfaceESt10shared_ptrINS5_18NodeGraphInterfaceEERKNSt7__cxx1112basic_stringIcSt11char_traitsIcESaIcEEER20rcl_client_options_s[_ZN6rclcpp6ClientIN18service_camera_pkg3srv10TurnCameraEEC5EPNS_15node_interfaces17NodeBaseInterfaceESt10shared_ptrINS5_18NodeGraphInterfaceEERKNSt7__cxx1112basic_stringIcSt11char_traitsIcESaIcEEER20rcl_client_options_s]+0xca): undefined reference to `rosidl_service_type_support_t const* rosidl_typesupport_cpp::get_service_type_support_handle<service_camera_pkg::srv::TurnCamera>()'
[15.499s] collect2: error: ld returned 1 exit status
[15.500s] gmake[2]: *** [CMakeFiles/turn_camera_client.dir/build.make:242: turn_camera_client] Error 1
[15.500s] gmake[1]: *** [CMakeFiles/Makefile2:651: CMakeFiles/turn_camera_client.dir/all] Error 2
[15.500s] gmake: *** [Makefile:146: all] Error 2
[15.503s] Invoked command in '/home/ubuntu/ROS2/ros_workspace_name/service_camera_ws/build/service_camera_pkg' returned '2': CMAKE_PREFIX_PATH=${CMAKE_PREFIX_PATH}:/opt/ros/jazzy DEBUGINFOD_URLS=https://debuginfod.ubuntu.com /usr/bin/cmake --build /home/ubuntu/ROS2/ros_workspace_name/service_camera_ws/build/service_camera_pkg -- -j8 -l8
