[0.018s] Invoking command in '/home/ubuntu/ROS2/ros_workspace_name/param_launch_pub_sub_ws/build/param_launch_pub_sub_pkg': CMAKE_PREFIX_PATH=${CMAKE_PREFIX_PATH}:/opt/ros/jazzy DEBUGINFOD_URLS=https://debuginfod.ubuntu.com /usr/bin/cmake --build /home/ubuntu/ROS2/ros_workspace_name/param_launch_pub_sub_ws/build/param_launch_pub_sub_pkg -- -j8 -l8
[0.120s] [ 75%] Built target speed_calc
[0.120s] [100%] Built target rpm_pub
[0.144s] Invoked command in '/home/ubuntu/ROS2/ros_workspace_name/param_launch_pub_sub_ws/build/param_launch_pub_sub_pkg' returned '0': CMAKE_PREFIX_PATH=${CMAKE_PREFIX_PATH}:/opt/ros/jazzy DEBUGINFOD_URLS=https://debuginfod.ubuntu.com /usr/bin/cmake --build /home/ubuntu/ROS2/ros_workspace_name/param_launch_pub_sub_ws/build/param_launch_pub_sub_pkg -- -j8 -l8
[0.163s] Invoking command in '/home/ubuntu/ROS2/ros_workspace_name/param_launch_pub_sub_ws/build/param_launch_pub_sub_pkg': CMAKE_PREFIX_PATH=${CMAKE_PREFIX_PATH}:/opt/ros/jazzy DEBUGINFOD_URLS=https://debuginfod.ubuntu.com /usr/bin/cmake --install /home/ubuntu/ROS2/ros_workspace_name/param_launch_pub_sub_ws/build/param_launch_pub_sub_pkg
[0.169s] -- Install configuration: ""
[0.169s] -- Execute custom install script
[0.170s] -- Up-to-date symlink: /home/ubuntu/ROS2/ros_workspace_name/param_launch_pub_sub_ws/install/param_launch_pub_sub_pkg/lib/param_launch_pub_sub_pkg/rpm_pub
[0.170s] -- Up-to-date symlink: /home/ubuntu/ROS2/ros_workspace_name/param_launch_pub_sub_ws/install/param_launch_pub_sub_pkg/lib/param_launch_pub_sub_pkg/speed_calc
[0.170s] -- Symlinking: /home/ubuntu/ROS2/ros_workspace_name/param_launch_pub_sub_ws/install/param_launch_pub_sub_pkg/share/param_launch_pub_sub_pkg//launch/launch_project.launch.py
[0.182s] -- Up-to-date symlink: /home/ubuntu/ROS2/ros_workspace_name/param_launch_pub_sub_ws/install/param_launch_pub_sub_pkg/share/param_launch_pub_sub_pkg//launch/rpm_node.launch.py
[0.182s] -- Up-to-date symlink: /home/ubuntu/ROS2/ros_workspace_name/param_launch_pub_sub_ws/install/param_launch_pub_sub_pkg/share/ament_index/resource_index/package_run_dependencies/param_launch_pub_sub_pkg
[0.182s] -- Up-to-date symlink: /home/ubuntu/ROS2/ros_workspace_name/param_launch_pub_sub_ws/install/param_launch_pub_sub_pkg/share/ament_index/resource_index/parent_prefix_path/param_launch_pub_sub_pkg
[0.182s] -- Up-to-date symlink: /home/ubuntu/ROS2/ros_workspace_name/param_launch_pub_sub_ws/install/param_launch_pub_sub_pkg/share/param_launch_pub_sub_pkg/environment/ament_prefix_path.sh
[0.183s] -- Up-to-date symlink: /home/ubuntu/ROS2/ros_workspace_name/param_launch_pub_sub_ws/install/param_launch_pub_sub_pkg/share/param_launch_pub_sub_pkg/environment/ament_prefix_path.dsv
[0.183s] -- Up-to-date symlink: /home/ubuntu/ROS2/ros_workspace_name/param_launch_pub_sub_ws/install/param_launch_pub_sub_pkg/share/param_launch_pub_sub_pkg/environment/path.sh
[0.183s] -- Up-to-date symlink: /home/ubuntu/ROS2/ros_workspace_name/param_launch_pub_sub_ws/install/param_launch_pub_sub_pkg/share/param_launch_pub_sub_pkg/environment/path.dsv
[0.183s] -- Up-to-date symlink: /home/ubuntu/ROS2/ros_workspace_name/param_launch_pub_sub_ws/install/param_launch_pub_sub_pkg/share/param_launch_pub_sub_pkg/local_setup.bash
[0.183s] -- Up-to-date symlink: /home/ubuntu/ROS2/ros_workspace_name/param_launch_pub_sub_ws/install/param_launch_pub_sub_pkg/share/param_launch_pub_sub_pkg/local_setup.sh
[0.184s] -- Up-to-date symlink: /home/ubuntu/ROS2/ros_workspace_name/param_launch_pub_sub_ws/install/param_launch_pub_sub_pkg/share/param_launch_pub_sub_pkg/local_setup.zsh
[0.184s] -- Up-to-date symlink: /home/ubuntu/ROS2/ros_workspace_name/param_launch_pub_sub_ws/install/param_launch_pub_sub_pkg/share/param_launch_pub_sub_pkg/local_setup.dsv
[0.184s] -- Symlinking: /home/ubuntu/ROS2/ros_workspace_name/param_launch_pub_sub_ws/install/param_launch_pub_sub_pkg/share/param_launch_pub_sub_pkg/package.dsv
[0.194s] -- Up-to-date symlink: /home/ubuntu/ROS2/ros_workspace_name/param_launch_pub_sub_ws/install/param_launch_pub_sub_pkg/share/ament_index/resource_index/packages/param_launch_pub_sub_pkg
[0.194s] -- Up-to-date symlink: /home/ubuntu/ROS2/ros_workspace_name/param_launch_pub_sub_ws/install/param_launch_pub_sub_pkg/share/param_launch_pub_sub_pkg/cmake/param_launch_pub_sub_pkgConfig.cmake
[0.194s] -- Up-to-date symlink: /home/ubuntu/ROS2/ros_workspace_name/param_launch_pub_sub_ws/install/param_launch_pub_sub_pkg/share/param_launch_pub_sub_pkg/cmake/param_launch_pub_sub_pkgConfig-version.cmake
[0.195s] -- Up-to-date symlink: /home/ubuntu/ROS2/ros_workspace_name/param_launch_pub_sub_ws/install/param_launch_pub_sub_pkg/share/param_launch_pub_sub_pkg/package.xml
[0.197s] Invoked command in '/home/ubuntu/ROS2/ros_workspace_name/param_launch_pub_sub_ws/build/param_launch_pub_sub_pkg' returned '0': CMAKE_PREFIX_PATH=${CMAKE_PREFIX_PATH}:/opt/ros/jazzy DEBUGINFOD_URLS=https://debuginfod.ubuntu.com /usr/bin/cmake --install /home/ubuntu/ROS2/ros_workspace_name/param_launch_pub_sub_ws/build/param_launch_pub_sub_pkg
