-- The C compiler identification is GNU 13.3.0
-- The CXX compiler identification is GNU 13.3.0
-- Detecting C compiler ABI info
-- Detecting C compiler ABI info - done
-- Check for working C compiler: /usr/bin/cc - skipped
-- Detecting C compile features
-- Detecting C compile features - done
-- Detecting CXX compiler ABI info
-- Detecting CXX compiler ABI info - done
-- Check for working CXX compiler: /usr/bin/c++ - skipped
-- Detecting CXX compile features
-- Detecting CXX compile features - done
-- Found ament_cmake: 2.5.3 (/opt/ros/jazzy/share/ament_cmake/cmake)
-- Found Python3: /usr/bin/python3 (found version "3.12.3") found components: Interpreter 
-- Override CMake install command with custom implementation using symlinks instead of copying resources
-- Found ament_lint_auto: 0.17.1 (/opt/ros/jazzy/share/ament_lint_auto/cmake)
-- Added test 'lint_cmake' to check CMake code style
-- Added test 'xmllint' to check XML markup files
-- Configuring done (0.6s)
-- Generating done (0.0s)
-- Build files have been written to: /home/ubuntu/ROS2/ros_workspace_name/param_launch_pub_sub_ws/build/param_launch_pub_sub_pkg
-- Install configuration: ""
-- Execute custom install script
-- Symlinking: /home/ubuntu/ROS2/ros_workspace_name/param_launch_pub_sub_ws/install/param_launch_pub_sub_pkg/share/ament_index/resource_index/package_run_dependencies/param_launch_pub_sub_pkg
-- Symlinking: /home/ubuntu/ROS2/ros_workspace_name/param_launch_pub_sub_ws/install/param_launch_pub_sub_pkg/share/ament_index/resource_index/parent_prefix_path/param_launch_pub_sub_pkg
-- Symlinking: /home/ubuntu/ROS2/ros_workspace_name/param_launch_pub_sub_ws/install/param_launch_pub_sub_pkg/share/param_launch_pub_sub_pkg/environment/ament_prefix_path.sh
-- Symlinking: /home/ubuntu/ROS2/ros_workspace_name/param_launch_pub_sub_ws/install/param_launch_pub_sub_pkg/share/param_launch_pub_sub_pkg/environment/ament_prefix_path.dsv
-- Symlinking: /home/ubuntu/ROS2/ros_workspace_name/param_launch_pub_sub_ws/install/param_launch_pub_sub_pkg/share/param_launch_pub_sub_pkg/environment/path.sh
-- Symlinking: /home/ubuntu/ROS2/ros_workspace_name/param_launch_pub_sub_ws/install/param_launch_pub_sub_pkg/share/param_launch_pub_sub_pkg/environment/path.dsv
-- Symlinking: /home/ubuntu/ROS2/ros_workspace_name/param_launch_pub_sub_ws/install/param_launch_pub_sub_pkg/share/param_launch_pub_sub_pkg/local_setup.bash
-- Symlinking: /home/ubuntu/ROS2/ros_workspace_name/param_launch_pub_sub_ws/install/param_launch_pub_sub_pkg/share/param_launch_pub_sub_pkg/local_setup.sh
-- Symlinking: /home/ubuntu/ROS2/ros_workspace_name/param_launch_pub_sub_ws/install/param_launch_pub_sub_pkg/share/param_launch_pub_sub_pkg/local_setup.zsh
-- Symlinking: /home/ubuntu/ROS2/ros_workspace_name/param_launch_pub_sub_ws/install/param_launch_pub_sub_pkg/share/param_launch_pub_sub_pkg/local_setup.dsv
-- Symlinking: /home/ubuntu/ROS2/ros_workspace_name/param_launch_pub_sub_ws/install/param_launch_pub_sub_pkg/share/param_launch_pub_sub_pkg/package.dsv
-- Symlinking: /home/ubuntu/ROS2/ros_workspace_name/param_launch_pub_sub_ws/install/param_launch_pub_sub_pkg/share/ament_index/resource_index/packages/param_launch_pub_sub_pkg
-- Symlinking: /home/ubuntu/ROS2/ros_workspace_name/param_launch_pub_sub_ws/install/param_launch_pub_sub_pkg/share/param_launch_pub_sub_pkg/cmake/param_launch_pub_sub_pkgConfig.cmake
-- Symlinking: /home/ubuntu/ROS2/ros_workspace_name/param_launch_pub_sub_ws/install/param_launch_pub_sub_pkg/share/param_launch_pub_sub_pkg/cmake/param_launch_pub_sub_pkgConfig-version.cmake
-- Symlinking: /home/ubuntu/ROS2/ros_workspace_name/param_launch_pub_sub_ws/install/param_launch_pub_sub_pkg/share/param_launch_pub_sub_pkg/package.xml
