[0.011s] Invoking command in '/home/ubuntu/ROS2/ros_workspace_name/act_mov_ws/build/act_mov_interfaces': CMAKE_PREFIX_PATH=${CMAKE_PREFIX_PATH}:/opt/ros/jazzy DEBUGINFOD_URLS=https://debuginfod.ubuntu.com /usr/bin/cmake --build /home/ubuntu/ROS2/ros_workspace_name/act_mov_ws/build/act_mov_interfaces -- -j8 -l8
[0.067s] [  2%] Built target act_mov_interfaces__rosidl_generator_type_description
[0.083s] [  2%] Built target ament_cmake_python_copy_act_mov_interfaces
[0.103s] [  5%] Built target act_mov_interfaces__cpp
[0.106s] [ 20%] Built target act_mov_interfaces__rosidl_generator_c
[0.164s] [ 29%] Built target act_mov_interfaces__rosidl_typesupport_fastrtps_c
[0.165s] [ 38%] Built target act_mov_interfaces__rosidl_typesupport_introspection_c
[0.176s] [ 47%] Built target act_mov_interfaces__rosidl_typesupport_introspection_cpp
[0.178s] [ 55%] Built target act_mov_interfaces__rosidl_typesupport_cpp
[0.180s] [ 64%] Built target act_mov_interfaces__rosidl_typesupport_fastrtps_cpp
[0.183s] [ 73%] Built target act_mov_interfaces__rosidl_typesupport_c
[0.222s] [ 73%] Built target act_mov_interfaces
[0.265s] [ 76%] Built target act_mov_interfaces__py
[0.313s] [ 82%] Built target act_mov_interfaces__rosidl_generator_py
[0.351s] [ 88%] Built target act_mov_interfaces_s__rosidl_typesupport_fastrtps_c
[0.358s] [100%] Built target act_mov_interfaces_s__rosidl_typesupport_c
[0.359s] [100%] Built target act_mov_interfaces_s__rosidl_typesupport_introspection_c
[0.485s] running egg_info
[0.517s] writing act_mov_interfaces.egg-info/PKG-INFO
[0.517s] writing dependency_links to act_mov_interfaces.egg-info/dependency_links.txt
[0.517s] writing top-level names to act_mov_interfaces.egg-info/top_level.txt
[0.618s] reading manifest file 'act_mov_interfaces.egg-info/SOURCES.txt'
[0.619s] writing manifest file 'act_mov_interfaces.egg-info/SOURCES.txt'
[0.661s] [100%] Built target ament_cmake_python_build_act_mov_interfaces_egg
[0.677s] Invoked command in '/home/ubuntu/ROS2/ros_workspace_name/act_mov_ws/build/act_mov_interfaces' returned '0': CMAKE_PREFIX_PATH=${CMAKE_PREFIX_PATH}:/opt/ros/jazzy DEBUGINFOD_URLS=https://debuginfod.ubuntu.com /usr/bin/cmake --build /home/ubuntu/ROS2/ros_workspace_name/act_mov_ws/build/act_mov_interfaces -- -j8 -l8
[0.691s] Invoking command in '/home/ubuntu/ROS2/ros_workspace_name/act_mov_ws/build/act_mov_interfaces': CMAKE_PREFIX_PATH=${CMAKE_PREFIX_PATH}:/opt/ros/jazzy DEBUGINFOD_URLS=https://debuginfod.ubuntu.com /usr/bin/cmake --install /home/ubuntu/ROS2/ros_workspace_name/act_mov_ws/build/act_mov_interfaces
[0.702s] -- Install configuration: ""
[0.703s] -- Up-to-date: /home/ubuntu/ROS2/ros_workspace_name/act_mov_ws/install/act_mov_interfaces/share/ament_index/resource_index/rosidl_interfaces/act_mov_interfaces
[0.703s] -- Up-to-date: /home/ubuntu/ROS2/ros_workspace_name/act_mov_ws/install/act_mov_interfaces/share/act_mov_interfaces/action/Navigate.json
[0.703s] -- Up-to-date: /home/ubuntu/ROS2/ros_workspace_name/act_mov_ws/install/act_mov_interfaces/include/act_mov_interfaces/act_mov_interfaces
[0.704s] -- Up-to-date: /home/ubuntu/ROS2/ros_workspace_name/act_mov_ws/install/act_mov_interfaces/include/act_mov_interfaces/act_mov_interfaces/action
[0.704s] -- Up-to-date: /home/ubuntu/ROS2/ros_workspace_name/act_mov_ws/install/act_mov_interfaces/include/act_mov_interfaces/act_mov_interfaces/action/navigate.h
[0.704s] -- Up-to-date: /home/ubuntu/ROS2/ros_workspace_name/act_mov_ws/install/act_mov_interfaces/include/act_mov_interfaces/act_mov_interfaces/action/detail
[0.705s] -- Installing: /home/ubuntu/ROS2/ros_workspace_name/act_mov_ws/install/act_mov_interfaces/include/act_mov_interfaces/act_mov_interfaces/action/detail/navigate__type_support.c
[0.705s] -- Up-to-date: /home/ubuntu/ROS2/ros_workspace_name/act_mov_ws/install/act_mov_interfaces/include/act_mov_interfaces/act_mov_interfaces/action/detail/navigate__type_support.h
[0.705s] -- Up-to-date: /home/ubuntu/ROS2/ros_workspace_name/act_mov_ws/install/act_mov_interfaces/include/act_mov_interfaces/act_mov_interfaces/action/detail/navigate__functions.h
[0.705s] -- Up-to-date: /home/ubuntu/ROS2/ros_workspace_name/act_mov_ws/install/act_mov_interfaces/include/act_mov_interfaces/act_mov_interfaces/action/detail/navigate__functions.c
[0.705s] -- Up-to-date: /home/ubuntu/ROS2/ros_workspace_name/act_mov_ws/install/act_mov_interfaces/include/act_mov_interfaces/act_mov_interfaces/action/detail/navigate__description.c
[0.706s] -- Up-to-date: /home/ubuntu/ROS2/ros_workspace_name/act_mov_ws/install/act_mov_interfaces/include/act_mov_interfaces/act_mov_interfaces/action/detail/navigate__struct.h
[0.706s] -- Up-to-date: /home/ubuntu/ROS2/ros_workspace_name/act_mov_ws/install/act_mov_interfaces/include/act_mov_interfaces/act_mov_interfaces/msg
[0.706s] -- Up-to-date: /home/ubuntu/ROS2/ros_workspace_name/act_mov_ws/install/act_mov_interfaces/include/act_mov_interfaces/act_mov_interfaces/msg/rosidl_generator_c__visibility_control.h
[0.706s] -- Up-to-date: /home/ubuntu/ROS2/ros_workspace_name/act_mov_ws/install/act_mov_interfaces/share/act_mov_interfaces/environment/library_path.sh
[0.706s] -- Up-to-date: /home/ubuntu/ROS2/ros_workspace_name/act_mov_ws/install/act_mov_interfaces/share/act_mov_interfaces/environment/library_path.dsv
[0.707s] -- Up-to-date: /home/ubuntu/ROS2/ros_workspace_name/act_mov_ws/install/act_mov_interfaces/lib/libact_mov_interfaces__rosidl_generator_c.so
[0.707s] -- Up-to-date: /home/ubuntu/ROS2/ros_workspace_name/act_mov_ws/install/act_mov_interfaces/include/act_mov_interfaces/act_mov_interfaces
[0.707s] -- Up-to-date: /home/ubuntu/ROS2/ros_workspace_name/act_mov_ws/install/act_mov_interfaces/include/act_mov_interfaces/act_mov_interfaces/action
[0.707s] -- Up-to-date: /home/ubuntu/ROS2/ros_workspace_name/act_mov_ws/install/act_mov_interfaces/include/act_mov_interfaces/act_mov_interfaces/action/detail
[0.708s] -- Up-to-date: /home/ubuntu/ROS2/ros_workspace_name/act_mov_ws/install/act_mov_interfaces/include/act_mov_interfaces/act_mov_interfaces/action/detail/navigate__rosidl_typesupport_fastrtps_c.h
[0.708s] -- Up-to-date: /home/ubuntu/ROS2/ros_workspace_name/act_mov_ws/install/act_mov_interfaces/include/act_mov_interfaces/act_mov_interfaces/msg
[0.708s] -- Up-to-date: /home/ubuntu/ROS2/ros_workspace_name/act_mov_ws/install/act_mov_interfaces/include/act_mov_interfaces/act_mov_interfaces/msg/rosidl_typesupport_fastrtps_c__visibility_control.h
[0.708s] -- Up-to-date: /home/ubuntu/ROS2/ros_workspace_name/act_mov_ws/install/act_mov_interfaces/lib/libact_mov_interfaces__rosidl_typesupport_fastrtps_c.so
[0.708s] -- Up-to-date: /home/ubuntu/ROS2/ros_workspace_name/act_mov_ws/install/act_mov_interfaces/include/act_mov_interfaces/act_mov_interfaces
[0.709s] -- Up-to-date: /home/ubuntu/ROS2/ros_workspace_name/act_mov_ws/install/act_mov_interfaces/include/act_mov_interfaces/act_mov_interfaces/action
[0.709s] -- Up-to-date: /home/ubuntu/ROS2/ros_workspace_name/act_mov_ws/install/act_mov_interfaces/include/act_mov_interfaces/act_mov_interfaces/action/detail
[0.709s] -- Installing: /home/ubuntu/ROS2/ros_workspace_name/act_mov_ws/install/act_mov_interfaces/include/act_mov_interfaces/act_mov_interfaces/action/detail/navigate__type_support.c
[0.709s] -- Up-to-date: /home/ubuntu/ROS2/ros_workspace_name/act_mov_ws/install/act_mov_interfaces/include/act_mov_interfaces/act_mov_interfaces/action/detail/navigate__rosidl_typesupport_introspection_c.h
[0.709s] -- Up-to-date: /home/ubuntu/ROS2/ros_workspace_name/act_mov_ws/install/act_mov_interfaces/include/act_mov_interfaces/act_mov_interfaces/msg
[0.709s] -- Up-to-date: /home/ubuntu/ROS2/ros_workspace_name/act_mov_ws/install/act_mov_interfaces/include/act_mov_interfaces/act_mov_interfaces/msg/rosidl_typesupport_introspection_c__visibility_control.h
[0.710s] -- Up-to-date: /home/ubuntu/ROS2/ros_workspace_name/act_mov_ws/install/act_mov_interfaces/lib/libact_mov_interfaces__rosidl_typesupport_introspection_c.so
[0.710s] -- Up-to-date: /home/ubuntu/ROS2/ros_workspace_name/act_mov_ws/install/act_mov_interfaces/lib/libact_mov_interfaces__rosidl_typesupport_c.so
[0.710s] -- Up-to-date: /home/ubuntu/ROS2/ros_workspace_name/act_mov_ws/install/act_mov_interfaces/include/act_mov_interfaces/act_mov_interfaces
[0.710s] -- Up-to-date: /home/ubuntu/ROS2/ros_workspace_name/act_mov_ws/install/act_mov_interfaces/include/act_mov_interfaces/act_mov_interfaces/action
[0.710s] -- Up-to-date: /home/ubuntu/ROS2/ros_workspace_name/act_mov_ws/install/act_mov_interfaces/include/act_mov_interfaces/act_mov_interfaces/action/navigate.hpp
[0.711s] -- Up-to-date: /home/ubuntu/ROS2/ros_workspace_name/act_mov_ws/install/act_mov_interfaces/include/act_mov_interfaces/act_mov_interfaces/action/detail
[0.711s] -- Up-to-date: /home/ubuntu/ROS2/ros_workspace_name/act_mov_ws/install/act_mov_interfaces/include/act_mov_interfaces/act_mov_interfaces/action/detail/navigate__traits.hpp
[0.711s] -- Up-to-date: /home/ubuntu/ROS2/ros_workspace_name/act_mov_ws/install/act_mov_interfaces/include/act_mov_interfaces/act_mov_interfaces/action/detail/navigate__type_support.hpp
[0.711s] -- Up-to-date: /home/ubuntu/ROS2/ros_workspace_name/act_mov_ws/install/act_mov_interfaces/include/act_mov_interfaces/act_mov_interfaces/action/detail/navigate__struct.hpp
[0.711s] -- Up-to-date: /home/ubuntu/ROS2/ros_workspace_name/act_mov_ws/install/act_mov_interfaces/include/act_mov_interfaces/act_mov_interfaces/action/detail/navigate__builder.hpp
[0.712s] -- Up-to-date: /home/ubuntu/ROS2/ros_workspace_name/act_mov_ws/install/act_mov_interfaces/include/act_mov_interfaces/act_mov_interfaces/msg
[0.712s] -- Up-to-date: /home/ubuntu/ROS2/ros_workspace_name/act_mov_ws/install/act_mov_interfaces/include/act_mov_interfaces/act_mov_interfaces/msg/rosidl_generator_cpp__visibility_control.hpp
[0.712s] -- Up-to-date: /home/ubuntu/ROS2/ros_workspace_name/act_mov_ws/install/act_mov_interfaces/include/act_mov_interfaces/act_mov_interfaces
[0.712s] -- Up-to-date: /home/ubuntu/ROS2/ros_workspace_name/act_mov_ws/install/act_mov_interfaces/include/act_mov_interfaces/act_mov_interfaces/action
[0.712s] -- Up-to-date: /home/ubuntu/ROS2/ros_workspace_name/act_mov_ws/install/act_mov_interfaces/include/act_mov_interfaces/act_mov_interfaces/action/detail
[0.713s] -- Up-to-date: /home/ubuntu/ROS2/ros_workspace_name/act_mov_ws/install/act_mov_interfaces/include/act_mov_interfaces/act_mov_interfaces/action/detail/navigate__rosidl_typesupport_fastrtps_cpp.hpp
[0.713s] -- Up-to-date: /home/ubuntu/ROS2/ros_workspace_name/act_mov_ws/install/act_mov_interfaces/include/act_mov_interfaces/act_mov_interfaces/action/detail/dds_fastrtps
[0.713s] -- Up-to-date: /home/ubuntu/ROS2/ros_workspace_name/act_mov_ws/install/act_mov_interfaces/include/act_mov_interfaces/act_mov_interfaces/msg
[0.713s] -- Up-to-date: /home/ubuntu/ROS2/ros_workspace_name/act_mov_ws/install/act_mov_interfaces/include/act_mov_interfaces/act_mov_interfaces/msg/rosidl_typesupport_fastrtps_cpp__visibility_control.h
[0.713s] -- Up-to-date: /home/ubuntu/ROS2/ros_workspace_name/act_mov_ws/install/act_mov_interfaces/lib/libact_mov_interfaces__rosidl_typesupport_fastrtps_cpp.so
[0.713s] -- Up-to-date: /home/ubuntu/ROS2/ros_workspace_name/act_mov_ws/install/act_mov_interfaces/include/act_mov_interfaces/act_mov_interfaces
[0.713s] -- Up-to-date: /home/ubuntu/ROS2/ros_workspace_name/act_mov_ws/install/act_mov_interfaces/include/act_mov_interfaces/act_mov_interfaces/action
[0.714s] -- Up-to-date: /home/ubuntu/ROS2/ros_workspace_name/act_mov_ws/install/act_mov_interfaces/include/act_mov_interfaces/act_mov_interfaces/action/detail
[0.714s] -- Up-to-date: /home/ubuntu/ROS2/ros_workspace_name/act_mov_ws/install/act_mov_interfaces/include/act_mov_interfaces/act_mov_interfaces/action/detail/navigate__rosidl_typesupport_introspection_cpp.hpp
[0.714s] -- Up-to-date: /home/ubuntu/ROS2/ros_workspace_name/act_mov_ws/install/act_mov_interfaces/include/act_mov_interfaces/act_mov_interfaces/action/detail/navigate__type_support.cpp
[0.714s] -- Up-to-date: /home/ubuntu/ROS2/ros_workspace_name/act_mov_ws/install/act_mov_interfaces/lib/libact_mov_interfaces__rosidl_typesupport_introspection_cpp.so
[0.714s] -- Up-to-date: /home/ubuntu/ROS2/ros_workspace_name/act_mov_ws/install/act_mov_interfaces/lib/libact_mov_interfaces__rosidl_typesupport_cpp.so
[0.714s] -- Up-to-date: /home/ubuntu/ROS2/ros_workspace_name/act_mov_ws/install/act_mov_interfaces/share/act_mov_interfaces/environment/pythonpath.sh
[0.715s] -- Up-to-date: /home/ubuntu/ROS2/ros_workspace_name/act_mov_ws/install/act_mov_interfaces/share/act_mov_interfaces/environment/pythonpath.dsv
[0.715s] -- Up-to-date: /home/ubuntu/ROS2/ros_workspace_name/act_mov_ws/install/act_mov_interfaces/lib/python3.12/site-packages/act_mov_interfaces-0.0.1-py3.12.egg-info
[0.715s] -- Installing: /home/ubuntu/ROS2/ros_workspace_name/act_mov_ws/install/act_mov_interfaces/lib/python3.12/site-packages/act_mov_interfaces-0.0.1-py3.12.egg-info/dependency_links.txt
[0.715s] -- Installing: /home/ubuntu/ROS2/ros_workspace_name/act_mov_ws/install/act_mov_interfaces/lib/python3.12/site-packages/act_mov_interfaces-0.0.1-py3.12.egg-info/SOURCES.txt
[0.715s] -- Installing: /home/ubuntu/ROS2/ros_workspace_name/act_mov_ws/install/act_mov_interfaces/lib/python3.12/site-packages/act_mov_interfaces-0.0.1-py3.12.egg-info/PKG-INFO
[0.715s] -- Installing: /home/ubuntu/ROS2/ros_workspace_name/act_mov_ws/install/act_mov_interfaces/lib/python3.12/site-packages/act_mov_interfaces-0.0.1-py3.12.egg-info/top_level.txt
[0.716s] -- Up-to-date: /home/ubuntu/ROS2/ros_workspace_name/act_mov_ws/install/act_mov_interfaces/lib/python3.12/site-packages/act_mov_interfaces
[0.716s] -- Up-to-date: /home/ubuntu/ROS2/ros_workspace_name/act_mov_ws/install/act_mov_interfaces/lib/python3.12/site-packages/act_mov_interfaces/_act_mov_interfaces_s.ep.rosidl_typesupport_introspection_c.c
[0.716s] -- Up-to-date: /home/ubuntu/ROS2/ros_workspace_name/act_mov_ws/install/act_mov_interfaces/lib/python3.12/site-packages/act_mov_interfaces/_act_mov_interfaces_s.ep.rosidl_typesupport_c.c
[0.716s] -- Up-to-date: /home/ubuntu/ROS2/ros_workspace_name/act_mov_ws/install/act_mov_interfaces/lib/python3.12/site-packages/act_mov_interfaces/action
[0.716s] -- Up-to-date: /home/ubuntu/ROS2/ros_workspace_name/act_mov_ws/install/act_mov_interfaces/lib/python3.12/site-packages/act_mov_interfaces/action/_navigate.py
[0.716s] -- Up-to-date: /home/ubuntu/ROS2/ros_workspace_name/act_mov_ws/install/act_mov_interfaces/lib/python3.12/site-packages/act_mov_interfaces/action/__init__.py
[0.716s] -- Up-to-date: /home/ubuntu/ROS2/ros_workspace_name/act_mov_ws/install/act_mov_interfaces/lib/python3.12/site-packages/act_mov_interfaces/action/_navigate_s.c
[0.717s] -- Up-to-date: /home/ubuntu/ROS2/ros_workspace_name/act_mov_ws/install/act_mov_interfaces/lib/python3.12/site-packages/act_mov_interfaces/__init__.py
[0.717s] -- Up-to-date: /home/ubuntu/ROS2/ros_workspace_name/act_mov_ws/install/act_mov_interfaces/lib/python3.12/site-packages/act_mov_interfaces/act_mov_interfaces_s__rosidl_typesupport_fastrtps_c.so
[0.717s] -- Up-to-date: /home/ubuntu/ROS2/ros_workspace_name/act_mov_ws/install/act_mov_interfaces/lib/python3.12/site-packages/act_mov_interfaces/act_mov_interfaces_s__rosidl_typesupport_introspection_c.so
[0.717s] -- Up-to-date: /home/ubuntu/ROS2/ros_workspace_name/act_mov_ws/install/act_mov_interfaces/lib/python3.12/site-packages/act_mov_interfaces/_act_mov_interfaces_s.ep.rosidl_typesupport_fastrtps_c.c
[0.717s] -- Up-to-date: /home/ubuntu/ROS2/ros_workspace_name/act_mov_ws/install/act_mov_interfaces/lib/python3.12/site-packages/act_mov_interfaces/act_mov_interfaces_s__rosidl_typesupport_c.so
[0.763s] Listing '/home/ubuntu/ROS2/ros_workspace_name/act_mov_ws/install/act_mov_interfaces/lib/python3.12/site-packages/act_mov_interfaces'...
[0.763s] Listing '/home/ubuntu/ROS2/ros_workspace_name/act_mov_ws/install/act_mov_interfaces/lib/python3.12/site-packages/act_mov_interfaces/action'...
[0.770s] -- Up-to-date: /home/ubuntu/ROS2/ros_workspace_name/act_mov_ws/install/act_mov_interfaces/lib/python3.12/site-packages/act_mov_interfaces/act_mov_interfaces_s__rosidl_typesupport_fastrtps_c.so
[0.770s] -- Up-to-date: /home/ubuntu/ROS2/ros_workspace_name/act_mov_ws/install/act_mov_interfaces/lib/python3.12/site-packages/act_mov_interfaces/act_mov_interfaces_s__rosidl_typesupport_introspection_c.so
[0.770s] -- Up-to-date: /home/ubuntu/ROS2/ros_workspace_name/act_mov_ws/install/act_mov_interfaces/lib/python3.12/site-packages/act_mov_interfaces/act_mov_interfaces_s__rosidl_typesupport_c.so
[0.771s] -- Up-to-date: /home/ubuntu/ROS2/ros_workspace_name/act_mov_ws/install/act_mov_interfaces/lib/libact_mov_interfaces__rosidl_generator_py.so
[0.771s] -- Up-to-date: /home/ubuntu/ROS2/ros_workspace_name/act_mov_ws/install/act_mov_interfaces/share/act_mov_interfaces/action/Navigate.idl
[0.772s] -- Up-to-date: /home/ubuntu/ROS2/ros_workspace_name/act_mov_ws/install/act_mov_interfaces/share/act_mov_interfaces/action/Navigate.action
[0.772s] -- Up-to-date: /home/ubuntu/ROS2/ros_workspace_name/act_mov_ws/install/act_mov_interfaces/share/ament_index/resource_index/package_run_dependencies/act_mov_interfaces
[0.772s] -- Up-to-date: /home/ubuntu/ROS2/ros_workspace_name/act_mov_ws/install/act_mov_interfaces/share/ament_index/resource_index/parent_prefix_path/act_mov_interfaces
[0.772s] -- Up-to-date: /home/ubuntu/ROS2/ros_workspace_name/act_mov_ws/install/act_mov_interfaces/share/act_mov_interfaces/environment/ament_prefix_path.sh
[0.773s] -- Up-to-date: /home/ubuntu/ROS2/ros_workspace_name/act_mov_ws/install/act_mov_interfaces/share/act_mov_interfaces/environment/ament_prefix_path.dsv
[0.773s] -- Up-to-date: /home/ubuntu/ROS2/ros_workspace_name/act_mov_ws/install/act_mov_interfaces/share/act_mov_interfaces/environment/path.sh
[0.773s] -- Up-to-date: /home/ubuntu/ROS2/ros_workspace_name/act_mov_ws/install/act_mov_interfaces/share/act_mov_interfaces/environment/path.dsv
[0.773s] -- Up-to-date: /home/ubuntu/ROS2/ros_workspace_name/act_mov_ws/install/act_mov_interfaces/share/act_mov_interfaces/local_setup.bash
[0.773s] -- Up-to-date: /home/ubuntu/ROS2/ros_workspace_name/act_mov_ws/install/act_mov_interfaces/share/act_mov_interfaces/local_setup.sh
[0.773s] -- Up-to-date: /home/ubuntu/ROS2/ros_workspace_name/act_mov_ws/install/act_mov_interfaces/share/act_mov_interfaces/local_setup.zsh
[0.773s] -- Up-to-date: /home/ubuntu/ROS2/ros_workspace_name/act_mov_ws/install/act_mov_interfaces/share/act_mov_interfaces/local_setup.dsv
[0.773s] -- Installing: /home/ubuntu/ROS2/ros_workspace_name/act_mov_ws/install/act_mov_interfaces/share/act_mov_interfaces/package.dsv
[0.773s] -- Up-to-date: /home/ubuntu/ROS2/ros_workspace_name/act_mov_ws/install/act_mov_interfaces/share/ament_index/resource_index/packages/act_mov_interfaces
[0.773s] -- Up-to-date: /home/ubuntu/ROS2/ros_workspace_name/act_mov_ws/install/act_mov_interfaces/share/act_mov_interfaces/cmake/export_act_mov_interfaces__rosidl_generator_cExport.cmake
[0.774s] -- Up-to-date: /home/ubuntu/ROS2/ros_workspace_name/act_mov_ws/install/act_mov_interfaces/share/act_mov_interfaces/cmake/export_act_mov_interfaces__rosidl_generator_cExport-noconfig.cmake
[0.774s] -- Up-to-date: /home/ubuntu/ROS2/ros_workspace_name/act_mov_ws/install/act_mov_interfaces/share/act_mov_interfaces/cmake/export_act_mov_interfaces__rosidl_typesupport_fastrtps_cExport.cmake
[0.774s] -- Up-to-date: /home/ubuntu/ROS2/ros_workspace_name/act_mov_ws/install/act_mov_interfaces/share/act_mov_interfaces/cmake/export_act_mov_interfaces__rosidl_typesupport_fastrtps_cExport-noconfig.cmake
[0.774s] -- Up-to-date: /home/ubuntu/ROS2/ros_workspace_name/act_mov_ws/install/act_mov_interfaces/share/act_mov_interfaces/cmake/act_mov_interfaces__rosidl_typesupport_introspection_cExport.cmake
[0.774s] -- Up-to-date: /home/ubuntu/ROS2/ros_workspace_name/act_mov_ws/install/act_mov_interfaces/share/act_mov_interfaces/cmake/act_mov_interfaces__rosidl_typesupport_introspection_cExport-noconfig.cmake
[0.774s] -- Up-to-date: /home/ubuntu/ROS2/ros_workspace_name/act_mov_ws/install/act_mov_interfaces/share/act_mov_interfaces/cmake/act_mov_interfaces__rosidl_typesupport_cExport.cmake
[0.774s] -- Up-to-date: /home/ubuntu/ROS2/ros_workspace_name/act_mov_ws/install/act_mov_interfaces/share/act_mov_interfaces/cmake/act_mov_interfaces__rosidl_typesupport_cExport-noconfig.cmake
[0.774s] -- Up-to-date: /home/ubuntu/ROS2/ros_workspace_name/act_mov_ws/install/act_mov_interfaces/share/act_mov_interfaces/cmake/export_act_mov_interfaces__rosidl_generator_cppExport.cmake
[0.774s] -- Up-to-date: /home/ubuntu/ROS2/ros_workspace_name/act_mov_ws/install/act_mov_interfaces/share/act_mov_interfaces/cmake/export_act_mov_interfaces__rosidl_typesupport_fastrtps_cppExport.cmake
[0.775s] -- Up-to-date: /home/ubuntu/ROS2/ros_workspace_name/act_mov_ws/install/act_mov_interfaces/share/act_mov_interfaces/cmake/export_act_mov_interfaces__rosidl_typesupport_fastrtps_cppExport-noconfig.cmake
[0.775s] -- Up-to-date: /home/ubuntu/ROS2/ros_workspace_name/act_mov_ws/install/act_mov_interfaces/share/act_mov_interfaces/cmake/act_mov_interfaces__rosidl_typesupport_introspection_cppExport.cmake
[0.775s] -- Up-to-date: /home/ubuntu/ROS2/ros_workspace_name/act_mov_ws/install/act_mov_interfaces/share/act_mov_interfaces/cmake/act_mov_interfaces__rosidl_typesupport_introspection_cppExport-noconfig.cmake
[0.775s] -- Up-to-date: /home/ubuntu/ROS2/ros_workspace_name/act_mov_ws/install/act_mov_interfaces/share/act_mov_interfaces/cmake/act_mov_interfaces__rosidl_typesupport_cppExport.cmake
[0.775s] -- Up-to-date: /home/ubuntu/ROS2/ros_workspace_name/act_mov_ws/install/act_mov_interfaces/share/act_mov_interfaces/cmake/act_mov_interfaces__rosidl_typesupport_cppExport-noconfig.cmake
[0.775s] -- Up-to-date: /home/ubuntu/ROS2/ros_workspace_name/act_mov_ws/install/act_mov_interfaces/share/act_mov_interfaces/cmake/export_act_mov_interfaces__rosidl_generator_pyExport.cmake
[0.775s] -- Up-to-date: /home/ubuntu/ROS2/ros_workspace_name/act_mov_ws/install/act_mov_interfaces/share/act_mov_interfaces/cmake/export_act_mov_interfaces__rosidl_generator_pyExport-noconfig.cmake
[0.775s] -- Up-to-date: /home/ubuntu/ROS2/ros_workspace_name/act_mov_ws/install/act_mov_interfaces/share/act_mov_interfaces/cmake/rosidl_cmake-extras.cmake
[0.775s] -- Up-to-date: /home/ubuntu/ROS2/ros_workspace_name/act_mov_ws/install/act_mov_interfaces/share/act_mov_interfaces/cmake/ament_cmake_export_dependencies-extras.cmake
[0.775s] -- Up-to-date: /home/ubuntu/ROS2/ros_workspace_name/act_mov_ws/install/act_mov_interfaces/share/act_mov_interfaces/cmake/ament_cmake_export_include_directories-extras.cmake
[0.775s] -- Up-to-date: /home/ubuntu/ROS2/ros_workspace_name/act_mov_ws/install/act_mov_interfaces/share/act_mov_interfaces/cmake/ament_cmake_export_libraries-extras.cmake
[0.776s] -- Up-to-date: /home/ubuntu/ROS2/ros_workspace_name/act_mov_ws/install/act_mov_interfaces/share/act_mov_interfaces/cmake/ament_cmake_export_targets-extras.cmake
[0.776s] -- Up-to-date: /home/ubuntu/ROS2/ros_workspace_name/act_mov_ws/install/act_mov_interfaces/share/act_mov_interfaces/cmake/rosidl_cmake_export_typesupport_targets-extras.cmake
[0.776s] -- Up-to-date: /home/ubuntu/ROS2/ros_workspace_name/act_mov_ws/install/act_mov_interfaces/share/act_mov_interfaces/cmake/rosidl_cmake_export_typesupport_libraries-extras.cmake
[0.776s] -- Up-to-date: /home/ubuntu/ROS2/ros_workspace_name/act_mov_ws/install/act_mov_interfaces/share/act_mov_interfaces/cmake/act_mov_interfacesConfig.cmake
[0.776s] -- Up-to-date: /home/ubuntu/ROS2/ros_workspace_name/act_mov_ws/install/act_mov_interfaces/share/act_mov_interfaces/cmake/act_mov_interfacesConfig-version.cmake
[0.776s] -- Up-to-date: /home/ubuntu/ROS2/ros_workspace_name/act_mov_ws/install/act_mov_interfaces/share/act_mov_interfaces/package.xml
[0.778s] Invoked command in '/home/ubuntu/ROS2/ros_workspace_name/act_mov_ws/build/act_mov_interfaces' returned '0': CMAKE_PREFIX_PATH=${CMAKE_PREFIX_PATH}:/opt/ros/jazzy DEBUGINFOD_URLS=https://debuginfod.ubuntu.com /usr/bin/cmake --install /home/ubuntu/ROS2/ros_workspace_name/act_mov_ws/build/act_mov_interfaces
