[0.009s] Invoking command in '/home/ubuntu/ROS2/ros_workspace_name/act_mov_ws/build/act_mov_pkg': CMAKE_PREFIX_PATH=${CMAKE_PREFIX_PATH}:/opt/ros/jazzy DEBUGINFOD_URLS=https://debuginfod.ubuntu.com /usr/bin/cmake /home/ubuntu/ROS2/ros_workspace_name/act_mov_ws/src/act_mov_pkg -DAMENT_CMAKE_SYMLINK_INSTALL=1 -DCMAKE_INSTALL_PREFIX=/home/ubuntu/ROS2/ros_workspace_name/act_mov_ws/install/act_mov_pkg
[0.019s] -- Found ament_cmake: 2.5.4 (/opt/ros/jazzy/share/ament_cmake/cmake)
[0.103s] -- Override CMake install command with custom implementation using symlinks instead of copying resources
[0.110s] -- Found rclcpp: 28.1.9 (/opt/ros/jazzy/share/rclcpp/cmake)
[0.132s] -- Found rosidl_generator_c: 4.6.5 (/opt/ros/jazzy/share/rosidl_generator_c/cmake)
[0.140s] -- Found rosidl_generator_cpp: 4.6.5 (/opt/ros/jazzy/share/rosidl_generator_cpp/cmake)
[0.150s] -- Using all available rosidl_typesupport_c: rosidl_typesupport_fastrtps_c;rosidl_typesupport_introspection_c
[0.161s] -- Using all available rosidl_typesupport_cpp: rosidl_typesupport_fastrtps_cpp;rosidl_typesupport_introspection_cpp
[0.213s] -- Found rmw_implementation_cmake: 7.3.2 (/opt/ros/jazzy/share/rmw_implementation_cmake/cmake)
[0.215s] -- Found rmw_fastrtps_cpp: 8.4.2 (/opt/ros/jazzy/share/rmw_fastrtps_cpp/cmake)
[0.269s] -- Using RMW implementation 'rmw_fastrtps_cpp' as default
[0.321s] -- Found rclcpp_action: 28.1.9 (/opt/ros/jazzy/share/rclcpp_action/cmake)
[0.354s] -- Found std_msgs: 5.3.6 (/opt/ros/jazzy/share/std_msgs/cmake)
[0.366s] -- Found geometry_msgs: 5.3.6 (/opt/ros/jazzy/share/geometry_msgs/cmake)
[0.379s] -- Found act_mov_interfaces: 0.0.1 (/home/ubuntu/ROS2/ros_workspace_name/act_mov_ws/install/act_mov_interfaces/share/act_mov_interfaces/cmake)
[0.405s] -- Found ament_lint_auto: 0.17.2 (/opt/ros/jazzy/share/ament_lint_auto/cmake)
[0.484s] -- Added test 'cppcheck' to perform static code analysis on C / C++ code
[0.485s] -- Configured cppcheck include dirs: 
[0.485s] -- Configured cppcheck exclude dirs and/or files: 
[0.485s] -- Added test 'lint_cmake' to check CMake code style
[0.486s] -- Added test 'uncrustify' to check C / C++ code style
[0.486s] -- Configured uncrustify additional arguments: 
[0.487s] -- Added test 'xmllint' to check XML markup files
[0.488s] -- Configuring done (0.5s)
[0.506s] -- Generating done (0.0s)
[0.513s] -- Build files have been written to: /home/ubuntu/ROS2/ros_workspace_name/act_mov_ws/build/act_mov_pkg
[0.520s] Invoked command in '/home/ubuntu/ROS2/ros_workspace_name/act_mov_ws/build/act_mov_pkg' returned '0': CMAKE_PREFIX_PATH=${CMAKE_PREFIX_PATH}:/opt/ros/jazzy DEBUGINFOD_URLS=https://debuginfod.ubuntu.com /usr/bin/cmake /home/ubuntu/ROS2/ros_workspace_name/act_mov_ws/src/act_mov_pkg -DAMENT_CMAKE_SYMLINK_INSTALL=1 -DCMAKE_INSTALL_PREFIX=/home/ubuntu/ROS2/ros_workspace_name/act_mov_ws/install/act_mov_pkg
[0.521s] Invoking command in '/home/ubuntu/ROS2/ros_workspace_name/act_mov_ws/build/act_mov_pkg': CMAKE_PREFIX_PATH=${CMAKE_PREFIX_PATH}:/opt/ros/jazzy DEBUGINFOD_URLS=https://debuginfod.ubuntu.com /usr/bin/cmake --build /home/ubuntu/ROS2/ros_workspace_name/act_mov_ws/build/act_mov_pkg -- -j8 -l8
[0.574s] [ 50%] Built target action_server
[0.576s] [100%] Built target action_client
[0.586s] Invoked command in '/home/ubuntu/ROS2/ros_workspace_name/act_mov_ws/build/act_mov_pkg' returned '0': CMAKE_PREFIX_PATH=${CMAKE_PREFIX_PATH}:/opt/ros/jazzy DEBUGINFOD_URLS=https://debuginfod.ubuntu.com /usr/bin/cmake --build /home/ubuntu/ROS2/ros_workspace_name/act_mov_ws/build/act_mov_pkg -- -j8 -l8
[0.595s] Invoking command in '/home/ubuntu/ROS2/ros_workspace_name/act_mov_ws/build/act_mov_pkg': CMAKE_PREFIX_PATH=${CMAKE_PREFIX_PATH}:/opt/ros/jazzy DEBUGINFOD_URLS=https://debuginfod.ubuntu.com /usr/bin/cmake --install /home/ubuntu/ROS2/ros_workspace_name/act_mov_ws/build/act_mov_pkg
[0.603s] -- Install configuration: ""
[0.604s] -- Execute custom install script
[0.604s] -- Up-to-date symlink: /home/ubuntu/ROS2/ros_workspace_name/act_mov_ws/install/act_mov_pkg/lib/act_mov_pkg/action_server
[0.604s] -- Up-to-date symlink: /home/ubuntu/ROS2/ros_workspace_name/act_mov_ws/install/act_mov_pkg/lib/act_mov_pkg/action_client
[0.604s] -- Up-to-date symlink: /home/ubuntu/ROS2/ros_workspace_name/act_mov_ws/install/act_mov_pkg/share/ament_index/resource_index/package_run_dependencies/act_mov_pkg
[0.605s] -- Up-to-date symlink: /home/ubuntu/ROS2/ros_workspace_name/act_mov_ws/install/act_mov_pkg/share/ament_index/resource_index/parent_prefix_path/act_mov_pkg
[0.605s] -- Up-to-date symlink: /home/ubuntu/ROS2/ros_workspace_name/act_mov_ws/install/act_mov_pkg/share/act_mov_pkg/environment/ament_prefix_path.sh
[0.605s] -- Up-to-date symlink: /home/ubuntu/ROS2/ros_workspace_name/act_mov_ws/install/act_mov_pkg/share/act_mov_pkg/environment/ament_prefix_path.dsv
[0.605s] -- Up-to-date symlink: /home/ubuntu/ROS2/ros_workspace_name/act_mov_ws/install/act_mov_pkg/share/act_mov_pkg/environment/path.sh
[0.605s] -- Up-to-date symlink: /home/ubuntu/ROS2/ros_workspace_name/act_mov_ws/install/act_mov_pkg/share/act_mov_pkg/environment/path.dsv
[0.606s] -- Up-to-date symlink: /home/ubuntu/ROS2/ros_workspace_name/act_mov_ws/install/act_mov_pkg/share/act_mov_pkg/local_setup.bash
[0.606s] -- Up-to-date symlink: /home/ubuntu/ROS2/ros_workspace_name/act_mov_ws/install/act_mov_pkg/share/act_mov_pkg/local_setup.sh
[0.606s] -- Up-to-date symlink: /home/ubuntu/ROS2/ros_workspace_name/act_mov_ws/install/act_mov_pkg/share/act_mov_pkg/local_setup.zsh
[0.607s] -- Up-to-date symlink: /home/ubuntu/ROS2/ros_workspace_name/act_mov_ws/install/act_mov_pkg/share/act_mov_pkg/local_setup.dsv
[0.607s] -- Symlinking: /home/ubuntu/ROS2/ros_workspace_name/act_mov_ws/install/act_mov_pkg/share/act_mov_pkg/package.dsv
[0.615s] -- Up-to-date symlink: /home/ubuntu/ROS2/ros_workspace_name/act_mov_ws/install/act_mov_pkg/share/ament_index/resource_index/packages/act_mov_pkg
[0.616s] -- Up-to-date symlink: /home/ubuntu/ROS2/ros_workspace_name/act_mov_ws/install/act_mov_pkg/share/act_mov_pkg/cmake/act_mov_pkgConfig.cmake
[0.616s] -- Up-to-date symlink: /home/ubuntu/ROS2/ros_workspace_name/act_mov_ws/install/act_mov_pkg/share/act_mov_pkg/cmake/act_mov_pkgConfig-version.cmake
[0.616s] -- Up-to-date symlink: /home/ubuntu/ROS2/ros_workspace_name/act_mov_ws/install/act_mov_pkg/share/act_mov_pkg/package.xml
[0.618s] Invoked command in '/home/ubuntu/ROS2/ros_workspace_name/act_mov_ws/build/act_mov_pkg' returned '0': CMAKE_PREFIX_PATH=${CMAKE_PREFIX_PATH}:/opt/ros/jazzy DEBUGINFOD_URLS=https://debuginfod.ubuntu.com /usr/bin/cmake --install /home/ubuntu/ROS2/ros_workspace_name/act_mov_ws/build/act_mov_pkg
