[0.124s] DEBUG:colcon:Command line arguments: ['/usr/bin/colcon', 'build']
[0.124s] DEBUG:colcon:Parsed command line arguments: Namespace(log_base=None, log_level=None, verb_name='build', build_base='build', install_base='install', merge_install=False, symlink_install=False, test_result_base=None, continue_on_error=False, executor='parallel', parallel_workers=8, event_handlers=None, ignore_user_meta=False, metas=['./colcon.meta'], base_paths=['.'], packages_ignore=None, packages_ignore_regex=None, paths=None, packages_up_to=None, packages_up_to_regex=None, packages_above=None, packages_above_and_dependencies=None, packages_above_depth=None, packages_select_by_dep=None, packages_skip_by_dep=None, packages_skip_up_to=None, packages_select_build_failed=False, packages_skip_build_finished=False, packages_select_test_failures=False, packages_skip_test_passed=False, packages_select=None, packages_skip=None, packages_select_regex=None, packages_skip_regex=None, packages_start=None, packages_end=None, allow_overriding=[], cmake_args=None, cmake_target=None, cmake_target_skip_unavailable=False, cmake_clean_cache=False, cmake_clean_first=False, cmake_force_configure=False, ament_cmake_args=None, catkin_cmake_args=None, catkin_skip_building_tests=False, mixin_files=None, mixin=None, verb_parser=<colcon_mixin.mixin.mixin_argument.MixinArgumentDecorator object at 0x7da3c32949b0>, verb_extension=<colcon_core.verb.build.BuildVerb object at 0x7da3c3294650>, main=<bound method BuildVerb.main of <colcon_core.verb.build.BuildVerb object at 0x7da3c3294650>>, mixin_verb=('build',))
[0.165s] Level 1:colcon.colcon_core.package_discovery:discover_packages(colcon_meta) check parameters
[0.165s] Level 1:colcon.colcon_core.package_discovery:discover_packages(recursive) check parameters
[0.165s] Level 1:colcon.colcon_core.package_discovery:discover_packages(ignore) check parameters
[0.165s] Level 1:colcon.colcon_core.package_discovery:discover_packages(path) check parameters
[0.165s] Level 1:colcon.colcon_core.package_discovery:discover_packages(colcon_meta) discover
[0.165s] Level 1:colcon.colcon_core.package_discovery:discover_packages(recursive) discover
[0.165s] INFO:colcon.colcon_core.package_discovery:Crawling recursively for packages in '/home/ubuntu/ROS2/ros_workspace_name/act_mov_ws'
[0.165s] Level 1:colcon.colcon_core.package_identification:_identify(.) by extensions ['ignore', 'ignore_ament_install']
[0.166s] Level 1:colcon.colcon_core.package_identification:_identify(.) by extension 'ignore'
[0.166s] Level 1:colcon.colcon_core.package_identification:_identify(.) by extension 'ignore_ament_install'
[0.166s] Level 1:colcon.colcon_core.package_identification:_identify(.) by extensions ['colcon_pkg']
[0.166s] Level 1:colcon.colcon_core.package_identification:_identify(.) by extension 'colcon_pkg'
[0.166s] Level 1:colcon.colcon_core.package_identification:_identify(.) by extensions ['colcon_meta']
[0.166s] Level 1:colcon.colcon_core.package_identification:_identify(.) by extension 'colcon_meta'
[0.166s] Level 1:colcon.colcon_core.package_identification:_identify(.) by extensions ['ros']
[0.166s] Level 1:colcon.colcon_core.package_identification:_identify(.) by extension 'ros'
[0.193s] Level 1:colcon.colcon_core.package_identification:_identify(.) by extensions ['cmake', 'python']
[0.193s] Level 1:colcon.colcon_core.package_identification:_identify(.) by extension 'cmake'
[0.193s] Level 1:colcon.colcon_core.package_identification:_identify(.) by extension 'python'
[0.193s] Level 1:colcon.colcon_core.package_identification:_identify(.) by extensions ['python_setup_py']
[0.193s] Level 1:colcon.colcon_core.package_identification:_identify(.) by extension 'python_setup_py'
[0.193s] Level 1:colcon.colcon_core.package_identification:_identify(build) by extensions ['ignore', 'ignore_ament_install']
[0.193s] Level 1:colcon.colcon_core.package_identification:_identify(build) by extension 'ignore'
[0.193s] Level 1:colcon.colcon_core.package_identification:_identify(build) ignored
[0.194s] Level 1:colcon.colcon_core.package_identification:_identify(install) by extensions ['ignore', 'ignore_ament_install']
[0.194s] Level 1:colcon.colcon_core.package_identification:_identify(install) by extension 'ignore'
[0.194s] Level 1:colcon.colcon_core.package_identification:_identify(install) ignored
[0.194s] Level 1:colcon.colcon_core.package_identification:_identify(log) by extensions ['ignore', 'ignore_ament_install']
[0.194s] Level 1:colcon.colcon_core.package_identification:_identify(log) by extension 'ignore'
[0.194s] Level 1:colcon.colcon_core.package_identification:_identify(log) ignored
[0.194s] Level 1:colcon.colcon_core.package_identification:_identify(src) by extensions ['ignore', 'ignore_ament_install']
[0.194s] Level 1:colcon.colcon_core.package_identification:_identify(src) by extension 'ignore'
[0.194s] Level 1:colcon.colcon_core.package_identification:_identify(src) by extension 'ignore_ament_install'
[0.194s] Level 1:colcon.colcon_core.package_identification:_identify(src) by extensions ['colcon_pkg']
[0.195s] Level 1:colcon.colcon_core.package_identification:_identify(src) by extension 'colcon_pkg'
[0.195s] Level 1:colcon.colcon_core.package_identification:_identify(src) by extensions ['colcon_meta']
[0.195s] Level 1:colcon.colcon_core.package_identification:_identify(src) by extension 'colcon_meta'
[0.195s] Level 1:colcon.colcon_core.package_identification:_identify(src) by extensions ['ros']
[0.195s] Level 1:colcon.colcon_core.package_identification:_identify(src) by extension 'ros'
[0.195s] Level 1:colcon.colcon_core.package_identification:_identify(src) by extensions ['cmake', 'python']
[0.195s] Level 1:colcon.colcon_core.package_identification:_identify(src) by extension 'cmake'
[0.195s] Level 1:colcon.colcon_core.package_identification:_identify(src) by extension 'python'
[0.195s] Level 1:colcon.colcon_core.package_identification:_identify(src) by extensions ['python_setup_py']
[0.195s] Level 1:colcon.colcon_core.package_identification:_identify(src) by extension 'python_setup_py'
[0.195s] Level 1:colcon.colcon_core.package_identification:_identify(src/act_mov_interfaces) by extensions ['ignore', 'ignore_ament_install']
[0.196s] Level 1:colcon.colcon_core.package_identification:_identify(src/act_mov_interfaces) by extension 'ignore'
[0.196s] Level 1:colcon.colcon_core.package_identification:_identify(src/act_mov_interfaces) by extension 'ignore_ament_install'
[0.196s] Level 1:colcon.colcon_core.package_identification:_identify(src/act_mov_interfaces) by extensions ['colcon_pkg']
[0.196s] Level 1:colcon.colcon_core.package_identification:_identify(src/act_mov_interfaces) by extension 'colcon_pkg'
[0.196s] Level 1:colcon.colcon_core.package_identification:_identify(src/act_mov_interfaces) by extensions ['colcon_meta']
[0.196s] Level 1:colcon.colcon_core.package_identification:_identify(src/act_mov_interfaces) by extension 'colcon_meta'
[0.196s] Level 1:colcon.colcon_core.package_identification:_identify(src/act_mov_interfaces) by extensions ['ros']
[0.196s] Level 1:colcon.colcon_core.package_identification:_identify(src/act_mov_interfaces) by extension 'ros'
[0.199s] DEBUG:colcon.colcon_core.package_identification:Package 'src/act_mov_interfaces' with type 'ros.ament_cmake' and name 'act_mov_interfaces'
[0.199s] Level 1:colcon.colcon_core.package_identification:_identify(src/act_mov_pkg) by extensions ['ignore', 'ignore_ament_install']
[0.199s] Level 1:colcon.colcon_core.package_identification:_identify(src/act_mov_pkg) by extension 'ignore'
[0.199s] Level 1:colcon.colcon_core.package_identification:_identify(src/act_mov_pkg) by extension 'ignore_ament_install'
[0.200s] Level 1:colcon.colcon_core.package_identification:_identify(src/act_mov_pkg) by extensions ['colcon_pkg']
[0.200s] Level 1:colcon.colcon_core.package_identification:_identify(src/act_mov_pkg) by extension 'colcon_pkg'
[0.200s] Level 1:colcon.colcon_core.package_identification:_identify(src/act_mov_pkg) by extensions ['colcon_meta']
[0.200s] Level 1:colcon.colcon_core.package_identification:_identify(src/act_mov_pkg) by extension 'colcon_meta'
[0.200s] Level 1:colcon.colcon_core.package_identification:_identify(src/act_mov_pkg) by extensions ['ros']
[0.200s] Level 1:colcon.colcon_core.package_identification:_identify(src/act_mov_pkg) by extension 'ros'
[0.200s] DEBUG:colcon.colcon_core.package_identification:Package 'src/act_mov_pkg' with type 'ros.ament_cmake' and name 'act_mov_pkg'
[0.200s] Level 1:colcon.colcon_core.package_discovery:discover_packages(recursive) using defaults
[0.200s] Level 1:colcon.colcon_core.package_discovery:discover_packages(ignore) discover
[0.200s] Level 1:colcon.colcon_core.package_discovery:discover_packages(ignore) using defaults
[0.200s] Level 1:colcon.colcon_core.package_discovery:discover_packages(path) discover
[0.200s] Level 1:colcon.colcon_core.package_discovery:discover_packages(path) using defaults
[0.218s] Level 1:colcon.colcon_core.package_discovery:discover_packages(prefix_path) check parameters
[0.218s] Level 1:colcon.colcon_core.package_discovery:discover_packages(prefix_path) discover
[0.220s] DEBUG:colcon.colcon_installed_package_information.package_discovery:Found 285 installed packages in /opt/ros/jazzy
[0.221s] Level 1:colcon.colcon_core.package_discovery:discover_packages(prefix_path) using defaults
[0.258s] Level 5:colcon.colcon_core.verb:set package 'act_mov_interfaces' build argument 'cmake_args' from command line to 'None'
[0.258s] Level 5:colcon.colcon_core.verb:set package 'act_mov_interfaces' build argument 'cmake_target' from command line to 'None'
[0.259s] Level 5:colcon.colcon_core.verb:set package 'act_mov_interfaces' build argument 'cmake_target_skip_unavailable' from command line to 'False'
[0.259s] Level 5:colcon.colcon_core.verb:set package 'act_mov_interfaces' build argument 'cmake_clean_cache' from command line to 'False'
[0.259s] Level 5:colcon.colcon_core.verb:set package 'act_mov_interfaces' build argument 'cmake_clean_first' from command line to 'False'
[0.259s] Level 5:colcon.colcon_core.verb:set package 'act_mov_interfaces' build argument 'cmake_force_configure' from command line to 'False'
[0.259s] Level 5:colcon.colcon_core.verb:set package 'act_mov_interfaces' build argument 'ament_cmake_args' from command line to 'None'
[0.259s] Level 5:colcon.colcon_core.verb:set package 'act_mov_interfaces' build argument 'catkin_cmake_args' from command line to 'None'
[0.259s] Level 5:colcon.colcon_core.verb:set package 'act_mov_interfaces' build argument 'catkin_skip_building_tests' from command line to 'False'
[0.259s] DEBUG:colcon.colcon_core.verb:Building package 'act_mov_interfaces' with the following arguments: {'ament_cmake_args': None, 'build_base': '/home/ubuntu/ROS2/ros_workspace_name/act_mov_ws/build/act_mov_interfaces', 'catkin_cmake_args': None, 'catkin_skip_building_tests': False, 'cmake_args': None, 'cmake_clean_cache': False, 'cmake_clean_first': False, 'cmake_force_configure': False, 'cmake_target': None, 'cmake_target_skip_unavailable': False, 'install_base': '/home/ubuntu/ROS2/ros_workspace_name/act_mov_ws/install/act_mov_interfaces', 'merge_install': False, 'path': '/home/ubuntu/ROS2/ros_workspace_name/act_mov_ws/src/act_mov_interfaces', 'symlink_install': False, 'test_result_base': None}
[0.259s] Level 5:colcon.colcon_core.verb:set package 'act_mov_pkg' build argument 'cmake_args' from command line to 'None'
[0.259s] Level 5:colcon.colcon_core.verb:set package 'act_mov_pkg' build argument 'cmake_target' from command line to 'None'
[0.259s] Level 5:colcon.colcon_core.verb:set package 'act_mov_pkg' build argument 'cmake_target_skip_unavailable' from command line to 'False'
[0.259s] Level 5:colcon.colcon_core.verb:set package 'act_mov_pkg' build argument 'cmake_clean_cache' from command line to 'False'
[0.259s] Level 5:colcon.colcon_core.verb:set package 'act_mov_pkg' build argument 'cmake_clean_first' from command line to 'False'
[0.259s] Level 5:colcon.colcon_core.verb:set package 'act_mov_pkg' build argument 'cmake_force_configure' from command line to 'False'
[0.259s] Level 5:colcon.colcon_core.verb:set package 'act_mov_pkg' build argument 'ament_cmake_args' from command line to 'None'
[0.259s] Level 5:colcon.colcon_core.verb:set package 'act_mov_pkg' build argument 'catkin_cmake_args' from command line to 'None'
[0.259s] Level 5:colcon.colcon_core.verb:set package 'act_mov_pkg' build argument 'catkin_skip_building_tests' from command line to 'False'
[0.259s] DEBUG:colcon.colcon_core.verb:Building package 'act_mov_pkg' with the following arguments: {'ament_cmake_args': None, 'build_base': '/home/ubuntu/ROS2/ros_workspace_name/act_mov_ws/build/act_mov_pkg', 'catkin_cmake_args': None, 'catkin_skip_building_tests': False, 'cmake_args': None, 'cmake_clean_cache': False, 'cmake_clean_first': False, 'cmake_force_configure': False, 'cmake_target': None, 'cmake_target_skip_unavailable': False, 'install_base': '/home/ubuntu/ROS2/ros_workspace_name/act_mov_ws/install/act_mov_pkg', 'merge_install': False, 'path': '/home/ubuntu/ROS2/ros_workspace_name/act_mov_ws/src/act_mov_pkg', 'symlink_install': False, 'test_result_base': None}
[0.259s] INFO:colcon.colcon_core.executor:Executing jobs using 'parallel' executor
[0.260s] DEBUG:colcon.colcon_parallel_executor.executor.parallel:run_until_complete
[0.260s] INFO:colcon.colcon_ros.task.ament_cmake.build:Building ROS package in '/home/ubuntu/ROS2/ros_workspace_name/act_mov_ws/src/act_mov_interfaces' with build type 'ament_cmake'
[0.260s] INFO:colcon.colcon_cmake.task.cmake.build:Building CMake package in '/home/ubuntu/ROS2/ros_workspace_name/act_mov_ws/src/act_mov_interfaces'
[0.263s] INFO:colcon.colcon_core.plugin_system:Skipping extension 'colcon_core.shell.bat': Not used on non-Windows systems
[0.263s] INFO:colcon.colcon_core.shell:Skip shell extension 'powershell' for command environment: Not usable outside of PowerShell
[0.263s] DEBUG:colcon.colcon_core.shell:Skip shell extension 'dsv' for command environment
[0.265s] INFO:colcon.colcon_ros.task.ament_cmake.build:Building ROS package in '/home/ubuntu/ROS2/ros_workspace_name/act_mov_ws/src/act_mov_pkg' with build type 'ament_cmake'
[0.265s] INFO:colcon.colcon_cmake.task.cmake.build:Building CMake package in '/home/ubuntu/ROS2/ros_workspace_name/act_mov_ws/src/act_mov_pkg'
[0.266s] INFO:colcon.colcon_core.shell:Skip shell extension 'powershell' for command environment: Not usable outside of PowerShell
[0.266s] DEBUG:colcon.colcon_core.shell:Skip shell extension 'dsv' for command environment
[0.271s] DEBUG:colcon.colcon_core.event_handler.log_command:Invoking command in '/home/ubuntu/ROS2/ros_workspace_name/act_mov_ws/build/act_mov_interfaces': CMAKE_PREFIX_PATH=${CMAKE_PREFIX_PATH}:/opt/ros/jazzy DEBUGINFOD_URLS=https://debuginfod.ubuntu.com /usr/bin/cmake --build /home/ubuntu/ROS2/ros_workspace_name/act_mov_ws/build/act_mov_interfaces -- -j8 -l8
[0.276s] DEBUG:colcon.colcon_core.event_handler.log_command:Invoking command in '/home/ubuntu/ROS2/ros_workspace_name/act_mov_ws/build/act_mov_pkg': CMAKE_PREFIX_PATH=${CMAKE_PREFIX_PATH}:/opt/ros/jazzy DEBUGINFOD_URLS=https://debuginfod.ubuntu.com /usr/bin/cmake --build /home/ubuntu/ROS2/ros_workspace_name/act_mov_ws/build/act_mov_pkg -- -j8 -l8
[0.938s] DEBUG:colcon.colcon_core.event_handler.log_command:Invoked command in '/home/ubuntu/ROS2/ros_workspace_name/act_mov_ws/build/act_mov_interfaces' returned '0': CMAKE_PREFIX_PATH=${CMAKE_PREFIX_PATH}:/opt/ros/jazzy DEBUGINFOD_URLS=https://debuginfod.ubuntu.com /usr/bin/cmake --build /home/ubuntu/ROS2/ros_workspace_name/act_mov_ws/build/act_mov_interfaces -- -j8 -l8
[0.953s] DEBUG:colcon.colcon_core.event_handler.log_command:Invoking command in '/home/ubuntu/ROS2/ros_workspace_name/act_mov_ws/build/act_mov_interfaces': CMAKE_PREFIX_PATH=${CMAKE_PREFIX_PATH}:/opt/ros/jazzy DEBUGINFOD_URLS=https://debuginfod.ubuntu.com /usr/bin/cmake --install /home/ubuntu/ROS2/ros_workspace_name/act_mov_ws/build/act_mov_interfaces
[1.039s] Level 1:colcon.colcon_core.environment:create_environment_scripts_only(act_mov_interfaces)
[1.039s] DEBUG:colcon.colcon_core.event_handler.log_command:Invoked command in '/home/ubuntu/ROS2/ros_workspace_name/act_mov_ws/build/act_mov_interfaces' returned '0': CMAKE_PREFIX_PATH=${CMAKE_PREFIX_PATH}:/opt/ros/jazzy DEBUGINFOD_URLS=https://debuginfod.ubuntu.com /usr/bin/cmake --install /home/ubuntu/ROS2/ros_workspace_name/act_mov_ws/build/act_mov_interfaces
[1.043s] Level 1:colcon.colcon_core.environment:checking '/home/ubuntu/ROS2/ros_workspace_name/act_mov_ws/install/act_mov_interfaces' for CMake module files
[1.044s] Level 1:colcon.colcon_core.environment:checking '/home/ubuntu/ROS2/ros_workspace_name/act_mov_ws/install/act_mov_interfaces' for CMake config files
[1.045s] Level 1:colcon.colcon_core.shell:create_environment_hook('act_mov_interfaces', 'cmake_prefix_path')
[1.045s] INFO:colcon.colcon_core.shell:Creating environment hook '/home/ubuntu/ROS2/ros_workspace_name/act_mov_ws/install/act_mov_interfaces/share/act_mov_interfaces/hook/cmake_prefix_path.ps1'
[1.046s] INFO:colcon.colcon_core.shell:Creating environment descriptor '/home/ubuntu/ROS2/ros_workspace_name/act_mov_ws/install/act_mov_interfaces/share/act_mov_interfaces/hook/cmake_prefix_path.dsv'
[1.047s] INFO:colcon.colcon_core.shell:Creating environment hook '/home/ubuntu/ROS2/ros_workspace_name/act_mov_ws/install/act_mov_interfaces/share/act_mov_interfaces/hook/cmake_prefix_path.sh'
[1.048s] Level 1:colcon.colcon_core.environment:checking '/home/ubuntu/ROS2/ros_workspace_name/act_mov_ws/install/act_mov_interfaces/lib'
[1.049s] Level 1:colcon.colcon_core.shell:create_environment_hook('act_mov_interfaces', 'ld_library_path_lib')
[1.049s] INFO:colcon.colcon_core.shell:Creating environment hook '/home/ubuntu/ROS2/ros_workspace_name/act_mov_ws/install/act_mov_interfaces/share/act_mov_interfaces/hook/ld_library_path_lib.ps1'
[1.050s] INFO:colcon.colcon_core.shell:Creating environment descriptor '/home/ubuntu/ROS2/ros_workspace_name/act_mov_ws/install/act_mov_interfaces/share/act_mov_interfaces/hook/ld_library_path_lib.dsv'
[1.050s] INFO:colcon.colcon_core.shell:Creating environment hook '/home/ubuntu/ROS2/ros_workspace_name/act_mov_ws/install/act_mov_interfaces/share/act_mov_interfaces/hook/ld_library_path_lib.sh'
[1.051s] Level 1:colcon.colcon_core.environment:checking '/home/ubuntu/ROS2/ros_workspace_name/act_mov_ws/install/act_mov_interfaces/bin'
[1.051s] Level 1:colcon.colcon_core.environment:checking '/home/ubuntu/ROS2/ros_workspace_name/act_mov_ws/install/act_mov_interfaces/lib/pkgconfig/act_mov_interfaces.pc'
[1.052s] Level 1:colcon.colcon_core.environment:checking '/home/ubuntu/ROS2/ros_workspace_name/act_mov_ws/install/act_mov_interfaces/lib/python3.12/site-packages'
[1.052s] Level 1:colcon.colcon_core.shell:create_environment_hook('act_mov_interfaces', 'pythonpath')
[1.052s] INFO:colcon.colcon_core.shell:Creating environment hook '/home/ubuntu/ROS2/ros_workspace_name/act_mov_ws/install/act_mov_interfaces/share/act_mov_interfaces/hook/pythonpath.ps1'
[1.053s] INFO:colcon.colcon_core.shell:Creating environment descriptor '/home/ubuntu/ROS2/ros_workspace_name/act_mov_ws/install/act_mov_interfaces/share/act_mov_interfaces/hook/pythonpath.dsv'
[1.053s] INFO:colcon.colcon_core.shell:Creating environment hook '/home/ubuntu/ROS2/ros_workspace_name/act_mov_ws/install/act_mov_interfaces/share/act_mov_interfaces/hook/pythonpath.sh'
[1.054s] Level 1:colcon.colcon_core.environment:checking '/home/ubuntu/ROS2/ros_workspace_name/act_mov_ws/install/act_mov_interfaces/bin'
[1.055s] INFO:colcon.colcon_core.shell:Creating package script '/home/ubuntu/ROS2/ros_workspace_name/act_mov_ws/install/act_mov_interfaces/share/act_mov_interfaces/package.ps1'
[1.056s] INFO:colcon.colcon_core.shell:Creating package descriptor '/home/ubuntu/ROS2/ros_workspace_name/act_mov_ws/install/act_mov_interfaces/share/act_mov_interfaces/package.dsv'
[1.057s] INFO:colcon.colcon_core.shell:Creating package script '/home/ubuntu/ROS2/ros_workspace_name/act_mov_ws/install/act_mov_interfaces/share/act_mov_interfaces/package.sh'
[1.058s] INFO:colcon.colcon_core.shell:Creating package script '/home/ubuntu/ROS2/ros_workspace_name/act_mov_ws/install/act_mov_interfaces/share/act_mov_interfaces/package.bash'
[1.060s] INFO:colcon.colcon_core.shell:Creating package script '/home/ubuntu/ROS2/ros_workspace_name/act_mov_ws/install/act_mov_interfaces/share/act_mov_interfaces/package.zsh'
[1.061s] Level 1:colcon.colcon_core.environment:create_file_with_runtime_dependencies(/home/ubuntu/ROS2/ros_workspace_name/act_mov_ws/install/act_mov_interfaces/share/colcon-core/packages/act_mov_interfaces)
[1.062s] Level 1:colcon.colcon_core.environment:create_environment_scripts_only(act_mov_interfaces)
[1.063s] Level 1:colcon.colcon_core.environment:checking '/home/ubuntu/ROS2/ros_workspace_name/act_mov_ws/install/act_mov_interfaces' for CMake module files
[1.064s] Level 1:colcon.colcon_core.environment:checking '/home/ubuntu/ROS2/ros_workspace_name/act_mov_ws/install/act_mov_interfaces' for CMake config files
[1.064s] Level 1:colcon.colcon_core.shell:create_environment_hook('act_mov_interfaces', 'cmake_prefix_path')
[1.064s] INFO:colcon.colcon_core.shell:Creating environment hook '/home/ubuntu/ROS2/ros_workspace_name/act_mov_ws/install/act_mov_interfaces/share/act_mov_interfaces/hook/cmake_prefix_path.ps1'
[1.065s] INFO:colcon.colcon_core.shell:Creating environment descriptor '/home/ubuntu/ROS2/ros_workspace_name/act_mov_ws/install/act_mov_interfaces/share/act_mov_interfaces/hook/cmake_prefix_path.dsv'
[1.065s] INFO:colcon.colcon_core.shell:Creating environment hook '/home/ubuntu/ROS2/ros_workspace_name/act_mov_ws/install/act_mov_interfaces/share/act_mov_interfaces/hook/cmake_prefix_path.sh'
[1.066s] Level 1:colcon.colcon_core.environment:checking '/home/ubuntu/ROS2/ros_workspace_name/act_mov_ws/install/act_mov_interfaces/lib'
[1.067s] Level 1:colcon.colcon_core.shell:create_environment_hook('act_mov_interfaces', 'ld_library_path_lib')
[1.067s] INFO:colcon.colcon_core.shell:Creating environment hook '/home/ubuntu/ROS2/ros_workspace_name/act_mov_ws/install/act_mov_interfaces/share/act_mov_interfaces/hook/ld_library_path_lib.ps1'
[1.067s] INFO:colcon.colcon_core.shell:Creating environment descriptor '/home/ubuntu/ROS2/ros_workspace_name/act_mov_ws/install/act_mov_interfaces/share/act_mov_interfaces/hook/ld_library_path_lib.dsv'
[1.068s] INFO:colcon.colcon_core.shell:Creating environment hook '/home/ubuntu/ROS2/ros_workspace_name/act_mov_ws/install/act_mov_interfaces/share/act_mov_interfaces/hook/ld_library_path_lib.sh'
[1.068s] Level 1:colcon.colcon_core.environment:checking '/home/ubuntu/ROS2/ros_workspace_name/act_mov_ws/install/act_mov_interfaces/bin'
[1.069s] Level 1:colcon.colcon_core.environment:checking '/home/ubuntu/ROS2/ros_workspace_name/act_mov_ws/install/act_mov_interfaces/lib/pkgconfig/act_mov_interfaces.pc'
[1.069s] Level 1:colcon.colcon_core.environment:checking '/home/ubuntu/ROS2/ros_workspace_name/act_mov_ws/install/act_mov_interfaces/lib/python3.12/site-packages'
[1.069s] Level 1:colcon.colcon_core.shell:create_environment_hook('act_mov_interfaces', 'pythonpath')
[1.070s] INFO:colcon.colcon_core.shell:Creating environment hook '/home/ubuntu/ROS2/ros_workspace_name/act_mov_ws/install/act_mov_interfaces/share/act_mov_interfaces/hook/pythonpath.ps1'
[1.070s] INFO:colcon.colcon_core.shell:Creating environment descriptor '/home/ubuntu/ROS2/ros_workspace_name/act_mov_ws/install/act_mov_interfaces/share/act_mov_interfaces/hook/pythonpath.dsv'
[1.071s] INFO:colcon.colcon_core.shell:Creating environment hook '/home/ubuntu/ROS2/ros_workspace_name/act_mov_ws/install/act_mov_interfaces/share/act_mov_interfaces/hook/pythonpath.sh'
[1.072s] Level 1:colcon.colcon_core.environment:checking '/home/ubuntu/ROS2/ros_workspace_name/act_mov_ws/install/act_mov_interfaces/bin'
[1.072s] INFO:colcon.colcon_core.shell:Creating package script '/home/ubuntu/ROS2/ros_workspace_name/act_mov_ws/install/act_mov_interfaces/share/act_mov_interfaces/package.ps1'
[1.073s] INFO:colcon.colcon_core.shell:Creating package descriptor '/home/ubuntu/ROS2/ros_workspace_name/act_mov_ws/install/act_mov_interfaces/share/act_mov_interfaces/package.dsv'
[1.074s] INFO:colcon.colcon_core.shell:Creating package script '/home/ubuntu/ROS2/ros_workspace_name/act_mov_ws/install/act_mov_interfaces/share/act_mov_interfaces/package.sh'
[1.075s] INFO:colcon.colcon_core.shell:Creating package script '/home/ubuntu/ROS2/ros_workspace_name/act_mov_ws/install/act_mov_interfaces/share/act_mov_interfaces/package.bash'
[1.076s] INFO:colcon.colcon_core.shell:Creating package script '/home/ubuntu/ROS2/ros_workspace_name/act_mov_ws/install/act_mov_interfaces/share/act_mov_interfaces/package.zsh'
[1.076s] Level 1:colcon.colcon_core.environment:create_file_with_runtime_dependencies(/home/ubuntu/ROS2/ros_workspace_name/act_mov_ws/install/act_mov_interfaces/share/colcon-core/packages/act_mov_interfaces)
[9.578s] DEBUG:colcon.colcon_core.event_handler.log_command:Invoked command in '/home/ubuntu/ROS2/ros_workspace_name/act_mov_ws/build/act_mov_pkg' returned '0': CMAKE_PREFIX_PATH=${CMAKE_PREFIX_PATH}:/opt/ros/jazzy DEBUGINFOD_URLS=https://debuginfod.ubuntu.com /usr/bin/cmake --build /home/ubuntu/ROS2/ros_workspace_name/act_mov_ws/build/act_mov_pkg -- -j8 -l8
[9.579s] DEBUG:colcon.colcon_core.event_handler.log_command:Invoking command in '/home/ubuntu/ROS2/ros_workspace_name/act_mov_ws/build/act_mov_pkg': CMAKE_PREFIX_PATH=${CMAKE_PREFIX_PATH}:/opt/ros/jazzy DEBUGINFOD_URLS=https://debuginfod.ubuntu.com /usr/bin/cmake --install /home/ubuntu/ROS2/ros_workspace_name/act_mov_ws/build/act_mov_pkg
[9.726s] Level 1:colcon.colcon_core.environment:create_environment_scripts_only(act_mov_pkg)
[9.726s] Level 1:colcon.colcon_core.environment:checking '/home/ubuntu/ROS2/ros_workspace_name/act_mov_ws/install/act_mov_pkg' for CMake module files
[9.727s] DEBUG:colcon.colcon_core.event_handler.log_command:Invoked command in '/home/ubuntu/ROS2/ros_workspace_name/act_mov_ws/build/act_mov_pkg' returned '0': CMAKE_PREFIX_PATH=${CMAKE_PREFIX_PATH}:/opt/ros/jazzy DEBUGINFOD_URLS=https://debuginfod.ubuntu.com /usr/bin/cmake --install /home/ubuntu/ROS2/ros_workspace_name/act_mov_ws/build/act_mov_pkg
[9.727s] Level 1:colcon.colcon_core.environment:checking '/home/ubuntu/ROS2/ros_workspace_name/act_mov_ws/install/act_mov_pkg' for CMake config files
[9.727s] Level 1:colcon.colcon_core.shell:create_environment_hook('act_mov_pkg', 'cmake_prefix_path')
[9.727s] INFO:colcon.colcon_core.shell:Creating environment hook '/home/ubuntu/ROS2/ros_workspace_name/act_mov_ws/install/act_mov_pkg/share/act_mov_pkg/hook/cmake_prefix_path.ps1'
[9.728s] INFO:colcon.colcon_core.shell:Creating environment descriptor '/home/ubuntu/ROS2/ros_workspace_name/act_mov_ws/install/act_mov_pkg/share/act_mov_pkg/hook/cmake_prefix_path.dsv'
[9.728s] INFO:colcon.colcon_core.shell:Creating environment hook '/home/ubuntu/ROS2/ros_workspace_name/act_mov_ws/install/act_mov_pkg/share/act_mov_pkg/hook/cmake_prefix_path.sh'
[9.729s] Level 1:colcon.colcon_core.environment:checking '/home/ubuntu/ROS2/ros_workspace_name/act_mov_ws/install/act_mov_pkg/lib'
[9.729s] Level 1:colcon.colcon_core.environment:checking '/home/ubuntu/ROS2/ros_workspace_name/act_mov_ws/install/act_mov_pkg/bin'
[9.729s] Level 1:colcon.colcon_core.environment:checking '/home/ubuntu/ROS2/ros_workspace_name/act_mov_ws/install/act_mov_pkg/lib/pkgconfig/act_mov_pkg.pc'
[9.729s] Level 1:colcon.colcon_core.environment:checking '/home/ubuntu/ROS2/ros_workspace_name/act_mov_ws/install/act_mov_pkg/lib/python3.12/site-packages'
[9.729s] Level 1:colcon.colcon_core.environment:checking '/home/ubuntu/ROS2/ros_workspace_name/act_mov_ws/install/act_mov_pkg/bin'
[9.729s] INFO:colcon.colcon_core.shell:Creating package script '/home/ubuntu/ROS2/ros_workspace_name/act_mov_ws/install/act_mov_pkg/share/act_mov_pkg/package.ps1'
[9.730s] INFO:colcon.colcon_core.shell:Creating package descriptor '/home/ubuntu/ROS2/ros_workspace_name/act_mov_ws/install/act_mov_pkg/share/act_mov_pkg/package.dsv'
[9.730s] INFO:colcon.colcon_core.shell:Creating package script '/home/ubuntu/ROS2/ros_workspace_name/act_mov_ws/install/act_mov_pkg/share/act_mov_pkg/package.sh'
[9.730s] INFO:colcon.colcon_core.shell:Creating package script '/home/ubuntu/ROS2/ros_workspace_name/act_mov_ws/install/act_mov_pkg/share/act_mov_pkg/package.bash'
[9.730s] INFO:colcon.colcon_core.shell:Creating package script '/home/ubuntu/ROS2/ros_workspace_name/act_mov_ws/install/act_mov_pkg/share/act_mov_pkg/package.zsh'
[9.731s] Level 1:colcon.colcon_core.environment:create_file_with_runtime_dependencies(/home/ubuntu/ROS2/ros_workspace_name/act_mov_ws/install/act_mov_pkg/share/colcon-core/packages/act_mov_pkg)
[9.731s] Level 1:colcon.colcon_core.environment:create_environment_scripts_only(act_mov_pkg)
[9.731s] Level 1:colcon.colcon_core.environment:checking '/home/ubuntu/ROS2/ros_workspace_name/act_mov_ws/install/act_mov_pkg' for CMake module files
[9.732s] Level 1:colcon.colcon_core.environment:checking '/home/ubuntu/ROS2/ros_workspace_name/act_mov_ws/install/act_mov_pkg' for CMake config files
[9.732s] Level 1:colcon.colcon_core.shell:create_environment_hook('act_mov_pkg', 'cmake_prefix_path')
[9.732s] INFO:colcon.colcon_core.shell:Creating environment hook '/home/ubuntu/ROS2/ros_workspace_name/act_mov_ws/install/act_mov_pkg/share/act_mov_pkg/hook/cmake_prefix_path.ps1'
[9.732s] INFO:colcon.colcon_core.shell:Creating environment descriptor '/home/ubuntu/ROS2/ros_workspace_name/act_mov_ws/install/act_mov_pkg/share/act_mov_pkg/hook/cmake_prefix_path.dsv'
[9.732s] INFO:colcon.colcon_core.shell:Creating environment hook '/home/ubuntu/ROS2/ros_workspace_name/act_mov_ws/install/act_mov_pkg/share/act_mov_pkg/hook/cmake_prefix_path.sh'
[9.733s] Level 1:colcon.colcon_core.environment:checking '/home/ubuntu/ROS2/ros_workspace_name/act_mov_ws/install/act_mov_pkg/lib'
[9.733s] Level 1:colcon.colcon_core.environment:checking '/home/ubuntu/ROS2/ros_workspace_name/act_mov_ws/install/act_mov_pkg/bin'
[9.733s] Level 1:colcon.colcon_core.environment:checking '/home/ubuntu/ROS2/ros_workspace_name/act_mov_ws/install/act_mov_pkg/lib/pkgconfig/act_mov_pkg.pc'
[9.733s] Level 1:colcon.colcon_core.environment:checking '/home/ubuntu/ROS2/ros_workspace_name/act_mov_ws/install/act_mov_pkg/lib/python3.12/site-packages'
[9.733s] Level 1:colcon.colcon_core.environment:checking '/home/ubuntu/ROS2/ros_workspace_name/act_mov_ws/install/act_mov_pkg/bin'
[9.734s] INFO:colcon.colcon_core.shell:Creating package script '/home/ubuntu/ROS2/ros_workspace_name/act_mov_ws/install/act_mov_pkg/share/act_mov_pkg/package.ps1'
[9.734s] INFO:colcon.colcon_core.shell:Creating package descriptor '/home/ubuntu/ROS2/ros_workspace_name/act_mov_ws/install/act_mov_pkg/share/act_mov_pkg/package.dsv'
[9.734s] INFO:colcon.colcon_core.shell:Creating package script '/home/ubuntu/ROS2/ros_workspace_name/act_mov_ws/install/act_mov_pkg/share/act_mov_pkg/package.sh'
[9.735s] INFO:colcon.colcon_core.shell:Creating package script '/home/ubuntu/ROS2/ros_workspace_name/act_mov_ws/install/act_mov_pkg/share/act_mov_pkg/package.bash'
[9.735s] INFO:colcon.colcon_core.shell:Creating package script '/home/ubuntu/ROS2/ros_workspace_name/act_mov_ws/install/act_mov_pkg/share/act_mov_pkg/package.zsh'
[9.735s] Level 1:colcon.colcon_core.environment:create_file_with_runtime_dependencies(/home/ubuntu/ROS2/ros_workspace_name/act_mov_ws/install/act_mov_pkg/share/colcon-core/packages/act_mov_pkg)
[9.735s] DEBUG:colcon.colcon_parallel_executor.executor.parallel:closing loop
[9.736s] DEBUG:colcon.colcon_parallel_executor.executor.parallel:loop closed
[9.736s] DEBUG:colcon.colcon_parallel_executor.executor.parallel:run_until_complete finished with '0'
[9.736s] DEBUG:colcon.colcon_core.event_reactor:joining thread
[9.740s] INFO:colcon.colcon_core.plugin_system:Skipping extension 'colcon_notification.desktop_notification.terminal_notifier': Not used on non-Darwin systems
[9.740s] INFO:colcon.colcon_core.plugin_system:Skipping extension 'colcon_notification.desktop_notification.win32': Not used on non-Windows systems
[9.740s] INFO:colcon.colcon_notification.desktop_notification:Sending desktop notification using 'notify2'
[9.754s] DEBUG:colcon.colcon_core.event_reactor:joined thread
[9.755s] INFO:colcon.colcon_core.shell:Creating prefix script '/home/ubuntu/ROS2/ros_workspace_name/act_mov_ws/install/local_setup.ps1'
[9.756s] INFO:colcon.colcon_core.shell:Creating prefix util module '/home/ubuntu/ROS2/ros_workspace_name/act_mov_ws/install/_local_setup_util_ps1.py'
[9.758s] INFO:colcon.colcon_core.shell:Creating prefix chain script '/home/ubuntu/ROS2/ros_workspace_name/act_mov_ws/install/setup.ps1'
[9.759s] INFO:colcon.colcon_core.shell:Creating prefix script '/home/ubuntu/ROS2/ros_workspace_name/act_mov_ws/install/local_setup.sh'
[9.760s] INFO:colcon.colcon_core.shell:Creating prefix util module '/home/ubuntu/ROS2/ros_workspace_name/act_mov_ws/install/_local_setup_util_sh.py'
[9.761s] INFO:colcon.colcon_core.shell:Creating prefix chain script '/home/ubuntu/ROS2/ros_workspace_name/act_mov_ws/install/setup.sh'
[9.762s] INFO:colcon.colcon_core.shell:Creating prefix script '/home/ubuntu/ROS2/ros_workspace_name/act_mov_ws/install/local_setup.bash'
[9.763s] INFO:colcon.colcon_core.shell:Creating prefix chain script '/home/ubuntu/ROS2/ros_workspace_name/act_mov_ws/install/setup.bash'
[9.763s] INFO:colcon.colcon_core.shell:Creating prefix script '/home/ubuntu/ROS2/ros_workspace_name/act_mov_ws/install/local_setup.zsh'
[9.764s] INFO:colcon.colcon_core.shell:Creating prefix chain script '/home/ubuntu/ROS2/ros_workspace_name/act_mov_ws/install/setup.zsh'
