[0.010s] Invoking command in '/home/ubuntu/ROS2/ros_workspace_name/act_mov_ws/build/act_mov_pkg': CMAKE_PREFIX_PATH=${CMAKE_PREFIX_PATH}:/opt/ros/jazzy DEBUGINFOD_URLS=https://debuginfod.ubuntu.com /usr/bin/cmake /home/ubuntu/ROS2/ros_workspace_name/act_mov_ws/src/act_mov_pkg -DCMAKE_INSTALL_PREFIX=/home/ubuntu/ROS2/ros_workspace_name/act_mov_ws/install/act_mov_pkg
[0.157s] -- The C compiler identification is GNU 13.3.0
[0.311s] -- The CXX compiler identification is GNU 13.3.0
[0.340s] -- Detecting C compiler ABI info
[0.461s] -- Detecting C compiler ABI info - done
[0.479s] -- Check for working C compiler: /usr/bin/cc - skipped
[0.480s] -- Detecting C compile features
[0.482s] -- Detecting C compile features - done
[0.497s] -- Detecting CXX compiler ABI info
[0.621s] -- Detecting CXX compiler ABI info - done
[0.640s] -- Check for working CXX compiler: /usr/bin/c++ - skipped
[0.640s] -- Detecting CXX compile features
[0.641s] -- Detecting CXX compile features - done
[0.644s] -- Found ament_cmake: 2.5.4 (/opt/ros/jazzy/share/ament_cmake/cmake)
[0.859s] -- Found Python3: /usr/bin/python3 (found version "3.12.3") found components: Interpreter 
[0.980s] -- Found rosidl_default_generators: 1.6.0 (/opt/ros/jazzy/share/rosidl_default_generators/cmake)
[0.985s] -- Using all available rosidl_typesupport_c: rosidl_typesupport_fastrtps_c;rosidl_typesupport_introspection_c
[1.049s] -- Using all available rosidl_typesupport_cpp: rosidl_typesupport_fastrtps_cpp;rosidl_typesupport_introspection_cpp
[1.094s] -- Found rosidl_adapter: 4.6.5 (/opt/ros/jazzy/share/rosidl_adapter/cmake)
[1.097s] -- Found geometry_msgs: 5.3.6 (/opt/ros/jazzy/share/geometry_msgs/cmake)
[1.168s] -- Found action_msgs: 2.0.2 (/opt/ros/jazzy/share/action_msgs/cmake)
[1.230s] -- Found rclcpp: 28.1.9 (/opt/ros/jazzy/share/rclcpp/cmake)
[1.290s] -- Found rmw_implementation_cmake: 7.3.2 (/opt/ros/jazzy/share/rmw_implementation_cmake/cmake)
[1.293s] -- Found rmw_fastrtps_cpp: 8.4.2 (/opt/ros/jazzy/share/rmw_fastrtps_cpp/cmake)
[1.396s] -- Found OpenSSL: /usr/lib/x86_64-linux-gnu/libcrypto.so (found version "3.0.13")  
[1.420s] -- Found FastRTPS: /opt/ros/jazzy/include (Required is at least version "2.13") 
[1.444s] -- Using RMW implementation 'rmw_fastrtps_cpp' as default
[1.520s] -- Found rclcpp_action: 28.1.9 (/opt/ros/jazzy/share/rclcpp_action/cmake)
[2.496s] -- Found ament_cmake_ros: 0.12.0 (/opt/ros/jazzy/share/ament_cmake_ros/cmake)
[3.237s] -- Using all available rosidl_typesupport_c: rosidl_typesupport_fastrtps_c;rosidl_typesupport_introspection_c
[4.150s] -- Using all available rosidl_typesupport_cpp: rosidl_typesupport_fastrtps_cpp;rosidl_typesupport_introspection_cpp
[4.155s] -- Found python_cmake_module: 0.11.1 (/opt/ros/jazzy/share/python_cmake_module/cmake)
[4.327s] -- Found PythonExtra: /usr/bin/python3  
[4.881s] -- Found Python3: /usr/bin/python3 (found version "3.12.3") found components: Interpreter Development NumPy Development.Module Development.Embed 
[4.956s] [0mCMake Deprecation Warning at /opt/ros/jazzy/share/rosidl_cmake/cmake/rosidl_target_interfaces.cmake:32 (message):
[4.956s]   Use rosidl_get_typesupport_target() and target_link_libraries() instead of
[4.956s]   rosidl_target_interfaces().  i.e:
[4.956s] 
[4.956s]     rosidl_get_typesupport_target(cpp_typesupport_target "${PROJECT_NAME}" "rosidl_typesupport_cpp")
[4.956s]     target_link_libraries(${PROJECT_NAME}_node "${cpp_typesupport_target}")
[4.956s] 
[4.956s] Call Stack (most recent call first):
[4.956s]   CMakeLists.txt:37 (rosidl_target_interfaces)
[4.956s] 
[4.956s] [0m
[4.957s] -- Found ament_lint_auto: 0.17.2 (/opt/ros/jazzy/share/ament_lint_auto/cmake)
[4.982s] -- Added test 'cppcheck' to perform static code analysis on C / C++ code
[4.982s] -- Configured cppcheck include dirs: 
[4.983s] -- Configured cppcheck exclude dirs and/or files: 
[4.984s] -- Added test 'lint_cmake' to check CMake code style
[4.986s] -- Added test 'uncrustify' to check C / C++ code style
[4.986s] -- Configured uncrustify additional arguments: 
[4.986s] -- Added test 'xmllint' to check XML markup files
[4.989s] -- Configuring done (5.0s)
[5.108s] -- Generating done (0.1s)
[5.146s] -- Build files have been written to: /home/ubuntu/ROS2/ros_workspace_name/act_mov_ws/build/act_mov_pkg
[5.171s] Invoked command in '/home/ubuntu/ROS2/ros_workspace_name/act_mov_ws/build/act_mov_pkg' returned '0': CMAKE_PREFIX_PATH=${CMAKE_PREFIX_PATH}:/opt/ros/jazzy DEBUGINFOD_URLS=https://debuginfod.ubuntu.com /usr/bin/cmake /home/ubuntu/ROS2/ros_workspace_name/act_mov_ws/src/act_mov_pkg -DCMAKE_INSTALL_PREFIX=/home/ubuntu/ROS2/ros_workspace_name/act_mov_ws/install/act_mov_pkg
[5.173s] Invoking command in '/home/ubuntu/ROS2/ros_workspace_name/act_mov_ws/build/act_mov_pkg': CMAKE_PREFIX_PATH=${CMAKE_PREFIX_PATH}:/opt/ros/jazzy DEBUGINFOD_URLS=https://debuginfod.ubuntu.com /usr/bin/cmake --build /home/ubuntu/ROS2/ros_workspace_name/act_mov_ws/build/act_mov_pkg -- -j8 -l8
[5.240s] [  2%] [34m[1mGenerating type hashes for ROS interfaces[0m
[5.249s] [  2%] Built target ament_cmake_python_copy_act_mov_pkg
[5.681s] [  2%] Built target act_mov_pkg__rosidl_generator_type_description
[5.707s] [  5%] [34m[1mGenerating C code for ROS interfaces[0m
[5.747s] [  8%] [34m[1mGenerating C++ code for ROS interfaces[0m
[5.761s] running egg_info
[5.764s] creating act_mov_pkg.egg-info
[5.820s] writing act_mov_pkg.egg-info/PKG-INFO
[5.820s] writing dependency_links to act_mov_pkg.egg-info/dependency_links.txt
[5.820s] writing top-level names to act_mov_pkg.egg-info/top_level.txt
[5.821s] writing manifest file 'act_mov_pkg.egg-info/SOURCES.txt'
[5.978s] reading manifest file 'act_mov_pkg.egg-info/SOURCES.txt'
[5.979s] writing manifest file 'act_mov_pkg.egg-info/SOURCES.txt'
[6.034s] [  8%] Built target ament_cmake_python_build_act_mov_pkg_egg
[6.612s] [ 13%] [32mBuilding C object CMakeFiles/act_mov_pkg__rosidl_generator_c.dir/rosidl_generator_c/act_mov_pkg/action/detail/navigate__type_support.c.o[0m
[6.612s] [ 13%] [32mBuilding C object CMakeFiles/act_mov_pkg__rosidl_generator_c.dir/rosidl_generator_c/act_mov_pkg/action/detail/navigate__description.c.o[0m
[6.612s] [ 16%] [32mBuilding C object CMakeFiles/act_mov_pkg__rosidl_generator_c.dir/rosidl_generator_c/act_mov_pkg/action/detail/navigate__functions.c.o[0m
[6.621s] [ 16%] Built target act_mov_pkg__cpp
[6.845s] [ 19%] [32m[1mLinking C shared library libact_mov_pkg__rosidl_generator_c.so[0m
[6.912s] [ 19%] Built target act_mov_pkg__rosidl_generator_c
[6.934s] [ 22%] [34m[1mGenerating C++ type support dispatch for ROS interfaces[0m
[6.935s] [ 25%] [34m[1mGenerating C type support dispatch for ROS interfaces[0m
[6.936s] [ 27%] [34m[1mGenerating C type support for eProsima Fast-RTPS[0m
[6.939s] [ 30%] [34m[1mGenerating C++ type support for eProsima Fast-RTPS[0m
[6.942s] [ 33%] [34m[1mGenerating C++ introspection for ROS interfaces[0m
[6.948s] [ 36%] [34m[1mGenerating C introspection for ROS interfaces[0m
[7.922s] [ 38%] [32mBuilding CXX object CMakeFiles/act_mov_pkg__rosidl_typesupport_cpp.dir/rosidl_typesupport_cpp/act_mov_pkg/action/navigate__type_support.cpp.o[0m
[7.987s] [ 41%] [32mBuilding CXX object CMakeFiles/act_mov_pkg__rosidl_typesupport_c.dir/rosidl_typesupport_c/act_mov_pkg/action/navigate__type_support.cpp.o[0m
[8.202s] [ 44%] [32m[1mLinking CXX shared library libact_mov_pkg__rosidl_typesupport_c.so[0m
[8.214s] [ 47%] [32mBuilding C object CMakeFiles/act_mov_pkg__rosidl_typesupport_introspection_c.dir/rosidl_typesupport_introspection_c/act_mov_pkg/action/detail/navigate__type_support.c.o[0m
[8.221s] [ 50%] [32mBuilding CXX object CMakeFiles/act_mov_pkg__rosidl_typesupport_introspection_cpp.dir/rosidl_typesupport_introspection_cpp/act_mov_pkg/action/detail/navigate__type_support.cpp.o[0m
[8.321s] [ 50%] Built target act_mov_pkg__rosidl_typesupport_c
[8.503s] [ 52%] [32m[1mLinking C shared library libact_mov_pkg__rosidl_typesupport_introspection_c.so[0m
[8.582s] [ 55%] [32mBuilding CXX object CMakeFiles/act_mov_pkg__rosidl_typesupport_fastrtps_cpp.dir/rosidl_typesupport_fastrtps_cpp/act_mov_pkg/action/detail/dds_fastrtps/navigate__type_support.cpp.o[0m
[8.587s] [ 55%] Built target act_mov_pkg__rosidl_typesupport_introspection_c
[8.750s] [ 58%] [32mBuilding CXX object CMakeFiles/act_mov_pkg__rosidl_typesupport_fastrtps_c.dir/rosidl_typesupport_fastrtps_c/act_mov_pkg/action/detail/navigate__type_support_c.cpp.o[0m
[9.725s] [ 61%] [32m[1mLinking CXX shared library libact_mov_pkg__rosidl_typesupport_cpp.so[0m
[9.884s] [ 61%] Built target act_mov_pkg__rosidl_typesupport_cpp
[9.975s] [ 63%] [32m[1mLinking CXX shared library libact_mov_pkg__rosidl_typesupport_introspection_cpp.so[0m
[10.152s] [ 63%] Built target act_mov_pkg__rosidl_typesupport_introspection_cpp
[10.164s] [ 66%] [32m[1mLinking CXX shared library libact_mov_pkg__rosidl_typesupport_fastrtps_c.so[0m
[10.268s] [ 66%] Built target act_mov_pkg__rosidl_typesupport_fastrtps_c
[10.755s] [ 69%] [32m[1mLinking CXX shared library libact_mov_pkg__rosidl_typesupport_fastrtps_cpp.so[0m
[10.861s] [ 69%] Built target act_mov_pkg__rosidl_typesupport_fastrtps_cpp
[10.880s] [ 69%] Built target act_mov_pkg
[10.908s] [ 72%] [32mBuilding CXX object CMakeFiles/action_server.dir/src/action_server.cpp.o[0m
[10.910s] [ 75%] [34m[1mGenerating Python code for ROS interfaces[0m
[11.431s] [01m[K/home/ubuntu/ROS2/ros_workspace_name/act_mov_ws/src/act_mov_pkg/src/action_server.cpp:4:10:[m[K [01;31m[Kfatal error: [m[Kact_mov_pkg/action/Navigate.h: No such file or directory
[11.431s]     4 | #include [01;31m[K"act_mov_pkg/action/Navigate.h"[m[K
[11.431s]       |          [01;31m[K^~~~~~~~~~~~~~~~~~~~~~~~~~~~~~~[m[K
[11.431s] compilation terminated.
[11.435s] gmake[2]: *** [CMakeFiles/action_server.dir/build.make:76: CMakeFiles/action_server.dir/src/action_server.cpp.o] Error 1
[11.435s] gmake[1]: *** [CMakeFiles/Makefile2:626: CMakeFiles/action_server.dir/all] Error 2
[11.435s] gmake[1]: *** Waiting for unfinished jobs....
[12.001s] [ 75%] Built target act_mov_pkg__py
[12.002s] gmake: *** [Makefile:146: all] Error 2
[12.004s] Invoked command in '/home/ubuntu/ROS2/ros_workspace_name/act_mov_ws/build/act_mov_pkg' returned '2': CMAKE_PREFIX_PATH=${CMAKE_PREFIX_PATH}:/opt/ros/jazzy DEBUGINFOD_URLS=https://debuginfod.ubuntu.com /usr/bin/cmake --build /home/ubuntu/ROS2/ros_workspace_name/act_mov_ws/build/act_mov_pkg -- -j8 -l8
