[0.012s] Invoking command in '/home/ubuntu/ROS2/ros_workspace_name/act_mov_ws/build/act_mov_interfaces': CMAKE_PREFIX_PATH=${CMAKE_PREFIX_PATH}:/opt/ros/jazzy DEBUGINFOD_URLS=https://debuginfod.ubuntu.com /usr/bin/cmake --build /home/ubuntu/ROS2/ros_workspace_name/act_mov_ws/build/act_mov_interfaces -- -j8 -l8
[0.116s] [  2%] Built target act_mov_interfaces__rosidl_generator_type_description
[0.154s] [  2%] Built target ament_cmake_python_copy_act_mov_interfaces
[0.167s] [  5%] Built target act_mov_interfaces__cpp
[0.178s] [ 20%] Built target act_mov_interfaces__rosidl_generator_c
[0.274s] [ 29%] Built target act_mov_interfaces__rosidl_typesupport_introspection_c
[0.278s] [ 38%] Built target act_mov_interfaces__rosidl_typesupport_c
[0.281s] [ 47%] Built target act_mov_interfaces__rosidl_typesupport_fastrtps_c
[0.290s] [ 55%] Built target act_mov_interfaces__rosidl_typesupport_fastrtps_cpp
[0.293s] [ 64%] Built target act_mov_interfaces__rosidl_typesupport_introspection_cpp
[0.296s] [ 73%] Built target act_mov_interfaces__rosidl_typesupport_cpp
[0.332s] [ 73%] Built target act_mov_interfaces
[0.377s] [ 76%] Built target act_mov_interfaces__py
[0.426s] [ 82%] Built target act_mov_interfaces__rosidl_generator_py
[0.481s] [ 88%] Built target act_mov_interfaces_s__rosidl_typesupport_fastrtps_c
[0.487s] [ 94%] Built target act_mov_interfaces_s__rosidl_typesupport_c
[0.487s] [100%] Built target act_mov_interfaces_s__rosidl_typesupport_introspection_c
[0.669s] running egg_info
[0.704s] writing act_mov_interfaces.egg-info/PKG-INFO
[0.704s] writing dependency_links to act_mov_interfaces.egg-info/dependency_links.txt
[0.705s] writing top-level names to act_mov_interfaces.egg-info/top_level.txt
[0.794s] reading manifest file 'act_mov_interfaces.egg-info/SOURCES.txt'
[0.795s] writing manifest file 'act_mov_interfaces.egg-info/SOURCES.txt'
[0.841s] [100%] Built target ament_cmake_python_build_act_mov_interfaces_egg
[0.858s] Invoked command in '/home/ubuntu/ROS2/ros_workspace_name/act_mov_ws/build/act_mov_interfaces' returned '0': CMAKE_PREFIX_PATH=${CMAKE_PREFIX_PATH}:/opt/ros/jazzy DEBUGINFOD_URLS=https://debuginfod.ubuntu.com /usr/bin/cmake --build /home/ubuntu/ROS2/ros_workspace_name/act_mov_ws/build/act_mov_interfaces -- -j8 -l8
[0.869s] Invoking command in '/home/ubuntu/ROS2/ros_workspace_name/act_mov_ws/build/act_mov_interfaces': CMAKE_PREFIX_PATH=${CMAKE_PREFIX_PATH}:/opt/ros/jazzy DEBUGINFOD_URLS=https://debuginfod.ubuntu.com /usr/bin/cmake --install /home/ubuntu/ROS2/ros_workspace_name/act_mov_ws/build/act_mov_interfaces
[0.879s] -- Install configuration: ""
[0.880s] -- Up-to-date: /home/ubuntu/ROS2/ros_workspace_name/act_mov_ws/install/act_mov_interfaces/share/ament_index/resource_index/rosidl_interfaces/act_mov_interfaces
[0.880s] -- Up-to-date: /home/ubuntu/ROS2/ros_workspace_name/act_mov_ws/install/act_mov_interfaces/share/act_mov_interfaces/action/Navigate.json
[0.880s] -- Up-to-date: /home/ubuntu/ROS2/ros_workspace_name/act_mov_ws/install/act_mov_interfaces/include/act_mov_interfaces/act_mov_interfaces
[0.880s] -- Up-to-date: /home/ubuntu/ROS2/ros_workspace_name/act_mov_ws/install/act_mov_interfaces/include/act_mov_interfaces/act_mov_interfaces/action
[0.881s] -- Up-to-date: /home/ubuntu/ROS2/ros_workspace_name/act_mov_ws/install/act_mov_interfaces/include/act_mov_interfaces/act_mov_interfaces/action/navigate.h
[0.881s] -- Up-to-date: /home/ubuntu/ROS2/ros_workspace_name/act_mov_ws/install/act_mov_interfaces/include/act_mov_interfaces/act_mov_interfaces/action/detail
[0.881s] -- Installing: /home/ubuntu/ROS2/ros_workspace_name/act_mov_ws/install/act_mov_interfaces/include/act_mov_interfaces/act_mov_interfaces/action/detail/navigate__type_support.c
[0.881s] -- Up-to-date: /home/ubuntu/ROS2/ros_workspace_name/act_mov_ws/install/act_mov_interfaces/include/act_mov_interfaces/act_mov_interfaces/action/detail/navigate__type_support.h
[0.881s] -- Up-to-date: /home/ubuntu/ROS2/ros_workspace_name/act_mov_ws/install/act_mov_interfaces/include/act_mov_interfaces/act_mov_interfaces/action/detail/navigate__functions.h
[0.882s] -- Up-to-date: /home/ubuntu/ROS2/ros_workspace_name/act_mov_ws/install/act_mov_interfaces/include/act_mov_interfaces/act_mov_interfaces/action/detail/navigate__functions.c
[0.882s] -- Up-to-date: /home/ubuntu/ROS2/ros_workspace_name/act_mov_ws/install/act_mov_interfaces/include/act_mov_interfaces/act_mov_interfaces/action/detail/navigate__description.c
[0.882s] -- Up-to-date: /home/ubuntu/ROS2/ros_workspace_name/act_mov_ws/install/act_mov_interfaces/include/act_mov_interfaces/act_mov_interfaces/action/detail/navigate__struct.h
[0.882s] -- Up-to-date: /home/ubuntu/ROS2/ros_workspace_name/act_mov_ws/install/act_mov_interfaces/include/act_mov_interfaces/act_mov_interfaces/msg
[0.883s] -- Up-to-date: /home/ubuntu/ROS2/ros_workspace_name/act_mov_ws/install/act_mov_interfaces/include/act_mov_interfaces/act_mov_interfaces/msg/rosidl_generator_c__visibility_control.h
[0.883s] -- Up-to-date: /home/ubuntu/ROS2/ros_workspace_name/act_mov_ws/install/act_mov_interfaces/share/act_mov_interfaces/environment/library_path.sh
[0.883s] -- Up-to-date: /home/ubuntu/ROS2/ros_workspace_name/act_mov_ws/install/act_mov_interfaces/share/act_mov_interfaces/environment/library_path.dsv
[0.883s] -- Up-to-date: /home/ubuntu/ROS2/ros_workspace_name/act_mov_ws/install/act_mov_interfaces/lib/libact_mov_interfaces__rosidl_generator_c.so
[0.883s] -- Up-to-date: /home/ubuntu/ROS2/ros_workspace_name/act_mov_ws/install/act_mov_interfaces/include/act_mov_interfaces/act_mov_interfaces
[0.884s] -- Up-to-date: /home/ubuntu/ROS2/ros_workspace_name/act_mov_ws/install/act_mov_interfaces/include/act_mov_interfaces/act_mov_interfaces/action
[0.884s] -- Up-to-date: /home/ubuntu/ROS2/ros_workspace_name/act_mov_ws/install/act_mov_interfaces/include/act_mov_interfaces/act_mov_interfaces/action/detail
[0.884s] -- Up-to-date: /home/ubuntu/ROS2/ros_workspace_name/act_mov_ws/install/act_mov_interfaces/include/act_mov_interfaces/act_mov_interfaces/action/detail/navigate__rosidl_typesupport_fastrtps_c.h
[0.884s] -- Up-to-date: /home/ubuntu/ROS2/ros_workspace_name/act_mov_ws/install/act_mov_interfaces/include/act_mov_interfaces/act_mov_interfaces/msg
[0.884s] -- Up-to-date: /home/ubuntu/ROS2/ros_workspace_name/act_mov_ws/install/act_mov_interfaces/include/act_mov_interfaces/act_mov_interfaces/msg/rosidl_typesupport_fastrtps_c__visibility_control.h
[0.884s] -- Up-to-date: /home/ubuntu/ROS2/ros_workspace_name/act_mov_ws/install/act_mov_interfaces/lib/libact_mov_interfaces__rosidl_typesupport_fastrtps_c.so
[0.885s] -- Up-to-date: /home/ubuntu/ROS2/ros_workspace_name/act_mov_ws/install/act_mov_interfaces/include/act_mov_interfaces/act_mov_interfaces
[0.885s] -- Up-to-date: /home/ubuntu/ROS2/ros_workspace_name/act_mov_ws/install/act_mov_interfaces/include/act_mov_interfaces/act_mov_interfaces/action
[0.885s] -- Up-to-date: /home/ubuntu/ROS2/ros_workspace_name/act_mov_ws/install/act_mov_interfaces/include/act_mov_interfaces/act_mov_interfaces/action/detail
[0.886s] -- Installing: /home/ubuntu/ROS2/ros_workspace_name/act_mov_ws/install/act_mov_interfaces/include/act_mov_interfaces/act_mov_interfaces/action/detail/navigate__type_support.c
[0.886s] -- Up-to-date: /home/ubuntu/ROS2/ros_workspace_name/act_mov_ws/install/act_mov_interfaces/include/act_mov_interfaces/act_mov_interfaces/action/detail/navigate__rosidl_typesupport_introspection_c.h
[0.886s] -- Up-to-date: /home/ubuntu/ROS2/ros_workspace_name/act_mov_ws/install/act_mov_interfaces/include/act_mov_interfaces/act_mov_interfaces/msg
[0.886s] -- Up-to-date: /home/ubuntu/ROS2/ros_workspace_name/act_mov_ws/install/act_mov_interfaces/include/act_mov_interfaces/act_mov_interfaces/msg/rosidl_typesupport_introspection_c__visibility_control.h
[0.886s] -- Up-to-date: /home/ubuntu/ROS2/ros_workspace_name/act_mov_ws/install/act_mov_interfaces/lib/libact_mov_interfaces__rosidl_typesupport_introspection_c.so
[0.886s] -- Up-to-date: /home/ubuntu/ROS2/ros_workspace_name/act_mov_ws/install/act_mov_interfaces/lib/libact_mov_interfaces__rosidl_typesupport_c.so
[0.887s] -- Up-to-date: /home/ubuntu/ROS2/ros_workspace_name/act_mov_ws/install/act_mov_interfaces/include/act_mov_interfaces/act_mov_interfaces
[0.887s] -- Up-to-date: /home/ubuntu/ROS2/ros_workspace_name/act_mov_ws/install/act_mov_interfaces/include/act_mov_interfaces/act_mov_interfaces/action
[0.887s] -- Up-to-date: /home/ubuntu/ROS2/ros_workspace_name/act_mov_ws/install/act_mov_interfaces/include/act_mov_interfaces/act_mov_interfaces/action/navigate.hpp
[0.887s] -- Up-to-date: /home/ubuntu/ROS2/ros_workspace_name/act_mov_ws/install/act_mov_interfaces/include/act_mov_interfaces/act_mov_interfaces/action/detail
[0.887s] -- Up-to-date: /home/ubuntu/ROS2/ros_workspace_name/act_mov_ws/install/act_mov_interfaces/include/act_mov_interfaces/act_mov_interfaces/action/detail/navigate__traits.hpp
[0.887s] -- Up-to-date: /home/ubuntu/ROS2/ros_workspace_name/act_mov_ws/install/act_mov_interfaces/include/act_mov_interfaces/act_mov_interfaces/action/detail/navigate__type_support.hpp
[0.888s] -- Up-to-date: /home/ubuntu/ROS2/ros_workspace_name/act_mov_ws/install/act_mov_interfaces/include/act_mov_interfaces/act_mov_interfaces/action/detail/navigate__struct.hpp
[0.888s] -- Up-to-date: /home/ubuntu/ROS2/ros_workspace_name/act_mov_ws/install/act_mov_interfaces/include/act_mov_interfaces/act_mov_interfaces/action/detail/navigate__builder.hpp
[0.888s] -- Up-to-date: /home/ubuntu/ROS2/ros_workspace_name/act_mov_ws/install/act_mov_interfaces/include/act_mov_interfaces/act_mov_interfaces/msg
[0.888s] -- Up-to-date: /home/ubuntu/ROS2/ros_workspace_name/act_mov_ws/install/act_mov_interfaces/include/act_mov_interfaces/act_mov_interfaces/msg/rosidl_generator_cpp__visibility_control.hpp
[0.888s] -- Up-to-date: /home/ubuntu/ROS2/ros_workspace_name/act_mov_ws/install/act_mov_interfaces/include/act_mov_interfaces/act_mov_interfaces
[0.888s] -- Up-to-date: /home/ubuntu/ROS2/ros_workspace_name/act_mov_ws/install/act_mov_interfaces/include/act_mov_interfaces/act_mov_interfaces/action
[0.889s] -- Up-to-date: /home/ubuntu/ROS2/ros_workspace_name/act_mov_ws/install/act_mov_interfaces/include/act_mov_interfaces/act_mov_interfaces/action/detail
[0.889s] -- Up-to-date: /home/ubuntu/ROS2/ros_workspace_name/act_mov_ws/install/act_mov_interfaces/include/act_mov_interfaces/act_mov_interfaces/action/detail/navigate__rosidl_typesupport_fastrtps_cpp.hpp
[0.889s] -- Up-to-date: /home/ubuntu/ROS2/ros_workspace_name/act_mov_ws/install/act_mov_interfaces/include/act_mov_interfaces/act_mov_interfaces/action/detail/dds_fastrtps
[0.889s] -- Up-to-date: /home/ubuntu/ROS2/ros_workspace_name/act_mov_ws/install/act_mov_interfaces/include/act_mov_interfaces/act_mov_interfaces/msg
[0.889s] -- Up-to-date: /home/ubuntu/ROS2/ros_workspace_name/act_mov_ws/install/act_mov_interfaces/include/act_mov_interfaces/act_mov_interfaces/msg/rosidl_typesupport_fastrtps_cpp__visibility_control.h
[0.889s] -- Up-to-date: /home/ubuntu/ROS2/ros_workspace_name/act_mov_ws/install/act_mov_interfaces/lib/libact_mov_interfaces__rosidl_typesupport_fastrtps_cpp.so
[0.890s] -- Up-to-date: /home/ubuntu/ROS2/ros_workspace_name/act_mov_ws/install/act_mov_interfaces/include/act_mov_interfaces/act_mov_interfaces
[0.890s] -- Up-to-date: /home/ubuntu/ROS2/ros_workspace_name/act_mov_ws/install/act_mov_interfaces/include/act_mov_interfaces/act_mov_interfaces/action
[0.890s] -- Up-to-date: /home/ubuntu/ROS2/ros_workspace_name/act_mov_ws/install/act_mov_interfaces/include/act_mov_interfaces/act_mov_interfaces/action/detail
[0.890s] -- Up-to-date: /home/ubuntu/ROS2/ros_workspace_name/act_mov_ws/install/act_mov_interfaces/include/act_mov_interfaces/act_mov_interfaces/action/detail/navigate__rosidl_typesupport_introspection_cpp.hpp
[0.890s] -- Up-to-date: /home/ubuntu/ROS2/ros_workspace_name/act_mov_ws/install/act_mov_interfaces/include/act_mov_interfaces/act_mov_interfaces/action/detail/navigate__type_support.cpp
[0.890s] -- Up-to-date: /home/ubuntu/ROS2/ros_workspace_name/act_mov_ws/install/act_mov_interfaces/lib/libact_mov_interfaces__rosidl_typesupport_introspection_cpp.so
[0.890s] -- Up-to-date: /home/ubuntu/ROS2/ros_workspace_name/act_mov_ws/install/act_mov_interfaces/lib/libact_mov_interfaces__rosidl_typesupport_cpp.so
[0.891s] -- Up-to-date: /home/ubuntu/ROS2/ros_workspace_name/act_mov_ws/install/act_mov_interfaces/share/act_mov_interfaces/environment/pythonpath.sh
[0.891s] -- Up-to-date: /home/ubuntu/ROS2/ros_workspace_name/act_mov_ws/install/act_mov_interfaces/share/act_mov_interfaces/environment/pythonpath.dsv
[0.891s] -- Up-to-date: /home/ubuntu/ROS2/ros_workspace_name/act_mov_ws/install/act_mov_interfaces/lib/python3.12/site-packages/act_mov_interfaces-0.0.1-py3.12.egg-info
[0.891s] -- Installing: /home/ubuntu/ROS2/ros_workspace_name/act_mov_ws/install/act_mov_interfaces/lib/python3.12/site-packages/act_mov_interfaces-0.0.1-py3.12.egg-info/dependency_links.txt
[0.891s] -- Installing: /home/ubuntu/ROS2/ros_workspace_name/act_mov_ws/install/act_mov_interfaces/lib/python3.12/site-packages/act_mov_interfaces-0.0.1-py3.12.egg-info/SOURCES.txt
[0.891s] -- Installing: /home/ubuntu/ROS2/ros_workspace_name/act_mov_ws/install/act_mov_interfaces/lib/python3.12/site-packages/act_mov_interfaces-0.0.1-py3.12.egg-info/PKG-INFO
[0.892s] -- Installing: /home/ubuntu/ROS2/ros_workspace_name/act_mov_ws/install/act_mov_interfaces/lib/python3.12/site-packages/act_mov_interfaces-0.0.1-py3.12.egg-info/top_level.txt
[0.892s] -- Up-to-date: /home/ubuntu/ROS2/ros_workspace_name/act_mov_ws/install/act_mov_interfaces/lib/python3.12/site-packages/act_mov_interfaces
[0.892s] -- Up-to-date: /home/ubuntu/ROS2/ros_workspace_name/act_mov_ws/install/act_mov_interfaces/lib/python3.12/site-packages/act_mov_interfaces/_act_mov_interfaces_s.ep.rosidl_typesupport_introspection_c.c
[0.892s] -- Up-to-date: /home/ubuntu/ROS2/ros_workspace_name/act_mov_ws/install/act_mov_interfaces/lib/python3.12/site-packages/act_mov_interfaces/_act_mov_interfaces_s.ep.rosidl_typesupport_c.c
[0.892s] -- Up-to-date: /home/ubuntu/ROS2/ros_workspace_name/act_mov_ws/install/act_mov_interfaces/lib/python3.12/site-packages/act_mov_interfaces/action
[0.892s] -- Up-to-date: /home/ubuntu/ROS2/ros_workspace_name/act_mov_ws/install/act_mov_interfaces/lib/python3.12/site-packages/act_mov_interfaces/action/_navigate.py
[0.893s] -- Up-to-date: /home/ubuntu/ROS2/ros_workspace_name/act_mov_ws/install/act_mov_interfaces/lib/python3.12/site-packages/act_mov_interfaces/action/__init__.py
[0.893s] -- Up-to-date: /home/ubuntu/ROS2/ros_workspace_name/act_mov_ws/install/act_mov_interfaces/lib/python3.12/site-packages/act_mov_interfaces/action/_navigate_s.c
[0.893s] -- Up-to-date: /home/ubuntu/ROS2/ros_workspace_name/act_mov_ws/install/act_mov_interfaces/lib/python3.12/site-packages/act_mov_interfaces/__init__.py
[0.893s] -- Up-to-date: /home/ubuntu/ROS2/ros_workspace_name/act_mov_ws/install/act_mov_interfaces/lib/python3.12/site-packages/act_mov_interfaces/act_mov_interfaces_s__rosidl_typesupport_fastrtps_c.so
[0.893s] -- Up-to-date: /home/ubuntu/ROS2/ros_workspace_name/act_mov_ws/install/act_mov_interfaces/lib/python3.12/site-packages/act_mov_interfaces/act_mov_interfaces_s__rosidl_typesupport_introspection_c.so
[0.893s] -- Up-to-date: /home/ubuntu/ROS2/ros_workspace_name/act_mov_ws/install/act_mov_interfaces/lib/python3.12/site-packages/act_mov_interfaces/_act_mov_interfaces_s.ep.rosidl_typesupport_fastrtps_c.c
[0.894s] -- Up-to-date: /home/ubuntu/ROS2/ros_workspace_name/act_mov_ws/install/act_mov_interfaces/lib/python3.12/site-packages/act_mov_interfaces/act_mov_interfaces_s__rosidl_typesupport_c.so
[0.945s] Listing '/home/ubuntu/ROS2/ros_workspace_name/act_mov_ws/install/act_mov_interfaces/lib/python3.12/site-packages/act_mov_interfaces'...
[0.945s] Listing '/home/ubuntu/ROS2/ros_workspace_name/act_mov_ws/install/act_mov_interfaces/lib/python3.12/site-packages/act_mov_interfaces/action'...
[0.955s] -- Up-to-date: /home/ubuntu/ROS2/ros_workspace_name/act_mov_ws/install/act_mov_interfaces/lib/python3.12/site-packages/act_mov_interfaces/act_mov_interfaces_s__rosidl_typesupport_fastrtps_c.so
[0.955s] -- Up-to-date: /home/ubuntu/ROS2/ros_workspace_name/act_mov_ws/install/act_mov_interfaces/lib/python3.12/site-packages/act_mov_interfaces/act_mov_interfaces_s__rosidl_typesupport_introspection_c.so
[0.955s] -- Up-to-date: /home/ubuntu/ROS2/ros_workspace_name/act_mov_ws/install/act_mov_interfaces/lib/python3.12/site-packages/act_mov_interfaces/act_mov_interfaces_s__rosidl_typesupport_c.so
[0.956s] -- Up-to-date: /home/ubuntu/ROS2/ros_workspace_name/act_mov_ws/install/act_mov_interfaces/lib/libact_mov_interfaces__rosidl_generator_py.so
[0.956s] -- Up-to-date: /home/ubuntu/ROS2/ros_workspace_name/act_mov_ws/install/act_mov_interfaces/share/act_mov_interfaces/action/Navigate.idl
[0.956s] -- Up-to-date: /home/ubuntu/ROS2/ros_workspace_name/act_mov_ws/install/act_mov_interfaces/share/act_mov_interfaces/action/Navigate.action
[0.957s] -- Up-to-date: /home/ubuntu/ROS2/ros_workspace_name/act_mov_ws/install/act_mov_interfaces/share/ament_index/resource_index/package_run_dependencies/act_mov_interfaces
[0.957s] -- Up-to-date: /home/ubuntu/ROS2/ros_workspace_name/act_mov_ws/install/act_mov_interfaces/share/ament_index/resource_index/parent_prefix_path/act_mov_interfaces
[0.957s] -- Up-to-date: /home/ubuntu/ROS2/ros_workspace_name/act_mov_ws/install/act_mov_interfaces/share/act_mov_interfaces/environment/ament_prefix_path.sh
[0.957s] -- Up-to-date: /home/ubuntu/ROS2/ros_workspace_name/act_mov_ws/install/act_mov_interfaces/share/act_mov_interfaces/environment/ament_prefix_path.dsv
[0.958s] -- Up-to-date: /home/ubuntu/ROS2/ros_workspace_name/act_mov_ws/install/act_mov_interfaces/share/act_mov_interfaces/environment/path.sh
[0.958s] -- Up-to-date: /home/ubuntu/ROS2/ros_workspace_name/act_mov_ws/install/act_mov_interfaces/share/act_mov_interfaces/environment/path.dsv
[0.958s] -- Up-to-date: /home/ubuntu/ROS2/ros_workspace_name/act_mov_ws/install/act_mov_interfaces/share/act_mov_interfaces/local_setup.bash
[0.958s] -- Up-to-date: /home/ubuntu/ROS2/ros_workspace_name/act_mov_ws/install/act_mov_interfaces/share/act_mov_interfaces/local_setup.sh
[0.959s] -- Up-to-date: /home/ubuntu/ROS2/ros_workspace_name/act_mov_ws/install/act_mov_interfaces/share/act_mov_interfaces/local_setup.zsh
[0.959s] -- Up-to-date: /home/ubuntu/ROS2/ros_workspace_name/act_mov_ws/install/act_mov_interfaces/share/act_mov_interfaces/local_setup.dsv
[0.959s] -- Installing: /home/ubuntu/ROS2/ros_workspace_name/act_mov_ws/install/act_mov_interfaces/share/act_mov_interfaces/package.dsv
[0.959s] -- Up-to-date: /home/ubuntu/ROS2/ros_workspace_name/act_mov_ws/install/act_mov_interfaces/share/ament_index/resource_index/packages/act_mov_interfaces
[0.960s] -- Up-to-date: /home/ubuntu/ROS2/ros_workspace_name/act_mov_ws/install/act_mov_interfaces/share/act_mov_interfaces/cmake/export_act_mov_interfaces__rosidl_generator_cExport.cmake
[0.960s] -- Up-to-date: /home/ubuntu/ROS2/ros_workspace_name/act_mov_ws/install/act_mov_interfaces/share/act_mov_interfaces/cmake/export_act_mov_interfaces__rosidl_generator_cExport-noconfig.cmake
[0.960s] -- Up-to-date: /home/ubuntu/ROS2/ros_workspace_name/act_mov_ws/install/act_mov_interfaces/share/act_mov_interfaces/cmake/export_act_mov_interfaces__rosidl_typesupport_fastrtps_cExport.cmake
[0.960s] -- Up-to-date: /home/ubuntu/ROS2/ros_workspace_name/act_mov_ws/install/act_mov_interfaces/share/act_mov_interfaces/cmake/export_act_mov_interfaces__rosidl_typesupport_fastrtps_cExport-noconfig.cmake
[0.960s] -- Up-to-date: /home/ubuntu/ROS2/ros_workspace_name/act_mov_ws/install/act_mov_interfaces/share/act_mov_interfaces/cmake/act_mov_interfaces__rosidl_typesupport_introspection_cExport.cmake
[0.960s] -- Up-to-date: /home/ubuntu/ROS2/ros_workspace_name/act_mov_ws/install/act_mov_interfaces/share/act_mov_interfaces/cmake/act_mov_interfaces__rosidl_typesupport_introspection_cExport-noconfig.cmake
[0.961s] -- Up-to-date: /home/ubuntu/ROS2/ros_workspace_name/act_mov_ws/install/act_mov_interfaces/share/act_mov_interfaces/cmake/act_mov_interfaces__rosidl_typesupport_cExport.cmake
[0.961s] -- Up-to-date: /home/ubuntu/ROS2/ros_workspace_name/act_mov_ws/install/act_mov_interfaces/share/act_mov_interfaces/cmake/act_mov_interfaces__rosidl_typesupport_cExport-noconfig.cmake
[0.961s] -- Up-to-date: /home/ubuntu/ROS2/ros_workspace_name/act_mov_ws/install/act_mov_interfaces/share/act_mov_interfaces/cmake/export_act_mov_interfaces__rosidl_generator_cppExport.cmake
[0.961s] -- Up-to-date: /home/ubuntu/ROS2/ros_workspace_name/act_mov_ws/install/act_mov_interfaces/share/act_mov_interfaces/cmake/export_act_mov_interfaces__rosidl_typesupport_fastrtps_cppExport.cmake
[0.961s] -- Up-to-date: /home/ubuntu/ROS2/ros_workspace_name/act_mov_ws/install/act_mov_interfaces/share/act_mov_interfaces/cmake/export_act_mov_interfaces__rosidl_typesupport_fastrtps_cppExport-noconfig.cmake
[0.961s] -- Up-to-date: /home/ubuntu/ROS2/ros_workspace_name/act_mov_ws/install/act_mov_interfaces/share/act_mov_interfaces/cmake/act_mov_interfaces__rosidl_typesupport_introspection_cppExport.cmake
[0.961s] -- Up-to-date: /home/ubuntu/ROS2/ros_workspace_name/act_mov_ws/install/act_mov_interfaces/share/act_mov_interfaces/cmake/act_mov_interfaces__rosidl_typesupport_introspection_cppExport-noconfig.cmake
[0.961s] -- Up-to-date: /home/ubuntu/ROS2/ros_workspace_name/act_mov_ws/install/act_mov_interfaces/share/act_mov_interfaces/cmake/act_mov_interfaces__rosidl_typesupport_cppExport.cmake
[0.962s] -- Up-to-date: /home/ubuntu/ROS2/ros_workspace_name/act_mov_ws/install/act_mov_interfaces/share/act_mov_interfaces/cmake/act_mov_interfaces__rosidl_typesupport_cppExport-noconfig.cmake
[0.962s] -- Up-to-date: /home/ubuntu/ROS2/ros_workspace_name/act_mov_ws/install/act_mov_interfaces/share/act_mov_interfaces/cmake/export_act_mov_interfaces__rosidl_generator_pyExport.cmake
[0.962s] -- Up-to-date: /home/ubuntu/ROS2/ros_workspace_name/act_mov_ws/install/act_mov_interfaces/share/act_mov_interfaces/cmake/export_act_mov_interfaces__rosidl_generator_pyExport-noconfig.cmake
[0.962s] -- Up-to-date: /home/ubuntu/ROS2/ros_workspace_name/act_mov_ws/install/act_mov_interfaces/share/act_mov_interfaces/cmake/rosidl_cmake-extras.cmake
[0.962s] -- Up-to-date: /home/ubuntu/ROS2/ros_workspace_name/act_mov_ws/install/act_mov_interfaces/share/act_mov_interfaces/cmake/ament_cmake_export_dependencies-extras.cmake
[0.962s] -- Up-to-date: /home/ubuntu/ROS2/ros_workspace_name/act_mov_ws/install/act_mov_interfaces/share/act_mov_interfaces/cmake/ament_cmake_export_include_directories-extras.cmake
[0.962s] -- Up-to-date: /home/ubuntu/ROS2/ros_workspace_name/act_mov_ws/install/act_mov_interfaces/share/act_mov_interfaces/cmake/ament_cmake_export_libraries-extras.cmake
[0.962s] -- Up-to-date: /home/ubuntu/ROS2/ros_workspace_name/act_mov_ws/install/act_mov_interfaces/share/act_mov_interfaces/cmake/ament_cmake_export_targets-extras.cmake
[0.963s] -- Up-to-date: /home/ubuntu/ROS2/ros_workspace_name/act_mov_ws/install/act_mov_interfaces/share/act_mov_interfaces/cmake/rosidl_cmake_export_typesupport_targets-extras.cmake
[0.963s] -- Up-to-date: /home/ubuntu/ROS2/ros_workspace_name/act_mov_ws/install/act_mov_interfaces/share/act_mov_interfaces/cmake/rosidl_cmake_export_typesupport_libraries-extras.cmake
[0.963s] -- Up-to-date: /home/ubuntu/ROS2/ros_workspace_name/act_mov_ws/install/act_mov_interfaces/share/act_mov_interfaces/cmake/act_mov_interfacesConfig.cmake
[0.963s] -- Up-to-date: /home/ubuntu/ROS2/ros_workspace_name/act_mov_ws/install/act_mov_interfaces/share/act_mov_interfaces/cmake/act_mov_interfacesConfig-version.cmake
[0.963s] -- Up-to-date: /home/ubuntu/ROS2/ros_workspace_name/act_mov_ws/install/act_mov_interfaces/share/act_mov_interfaces/package.xml
[0.964s] Invoked command in '/home/ubuntu/ROS2/ros_workspace_name/act_mov_ws/build/act_mov_interfaces' returned '0': CMAKE_PREFIX_PATH=${CMAKE_PREFIX_PATH}:/opt/ros/jazzy DEBUGINFOD_URLS=https://debuginfod.ubuntu.com /usr/bin/cmake --install /home/ubuntu/ROS2/ros_workspace_name/act_mov_ws/build/act_mov_interfaces
