-- Found ament_cmake: 2.5.4 (/opt/ros/jazzy/share/ament_cmake/cmake)
-- Found Python3: /usr/bin/python3 (found version "3.12.3") found components: Interpreter 
-- Found rclcpp: 28.1.9 (/opt/ros/jazzy/share/rclcpp/cmake)
-- Found rosidl_generator_c: 4.6.5 (/opt/ros/jazzy/share/rosidl_generator_c/cmake)
-- Found rosidl_generator_cpp: 4.6.5 (/opt/ros/jazzy/share/rosidl_generator_cpp/cmake)
-- Using all available rosidl_typesupport_c: rosidl_typesupport_fastrtps_c;rosidl_typesupport_introspection_c
-- Using all available rosidl_typesupport_cpp: rosidl_typesupport_fastrtps_cpp;rosidl_typesupport_introspection_cpp
-- Found rmw_implementation_cmake: 7.3.2 (/opt/ros/jazzy/share/rmw_implementation_cmake/cmake)
-- Found rmw_fastrtps_cpp: 8.4.2 (/opt/ros/jazzy/share/rmw_fastrtps_cpp/cmake)
-- Using RMW implementation 'rmw_fastrtps_cpp' as default
-- Found rclcpp_action: 28.1.9 (/opt/ros/jazzy/share/rclcpp_action/cmake)
-- Found std_msgs: 5.3.6 (/opt/ros/jazzy/share/std_msgs/cmake)
-- Found geometry_msgs: 5.3.6 (/opt/ros/jazzy/share/geometry_msgs/cmake)
-- Found act_mov_interfaces: 0.0.1 (/home/ubuntu/ROS2/ros_workspace_name/act_mov_ws/install/act_mov_interfaces/share/act_mov_interfaces/cmake)
-- Found ament_lint_auto: 0.17.2 (/opt/ros/jazzy/share/ament_lint_auto/cmake)
-- Added test 'cppcheck' to perform static code analysis on C / C++ code
-- Configured cppcheck include dirs: 
-- Configured cppcheck exclude dirs and/or files: 
-- Added test 'lint_cmake' to check CMake code style
-- Added test 'uncrustify' to check C / C++ code style
-- Configured uncrustify additional arguments: 
-- Added test 'xmllint' to check XML markup files
-- Configuring done (1.0s)
-- Generating done (0.0s)
-- Build files have been written to: /home/ubuntu/ROS2/ros_workspace_name/act_mov_ws/build/act_mov_pkg
[ 50%] [32mBuilding CXX object CMakeFiles/action_server.dir/src/action_server.cpp.o[0m
[01m[K/home/ubuntu/ROS2/ros_workspace_name/act_mov_ws/src/act_mov_pkg/src/action_server.cpp:[m[K In member function ‘[01m[Krclcpp_action::CancelResponse NavigateActionServerNode::[01;32m[Khandle_cancel[m[K(std::shared_ptr<rclcpp_action::ServerGoalHandle<act_mov_interfaces::action::Navigate> >)[m[K’:
[01m[K/home/ubuntu/ROS2/ros_workspace_name/act_mov_ws/src/act_mov_pkg/src/action_server.cpp:42:3:[m[K [01;35m[Kwarning: [m[Kno return statement in function returning non-void [[01;35m[K]8;;https://gcc.gnu.org/onlinedocs/gcc/Warning-Options.html#index-Wreturn-type-Wreturn-type]8;;[m[K]
   42 |   [01;35m[K}[m[K
      |   [01;35m[K^[m[K
[100%] [32m[1mLinking CXX executable action_server[0m
[100%] Built target action_server
-- Install configuration: ""
-- Installing: /home/ubuntu/ROS2/ros_workspace_name/act_mov_ws/install/act_mov_pkg/lib/act_mov_pkg/action_server
-- Set non-toolchain portion of runtime path of "/home/ubuntu/ROS2/ros_workspace_name/act_mov_ws/install/act_mov_pkg/lib/act_mov_pkg/action_server" to ""
-- Installing: /home/ubuntu/ROS2/ros_workspace_name/act_mov_ws/install/act_mov_pkg/share/ament_index/resource_index/package_run_dependencies/act_mov_pkg
-- Installing: /home/ubuntu/ROS2/ros_workspace_name/act_mov_ws/install/act_mov_pkg/share/ament_index/resource_index/parent_prefix_path/act_mov_pkg
-- Installing: /home/ubuntu/ROS2/ros_workspace_name/act_mov_ws/install/act_mov_pkg/share/act_mov_pkg/environment/ament_prefix_path.sh
-- Installing: /home/ubuntu/ROS2/ros_workspace_name/act_mov_ws/install/act_mov_pkg/share/act_mov_pkg/environment/ament_prefix_path.dsv
-- Installing: /home/ubuntu/ROS2/ros_workspace_name/act_mov_ws/install/act_mov_pkg/share/act_mov_pkg/environment/path.sh
-- Installing: /home/ubuntu/ROS2/ros_workspace_name/act_mov_ws/install/act_mov_pkg/share/act_mov_pkg/environment/path.dsv
-- Installing: /home/ubuntu/ROS2/ros_workspace_name/act_mov_ws/install/act_mov_pkg/share/act_mov_pkg/local_setup.bash
-- Installing: /home/ubuntu/ROS2/ros_workspace_name/act_mov_ws/install/act_mov_pkg/share/act_mov_pkg/local_setup.sh
-- Installing: /home/ubuntu/ROS2/ros_workspace_name/act_mov_ws/install/act_mov_pkg/share/act_mov_pkg/local_setup.zsh
-- Installing: /home/ubuntu/ROS2/ros_workspace_name/act_mov_ws/install/act_mov_pkg/share/act_mov_pkg/local_setup.dsv
-- Installing: /home/ubuntu/ROS2/ros_workspace_name/act_mov_ws/install/act_mov_pkg/share/act_mov_pkg/package.dsv
-- Installing: /home/ubuntu/ROS2/ros_workspace_name/act_mov_ws/install/act_mov_pkg/share/ament_index/resource_index/packages/act_mov_pkg
-- Installing: /home/ubuntu/ROS2/ros_workspace_name/act_mov_ws/install/act_mov_pkg/share/act_mov_pkg/cmake/act_mov_pkgConfig.cmake
-- Installing: /home/ubuntu/ROS2/ros_workspace_name/act_mov_ws/install/act_mov_pkg/share/act_mov_pkg/cmake/act_mov_pkgConfig-version.cmake
-- Installing: /home/ubuntu/ROS2/ros_workspace_name/act_mov_ws/install/act_mov_pkg/share/act_mov_pkg/package.xml
