[0.010s] Invoking command in '/home/ubuntu/ROS2/ros_workspace_name/pub_sub_ws/build/pub_sub_pkg': CMAKE_PREFIX_PATH=${CMAKE_PREFIX_PATH}:/opt/ros/jazzy DEBUGINFOD_URLS=https://debuginfod.ubuntu.com /usr/bin/cmake /home/ubuntu/ROS2/ros_workspace_name/pub_sub_ws/src/pub_sub_pkg -DCMAKE_INSTALL_PREFIX=/home/ubuntu/ROS2/ros_workspace_name/pub_sub_ws/install/pub_sub_pkg
[0.170s] -- The C compiler identification is GNU 13.3.0
[0.286s] -- The CXX compiler identification is GNU 13.3.0
[0.308s] -- Detecting C compiler ABI info
[0.415s] -- Detecting C compiler ABI info - done
[0.426s] -- Check for working C compiler: /usr/bin/cc - skipped
[0.426s] -- Detecting C compile features
[0.427s] -- Detecting C compile features - done
[0.439s] -- Detecting CXX compiler ABI info
[0.548s] -- Detecting CXX compiler ABI info - done
[0.559s] -- Check for working CXX compiler: /usr/bin/c++ - skipped
[0.559s] -- Detecting CXX compile features
[0.560s] -- Detecting CXX compile features - done
[0.564s] -- Found ament_cmake: 2.5.3 (/opt/ros/jazzy/share/ament_cmake/cmake)
[0.733s] -- Found Python3: /usr/bin/python3 (found version "3.12.3") found components: Interpreter 
[0.878s] -- Found ament_lint_auto: 0.17.1 (/opt/ros/jazzy/share/ament_lint_auto/cmake)
[1.012s] -- Added test 'lint_cmake' to check CMake code style
[1.015s] -- Added test 'xmllint' to check XML markup files
[1.017s] -- Configuring done (1.0s)
[1.020s] -- Generating done (0.0s)
[1.022s] -- Build files have been written to: /home/ubuntu/ROS2/ros_workspace_name/pub_sub_ws/build/pub_sub_pkg
[1.026s] Invoked command in '/home/ubuntu/ROS2/ros_workspace_name/pub_sub_ws/build/pub_sub_pkg' returned '0': CMAKE_PREFIX_PATH=${CMAKE_PREFIX_PATH}:/opt/ros/jazzy DEBUGINFOD_URLS=https://debuginfod.ubuntu.com /usr/bin/cmake /home/ubuntu/ROS2/ros_workspace_name/pub_sub_ws/src/pub_sub_pkg -DCMAKE_INSTALL_PREFIX=/home/ubuntu/ROS2/ros_workspace_name/pub_sub_ws/install/pub_sub_pkg
[1.028s] Invoking command in '/home/ubuntu/ROS2/ros_workspace_name/pub_sub_ws/build/pub_sub_pkg': CMAKE_PREFIX_PATH=${CMAKE_PREFIX_PATH}:/opt/ros/jazzy DEBUGINFOD_URLS=https://debuginfod.ubuntu.com /usr/bin/cmake --build /home/ubuntu/ROS2/ros_workspace_name/pub_sub_ws/build/pub_sub_pkg -- -j8 -l8
[1.072s] Invoked command in '/home/ubuntu/ROS2/ros_workspace_name/pub_sub_ws/build/pub_sub_pkg' returned '0': CMAKE_PREFIX_PATH=${CMAKE_PREFIX_PATH}:/opt/ros/jazzy DEBUGINFOD_URLS=https://debuginfod.ubuntu.com /usr/bin/cmake --build /home/ubuntu/ROS2/ros_workspace_name/pub_sub_ws/build/pub_sub_pkg -- -j8 -l8
[1.081s] Invoking command in '/home/ubuntu/ROS2/ros_workspace_name/pub_sub_ws/build/pub_sub_pkg': CMAKE_PREFIX_PATH=${CMAKE_PREFIX_PATH}:/opt/ros/jazzy DEBUGINFOD_URLS=https://debuginfod.ubuntu.com /usr/bin/cmake --install /home/ubuntu/ROS2/ros_workspace_name/pub_sub_ws/build/pub_sub_pkg
[1.090s] -- Install configuration: ""
[1.090s] -- Installing: /home/ubuntu/ROS2/ros_workspace_name/pub_sub_ws/install/pub_sub_pkg/share/ament_index/resource_index/package_run_dependencies/pub_sub_pkg
[1.090s] -- Installing: /home/ubuntu/ROS2/ros_workspace_name/pub_sub_ws/install/pub_sub_pkg/share/ament_index/resource_index/parent_prefix_path/pub_sub_pkg
[1.090s] -- Installing: /home/ubuntu/ROS2/ros_workspace_name/pub_sub_ws/install/pub_sub_pkg/share/pub_sub_pkg/environment/ament_prefix_path.sh
[1.090s] -- Installing: /home/ubuntu/ROS2/ros_workspace_name/pub_sub_ws/install/pub_sub_pkg/share/pub_sub_pkg/environment/ament_prefix_path.dsv
[1.090s] -- Installing: /home/ubuntu/ROS2/ros_workspace_name/pub_sub_ws/install/pub_sub_pkg/share/pub_sub_pkg/environment/path.sh
[1.091s] -- Installing: /home/ubuntu/ROS2/ros_workspace_name/pub_sub_ws/install/pub_sub_pkg/share/pub_sub_pkg/environment/path.dsv
[1.091s] -- Installing: /home/ubuntu/ROS2/ros_workspace_name/pub_sub_ws/install/pub_sub_pkg/share/pub_sub_pkg/local_setup.bash
[1.091s] -- Installing: /home/ubuntu/ROS2/ros_workspace_name/pub_sub_ws/install/pub_sub_pkg/share/pub_sub_pkg/local_setup.sh
[1.091s] -- Installing: /home/ubuntu/ROS2/ros_workspace_name/pub_sub_ws/install/pub_sub_pkg/share/pub_sub_pkg/local_setup.zsh
[1.091s] -- Installing: /home/ubuntu/ROS2/ros_workspace_name/pub_sub_ws/install/pub_sub_pkg/share/pub_sub_pkg/local_setup.dsv
[1.091s] -- Installing: /home/ubuntu/ROS2/ros_workspace_name/pub_sub_ws/install/pub_sub_pkg/share/pub_sub_pkg/package.dsv
[1.091s] -- Installing: /home/ubuntu/ROS2/ros_workspace_name/pub_sub_ws/install/pub_sub_pkg/share/ament_index/resource_index/packages/pub_sub_pkg
[1.091s] -- Installing: /home/ubuntu/ROS2/ros_workspace_name/pub_sub_ws/install/pub_sub_pkg/share/pub_sub_pkg/cmake/pub_sub_pkgConfig.cmake
[1.092s] -- Installing: /home/ubuntu/ROS2/ros_workspace_name/pub_sub_ws/install/pub_sub_pkg/share/pub_sub_pkg/cmake/pub_sub_pkgConfig-version.cmake
[1.092s] -- Installing: /home/ubuntu/ROS2/ros_workspace_name/pub_sub_ws/install/pub_sub_pkg/share/pub_sub_pkg/package.xml
[1.095s] Invoked command in '/home/ubuntu/ROS2/ros_workspace_name/pub_sub_ws/build/pub_sub_pkg' returned '0': CMAKE_PREFIX_PATH=${CMAKE_PREFIX_PATH}:/opt/ros/jazzy DEBUGINFOD_URLS=https://debuginfod.ubuntu.com /usr/bin/cmake --install /home/ubuntu/ROS2/ros_workspace_name/pub_sub_ws/build/pub_sub_pkg
