[0.244s] DEBUG:colcon:Command line arguments: ['/usr/bin/colcon', 'build', '--packages-select', 'act_mov_pkg', '--symlink-install']
[0.245s] DEBUG:colcon:Parsed command line arguments: Namespace(log_base=None, log_level=None, verb_name='build', build_base='build', install_base='install', merge_install=False, symlink_install=True, test_result_base=None, continue_on_error=False, executor='parallel', parallel_workers=8, event_handlers=None, ignore_user_meta=False, metas=['./colcon.meta'], base_paths=['.'], packages_ignore=None, packages_ignore_regex=None, paths=None, packages_up_to=None, packages_up_to_regex=None, packages_above=None, packages_above_and_dependencies=None, packages_above_depth=None, packages_select_by_dep=None, packages_skip_by_dep=None, packages_skip_up_to=None, packages_select_build_failed=False, packages_skip_build_finished=False, packages_select_test_failures=False, packages_skip_test_passed=False, packages_select=['act_mov_pkg'], packages_skip=None, packages_select_regex=None, packages_skip_regex=None, packages_start=None, packages_end=None, allow_overriding=[], cmake_args=None, cmake_target=None, cmake_target_skip_unavailable=False, cmake_clean_cache=False, cmake_clean_first=False, cmake_force_configure=False, ament_cmake_args=None, catkin_cmake_args=None, catkin_skip_building_tests=False, mixin_files=None, mixin=None, verb_parser=<colcon_mixin.mixin.mixin_argument.MixinArgumentDecorator object at 0x726921894440>, verb_extension=<colcon_core.verb.build.BuildVerb object at 0x7269219c3290>, main=<bound method BuildVerb.main of <colcon_core.verb.build.BuildVerb object at 0x7269219c3290>>, mixin_verb=('build',))
[0.307s] Level 1:colcon.colcon_core.package_discovery:discover_packages(colcon_meta) check parameters
[0.308s] Level 1:colcon.colcon_core.package_discovery:discover_packages(recursive) check parameters
[0.308s] Level 1:colcon.colcon_core.package_discovery:discover_packages(ignore) check parameters
[0.308s] Level 1:colcon.colcon_core.package_discovery:discover_packages(path) check parameters
[0.308s] Level 1:colcon.colcon_core.package_discovery:discover_packages(colcon_meta) discover
[0.308s] Level 1:colcon.colcon_core.package_discovery:discover_packages(recursive) discover
[0.308s] INFO:colcon.colcon_core.package_discovery:Crawling recursively for packages in '/home/ubuntu/ROS2/ros_workspace_name/act_mov_ws'
[0.308s] Level 1:colcon.colcon_core.package_identification:_identify(.) by extensions ['ignore', 'ignore_ament_install']
[0.308s] Level 1:colcon.colcon_core.package_identification:_identify(.) by extension 'ignore'
[0.308s] Level 1:colcon.colcon_core.package_identification:_identify(.) by extension 'ignore_ament_install'
[0.308s] Level 1:colcon.colcon_core.package_identification:_identify(.) by extensions ['colcon_pkg']
[0.308s] Level 1:colcon.colcon_core.package_identification:_identify(.) by extension 'colcon_pkg'
[0.308s] Level 1:colcon.colcon_core.package_identification:_identify(.) by extensions ['colcon_meta']
[0.308s] Level 1:colcon.colcon_core.package_identification:_identify(.) by extension 'colcon_meta'
[0.308s] Level 1:colcon.colcon_core.package_identification:_identify(.) by extensions ['ros']
[0.308s] Level 1:colcon.colcon_core.package_identification:_identify(.) by extension 'ros'
[0.348s] Level 1:colcon.colcon_core.package_identification:_identify(.) by extensions ['cmake', 'python']
[0.348s] Level 1:colcon.colcon_core.package_identification:_identify(.) by extension 'cmake'
[0.348s] Level 1:colcon.colcon_core.package_identification:_identify(.) by extension 'python'
[0.348s] Level 1:colcon.colcon_core.package_identification:_identify(.) by extensions ['python_setup_py']
[0.348s] Level 1:colcon.colcon_core.package_identification:_identify(.) by extension 'python_setup_py'
[0.348s] Level 1:colcon.colcon_core.package_identification:_identify(build) by extensions ['ignore', 'ignore_ament_install']
[0.348s] Level 1:colcon.colcon_core.package_identification:_identify(build) by extension 'ignore'
[0.349s] Level 1:colcon.colcon_core.package_identification:_identify(build) ignored
[0.349s] Level 1:colcon.colcon_core.package_identification:_identify(install) by extensions ['ignore', 'ignore_ament_install']
[0.349s] Level 1:colcon.colcon_core.package_identification:_identify(install) by extension 'ignore'
[0.349s] Level 1:colcon.colcon_core.package_identification:_identify(install) ignored
[0.349s] Level 1:colcon.colcon_core.package_identification:_identify(log) by extensions ['ignore', 'ignore_ament_install']
[0.349s] Level 1:colcon.colcon_core.package_identification:_identify(log) by extension 'ignore'
[0.349s] Level 1:colcon.colcon_core.package_identification:_identify(log) ignored
[0.349s] Level 1:colcon.colcon_core.package_identification:_identify(src) by extensions ['ignore', 'ignore_ament_install']
[0.349s] Level 1:colcon.colcon_core.package_identification:_identify(src) by extension 'ignore'
[0.350s] Level 1:colcon.colcon_core.package_identification:_identify(src) by extension 'ignore_ament_install'
[0.350s] Level 1:colcon.colcon_core.package_identification:_identify(src) by extensions ['colcon_pkg']
[0.350s] Level 1:colcon.colcon_core.package_identification:_identify(src) by extension 'colcon_pkg'
[0.350s] Level 1:colcon.colcon_core.package_identification:_identify(src) by extensions ['colcon_meta']
[0.350s] Level 1:colcon.colcon_core.package_identification:_identify(src) by extension 'colcon_meta'
[0.350s] Level 1:colcon.colcon_core.package_identification:_identify(src) by extensions ['ros']
[0.350s] Level 1:colcon.colcon_core.package_identification:_identify(src) by extension 'ros'
[0.350s] Level 1:colcon.colcon_core.package_identification:_identify(src) by extensions ['cmake', 'python']
[0.350s] Level 1:colcon.colcon_core.package_identification:_identify(src) by extension 'cmake'
[0.350s] Level 1:colcon.colcon_core.package_identification:_identify(src) by extension 'python'
[0.350s] Level 1:colcon.colcon_core.package_identification:_identify(src) by extensions ['python_setup_py']
[0.350s] Level 1:colcon.colcon_core.package_identification:_identify(src) by extension 'python_setup_py'
[0.351s] Level 1:colcon.colcon_core.package_identification:_identify(src/act_mov_interfaces) by extensions ['ignore', 'ignore_ament_install']
[0.351s] Level 1:colcon.colcon_core.package_identification:_identify(src/act_mov_interfaces) by extension 'ignore'
[0.351s] Level 1:colcon.colcon_core.package_identification:_identify(src/act_mov_interfaces) by extension 'ignore_ament_install'
[0.351s] Level 1:colcon.colcon_core.package_identification:_identify(src/act_mov_interfaces) by extensions ['colcon_pkg']
[0.351s] Level 1:colcon.colcon_core.package_identification:_identify(src/act_mov_interfaces) by extension 'colcon_pkg'
[0.351s] Level 1:colcon.colcon_core.package_identification:_identify(src/act_mov_interfaces) by extensions ['colcon_meta']
[0.351s] Level 1:colcon.colcon_core.package_identification:_identify(src/act_mov_interfaces) by extension 'colcon_meta'
[0.351s] Level 1:colcon.colcon_core.package_identification:_identify(src/act_mov_interfaces) by extensions ['ros']
[0.351s] Level 1:colcon.colcon_core.package_identification:_identify(src/act_mov_interfaces) by extension 'ros'
[0.355s] DEBUG:colcon.colcon_core.package_identification:Package 'src/act_mov_interfaces' with type 'ros.ament_cmake' and name 'act_mov_interfaces'
[0.355s] Level 1:colcon.colcon_core.package_identification:_identify(src/act_mov_pkg) by extensions ['ignore', 'ignore_ament_install']
[0.355s] Level 1:colcon.colcon_core.package_identification:_identify(src/act_mov_pkg) by extension 'ignore'
[0.355s] Level 1:colcon.colcon_core.package_identification:_identify(src/act_mov_pkg) by extension 'ignore_ament_install'
[0.355s] Level 1:colcon.colcon_core.package_identification:_identify(src/act_mov_pkg) by extensions ['colcon_pkg']
[0.355s] Level 1:colcon.colcon_core.package_identification:_identify(src/act_mov_pkg) by extension 'colcon_pkg'
[0.355s] Level 1:colcon.colcon_core.package_identification:_identify(src/act_mov_pkg) by extensions ['colcon_meta']
[0.355s] Level 1:colcon.colcon_core.package_identification:_identify(src/act_mov_pkg) by extension 'colcon_meta'
[0.355s] Level 1:colcon.colcon_core.package_identification:_identify(src/act_mov_pkg) by extensions ['ros']
[0.355s] Level 1:colcon.colcon_core.package_identification:_identify(src/act_mov_pkg) by extension 'ros'
[0.356s] DEBUG:colcon.colcon_core.package_identification:Package 'src/act_mov_pkg' with type 'ros.ament_cmake' and name 'act_mov_pkg'
[0.356s] Level 1:colcon.colcon_core.package_discovery:discover_packages(recursive) using defaults
[0.356s] Level 1:colcon.colcon_core.package_discovery:discover_packages(ignore) discover
[0.356s] Level 1:colcon.colcon_core.package_discovery:discover_packages(ignore) using defaults
[0.356s] Level 1:colcon.colcon_core.package_discovery:discover_packages(path) discover
[0.356s] Level 1:colcon.colcon_core.package_discovery:discover_packages(path) using defaults
[0.385s] INFO:colcon.colcon_core.package_selection:Skipping not selected package 'act_mov_interfaces' in 'src/act_mov_interfaces'
[0.386s] Level 1:colcon.colcon_core.package_discovery:discover_packages(prefix_path) check parameters
[0.386s] Level 1:colcon.colcon_core.package_discovery:discover_packages(prefix_path) discover
[0.391s] DEBUG:colcon.colcon_installed_package_information.package_discovery:Found 285 installed packages in /opt/ros/jazzy
[0.391s] Level 1:colcon.colcon_core.package_discovery:discover_packages(prefix_path) using defaults
[0.433s] Level 5:colcon.colcon_core.verb:set package 'act_mov_pkg' build argument 'cmake_args' from command line to 'None'
[0.433s] Level 5:colcon.colcon_core.verb:set package 'act_mov_pkg' build argument 'cmake_target' from command line to 'None'
[0.433s] Level 5:colcon.colcon_core.verb:set package 'act_mov_pkg' build argument 'cmake_target_skip_unavailable' from command line to 'False'
[0.434s] Level 5:colcon.colcon_core.verb:set package 'act_mov_pkg' build argument 'cmake_clean_cache' from command line to 'False'
[0.434s] Level 5:colcon.colcon_core.verb:set package 'act_mov_pkg' build argument 'cmake_clean_first' from command line to 'False'
[0.434s] Level 5:colcon.colcon_core.verb:set package 'act_mov_pkg' build argument 'cmake_force_configure' from command line to 'False'
[0.434s] Level 5:colcon.colcon_core.verb:set package 'act_mov_pkg' build argument 'ament_cmake_args' from command line to 'None'
[0.434s] Level 5:colcon.colcon_core.verb:set package 'act_mov_pkg' build argument 'catkin_cmake_args' from command line to 'None'
[0.434s] Level 5:colcon.colcon_core.verb:set package 'act_mov_pkg' build argument 'catkin_skip_building_tests' from command line to 'False'
[0.434s] DEBUG:colcon.colcon_core.verb:Building package 'act_mov_pkg' with the following arguments: {'ament_cmake_args': None, 'build_base': '/home/ubuntu/ROS2/ros_workspace_name/act_mov_ws/build/act_mov_pkg', 'catkin_cmake_args': None, 'catkin_skip_building_tests': False, 'cmake_args': None, 'cmake_clean_cache': False, 'cmake_clean_first': False, 'cmake_force_configure': False, 'cmake_target': None, 'cmake_target_skip_unavailable': False, 'install_base': '/home/ubuntu/ROS2/ros_workspace_name/act_mov_ws/install/act_mov_pkg', 'merge_install': False, 'path': '/home/ubuntu/ROS2/ros_workspace_name/act_mov_ws/src/act_mov_pkg', 'symlink_install': True, 'test_result_base': None}
[0.434s] INFO:colcon.colcon_core.executor:Executing jobs using 'parallel' executor
[0.435s] DEBUG:colcon.colcon_parallel_executor.executor.parallel:run_until_complete
[0.435s] INFO:colcon.colcon_ros.task.ament_cmake.build:Building ROS package in '/home/ubuntu/ROS2/ros_workspace_name/act_mov_ws/src/act_mov_pkg' with build type 'ament_cmake'
[0.435s] INFO:colcon.colcon_cmake.task.cmake.build:Building CMake package in '/home/ubuntu/ROS2/ros_workspace_name/act_mov_ws/src/act_mov_pkg'
[0.440s] INFO:colcon.colcon_core.plugin_system:Skipping extension 'colcon_core.shell.bat': Not used on non-Windows systems
[0.440s] INFO:colcon.colcon_core.shell:Skip shell extension 'powershell' for command environment: Not usable outside of PowerShell
[0.440s] DEBUG:colcon.colcon_core.shell:Skip shell extension 'dsv' for command environment
[0.448s] DEBUG:colcon.colcon_core.event_handler.log_command:Invoking command in '/home/ubuntu/ROS2/ros_workspace_name/act_mov_ws/build/act_mov_pkg': CMAKE_PREFIX_PATH=${CMAKE_PREFIX_PATH}:/opt/ros/jazzy DEBUGINFOD_URLS=https://debuginfod.ubuntu.com /usr/bin/cmake /home/ubuntu/ROS2/ros_workspace_name/act_mov_ws/src/act_mov_pkg -DAMENT_CMAKE_SYMLINK_INSTALL=1 -DCMAKE_INSTALL_PREFIX=/home/ubuntu/ROS2/ros_workspace_name/act_mov_ws/install/act_mov_pkg
[1.163s] DEBUG:colcon.colcon_core.event_handler.log_command:Invoked command in '/home/ubuntu/ROS2/ros_workspace_name/act_mov_ws/build/act_mov_pkg' returned '1': CMAKE_PREFIX_PATH=${CMAKE_PREFIX_PATH}:/opt/ros/jazzy DEBUGINFOD_URLS=https://debuginfod.ubuntu.com /usr/bin/cmake /home/ubuntu/ROS2/ros_workspace_name/act_mov_ws/src/act_mov_pkg -DAMENT_CMAKE_SYMLINK_INSTALL=1 -DCMAKE_INSTALL_PREFIX=/home/ubuntu/ROS2/ros_workspace_name/act_mov_ws/install/act_mov_pkg
[1.165s] Level 1:colcon.colcon_core.environment:create_environment_scripts_only(act_mov_pkg)
[1.169s] Level 1:colcon.colcon_core.environment:checking '/home/ubuntu/ROS2/ros_workspace_name/act_mov_ws/install/act_mov_pkg' for CMake module files
[1.170s] Level 1:colcon.colcon_core.environment:checking '/home/ubuntu/ROS2/ros_workspace_name/act_mov_ws/install/act_mov_pkg' for CMake config files
[1.171s] Level 1:colcon.colcon_core.shell:create_environment_hook('act_mov_pkg', 'cmake_prefix_path')
[1.171s] INFO:colcon.colcon_core.shell:Creating environment hook '/home/ubuntu/ROS2/ros_workspace_name/act_mov_ws/install/act_mov_pkg/share/act_mov_pkg/hook/cmake_prefix_path.ps1'
[1.172s] INFO:colcon.colcon_core.shell:Creating environment descriptor '/home/ubuntu/ROS2/ros_workspace_name/act_mov_ws/install/act_mov_pkg/share/act_mov_pkg/hook/cmake_prefix_path.dsv'
[1.173s] INFO:colcon.colcon_core.shell:Creating environment hook '/home/ubuntu/ROS2/ros_workspace_name/act_mov_ws/install/act_mov_pkg/share/act_mov_pkg/hook/cmake_prefix_path.sh'
[1.174s] Level 1:colcon.colcon_core.environment:checking '/home/ubuntu/ROS2/ros_workspace_name/act_mov_ws/install/act_mov_pkg/lib'
[1.174s] Level 1:colcon.colcon_core.environment:checking '/home/ubuntu/ROS2/ros_workspace_name/act_mov_ws/install/act_mov_pkg/bin'
[1.174s] Level 1:colcon.colcon_core.environment:checking '/home/ubuntu/ROS2/ros_workspace_name/act_mov_ws/install/act_mov_pkg/lib/pkgconfig/act_mov_pkg.pc'
[1.174s] Level 1:colcon.colcon_core.environment:checking '/home/ubuntu/ROS2/ros_workspace_name/act_mov_ws/install/act_mov_pkg/lib/python3.12/site-packages'
[1.174s] Level 1:colcon.colcon_core.environment:checking '/home/ubuntu/ROS2/ros_workspace_name/act_mov_ws/install/act_mov_pkg/bin'
[1.174s] INFO:colcon.colcon_core.shell:Creating package script '/home/ubuntu/ROS2/ros_workspace_name/act_mov_ws/install/act_mov_pkg/share/act_mov_pkg/package.ps1'
[1.175s] INFO:colcon.colcon_core.shell:Creating package descriptor '/home/ubuntu/ROS2/ros_workspace_name/act_mov_ws/install/act_mov_pkg/share/act_mov_pkg/package.dsv'
[1.176s] INFO:colcon.colcon_core.shell:Creating package script '/home/ubuntu/ROS2/ros_workspace_name/act_mov_ws/install/act_mov_pkg/share/act_mov_pkg/package.sh'
[1.176s] INFO:colcon.colcon_core.shell:Creating package script '/home/ubuntu/ROS2/ros_workspace_name/act_mov_ws/install/act_mov_pkg/share/act_mov_pkg/package.bash'
[1.177s] INFO:colcon.colcon_core.shell:Creating package script '/home/ubuntu/ROS2/ros_workspace_name/act_mov_ws/install/act_mov_pkg/share/act_mov_pkg/package.zsh'
[1.177s] Level 1:colcon.colcon_core.environment:create_file_with_runtime_dependencies(/home/ubuntu/ROS2/ros_workspace_name/act_mov_ws/install/act_mov_pkg/share/colcon-core/packages/act_mov_pkg)
[1.188s] DEBUG:colcon.colcon_parallel_executor.executor.parallel:closing loop
[1.188s] DEBUG:colcon.colcon_parallel_executor.executor.parallel:loop closed
[1.188s] DEBUG:colcon.colcon_parallel_executor.executor.parallel:run_until_complete finished with '1'
[1.188s] DEBUG:colcon.colcon_core.event_reactor:joining thread
[1.195s] INFO:colcon.colcon_core.plugin_system:Skipping extension 'colcon_notification.desktop_notification.terminal_notifier': Not used on non-Darwin systems
[1.195s] INFO:colcon.colcon_core.plugin_system:Skipping extension 'colcon_notification.desktop_notification.win32': Not used on non-Windows systems
[1.195s] INFO:colcon.colcon_notification.desktop_notification:Sending desktop notification using 'notify2'
[1.219s] DEBUG:colcon.colcon_core.event_reactor:joined thread
[1.219s] INFO:colcon.colcon_core.shell:Creating prefix script '/home/ubuntu/ROS2/ros_workspace_name/act_mov_ws/install/local_setup.ps1'
[1.221s] INFO:colcon.colcon_core.shell:Creating prefix util module '/home/ubuntu/ROS2/ros_workspace_name/act_mov_ws/install/_local_setup_util_ps1.py'
[1.222s] INFO:colcon.colcon_core.shell:Creating prefix chain script '/home/ubuntu/ROS2/ros_workspace_name/act_mov_ws/install/setup.ps1'
[1.224s] INFO:colcon.colcon_core.shell:Creating prefix script '/home/ubuntu/ROS2/ros_workspace_name/act_mov_ws/install/local_setup.sh'
[1.226s] INFO:colcon.colcon_core.shell:Creating prefix util module '/home/ubuntu/ROS2/ros_workspace_name/act_mov_ws/install/_local_setup_util_sh.py'
[1.227s] INFO:colcon.colcon_core.shell:Creating prefix chain script '/home/ubuntu/ROS2/ros_workspace_name/act_mov_ws/install/setup.sh'
[1.229s] INFO:colcon.colcon_core.shell:Creating prefix script '/home/ubuntu/ROS2/ros_workspace_name/act_mov_ws/install/local_setup.bash'
[1.230s] INFO:colcon.colcon_core.shell:Creating prefix chain script '/home/ubuntu/ROS2/ros_workspace_name/act_mov_ws/install/setup.bash'
[1.231s] INFO:colcon.colcon_core.shell:Creating prefix script '/home/ubuntu/ROS2/ros_workspace_name/act_mov_ws/install/local_setup.zsh'
[1.232s] INFO:colcon.colcon_core.shell:Creating prefix chain script '/home/ubuntu/ROS2/ros_workspace_name/act_mov_ws/install/setup.zsh'
